XANPAOZ2100_002162-T1	XANPAGTX0501_010272-T1	100.000	164	0	0	3	166	79	242	4.04e-119	335
XANPAOZ2100_002162-T1	XANPAGTX0501_001716-T1	100.000	164	0	0	3	166	120	283	1.96e-118	334
XANPAOZ2100_002163-T1	XANPAGTX0501_001719-T1	100.000	245	0	0	1	245	1	245	0.0	500
XANPAOZ2100_002164-T1	XANPAGTX0501_001720-T2	100.000	412	0	0	1	412	1	412	0.0	857
XANPAOZ2100_002164-T1	XANPAGTX0501_001720-T1	100.000	357	0	0	1	357	1	357	0.0	744
XANPAOZ2100_002165-T1	XANPAGTX0501_001721-T1	100.000	274	0	0	1	274	1	274	0.0	569
XANPAOZ2100_002165-T1	XANPAGTX0501_001721-T1	100.000	185	0	0	275	459	476	660	7.77e-128	387
XANPAOZ2100_002165-T1	XANPAGTX0501_010495-T1	52.620	439	186	4	4	441	5	422	4.19e-166	474
XANPAOZ2100_002166-T1	XANPAGTX0501_001723-T1	100.000	230	0	0	1	230	1	230	1.10e-173	475
XANPAOZ2100_002167-T1	XANPAGTX0501_001724-T1	99.232	1172	6	1	309	1480	32	1200	0.0	2382
XANPAOZ2100_002167-T1	XANPAGTX0501_001725-T1	99.661	295	1	0	1	295	1	295	0.0	625
XANPAOZ2100_002167-T1	XANPAGTX0501_010512-T1	37.134	307	176	6	1	301	123	418	6.03e-54	194
XANPARI20_008745-T1	XANPAGTX0501_001728-T1	87.075	147	2	1	124	253	4	150	5.86e-85	248
XANPARI20_008745-T1	XANPAGTX0501_001727-T1	100.000	88	0	0	15	102	107	194	2.33e-59	186
XANPARI20_008746-T1	XANPAGTX0501_001724-T1	99.572	1169	5	0	440	1608	32	1200	0.0	2396
XANPARI20_008746-T1	XANPAGTX0501_001725-T1	100.000	295	0	0	132	426	1	295	0.0	629
XANPARI20_008746-T1	XANPAGTX0501_010512-T1	40.183	438	236	8	1	432	1	418	4.76e-90	298
XANPARI20_008747-T1	XANPAGTX0501_001723-T1	100.000	230	0	0	1	230	1	230	1.10e-173	475
XANPARI20_008748-T1	XANPAGTX0501_001721-T1	100.000	347	0	0	1	347	1	347	0.0	719
XANPARI20_008748-T1	XANPAGTX0501_001721-T1	100.000	185	0	0	348	532	476	660	2.66e-127	389
XANPARI20_008748-T1	XANPAGTX0501_010495-T1	51.210	248	118	3	4	250	5	250	2.74e-82	262
XANPARI20_008748-T1	XANPAGTX0501_010495-T1	62.275	167	63	0	348	514	256	422	1.19e-69	229
XANPARI20_008749-T1	XANPAGTX0501_001720-T2	100.000	192	0	0	227	418	221	412	5.83e-138	399
XANPARI20_008749-T1	XANPAGTX0501_001720-T1	100.000	137	0	0	227	363	221	357	2.14e-93	285
XANPARI20_008750-T1	XANPAGTX0501_001719-T1	100.000	245	0	0	151	395	1	245	0.0	503
XANPARI20_008750-T1	XANPAGTX0501_001718-T1	99.315	146	1	0	1	146	1	146	3.32e-106	308
XANPARI20_008751-T1	XANPAGTX0501_001717-T1	98.925	93	0	1	1	92	1	93	5.37e-63	187
XANPARI20_008752-T1	XANPAGTX0501_001716-T1	100.000	242	0	0	1	242	42	283	0.0	496
XANPARI20_008752-T1	XANPAGTX0501_010272-T1	99.587	242	1	0	1	242	1	242	0.0	495
