XANPAOZ2100_002162-T1	2f16ac0a-771c-4183-ab7d-464dddd5479d;0b84be47-d215-429a-9cc7-69f2a0795823	77.439	164	37	0	3	166	31118	31609	1.54e-79	261
XANPAOZ2100_002162-T1	edd27cce-0349-47b8-af64-903718de1fbf;686f486f-23e6-4982-baf7-73d62f056ee9	75.000	164	41	0	3	166	8234	7743	6.63e-69	231
XANPAOZ2100_002162-T1	72d004c9-737c-4218-9628-46b4fc1ff0dc;e68fe3c6-437b-4550-9122-cbcdd068e200	68.421	133	38	1	3	131	3932	3534	1.94e-45	164
XANPAOZ2100_002166-T1	3155d6e2-a65e-4489-a904-2501206adcdf;fc3635a6-fe81-48e6-a5a8-45bb23c05bd6	80.150	267	15	3	1	230	4302	5099	3.37e-132	415
XANPAOZ2100_002166-T1	cb22d722-2861-43b4-b3d6-e4bfab016147;cad36233-88d8-4d0b-9604-88ca68310b15	77.528	267	23	2	1	230	11765	12565	1.58e-127	402
XANPAOZ2100_002166-T1	9f02ddec-ebf0-4441-ba48-33d9fe6e4dcd;9cee1662-3da6-4c74-998f-971d17613edb	85.635	181	9	1	67	230	64536	65078	9.28e-118	311
XANPAOZ2100_002166-T1	9f02ddec-ebf0-4441-ba48-33d9fe6e4dcd;9cee1662-3da6-4c74-998f-971d17613edb	95.522	67	3	0	1	67	64277	64477	9.28e-118	136
XANPAOZ2100_002166-T1	104f9d9d-4545-4bf1-b673-366a0b8cf9a4;b1c1d540-d21e-42c9-8946-b8a7da645a63	85.635	181	9	1	67	230	10378	10920	9.28e-118	311
XANPAOZ2100_002166-T1	104f9d9d-4545-4bf1-b673-366a0b8cf9a4;b1c1d540-d21e-42c9-8946-b8a7da645a63	95.522	67	3	0	1	67	10119	10319	9.28e-118	136
XANPAOZ2100_002166-T1	9e06c870-a742-4c17-88b8-f2a0daf56cef;7e6b1132-be4b-4959-9315-798dbf049f02	85.635	181	9	1	67	230	28884	28342	9.29e-118	311
XANPAOZ2100_002166-T1	9e06c870-a742-4c17-88b8-f2a0daf56cef;7e6b1132-be4b-4959-9315-798dbf049f02	95.522	67	3	0	1	67	29143	28943	9.29e-118	136
XANPAOZ2100_002166-T1	8295836f-a6d7-4c4b-9fd6-25dc4bca2d01;08ba7b32-0956-4389-ba2d-5716e25c1f6b	85.635	181	9	1	67	230	45718	46260	9.30e-118	311
XANPAOZ2100_002166-T1	8295836f-a6d7-4c4b-9fd6-25dc4bca2d01;08ba7b32-0956-4389-ba2d-5716e25c1f6b	95.522	67	3	0	1	67	45459	45659	9.30e-118	136
XANPAOZ2100_002166-T1	8927dea3-9b7a-420d-9964-7568f6c298cb;d223086d-29e5-4c5e-a7c3-a39bf7ba8452	85.635	181	9	1	67	230	3976	4518	9.30e-118	311
XANPAOZ2100_002166-T1	8927dea3-9b7a-420d-9964-7568f6c298cb;d223086d-29e5-4c5e-a7c3-a39bf7ba8452	95.522	67	3	0	1	67	3717	3917	9.30e-118	136
XANPAOZ2100_002166-T1	8917e6d9-1e4a-432b-8de1-d747d1242229;cb759adf-33e8-4052-90d7-4d645554eeae	85.635	181	9	1	67	230	37501	36959	9.30e-118	311
XANPAOZ2100_002166-T1	8917e6d9-1e4a-432b-8de1-d747d1242229;cb759adf-33e8-4052-90d7-4d645554eeae	95.522	67	3	0	1	67	37760	37560	9.30e-118	136
XANPAOZ2100_002166-T1	62845bc1-287e-4b92-97f3-f4cc25affa9d;609e2dbd-4342-406c-918c-c34147e8659e	85.635	181	9	1	67	230	26373	25831	9.30e-118	311
XANPAOZ2100_002166-T1	62845bc1-287e-4b92-97f3-f4cc25affa9d;609e2dbd-4342-406c-918c-c34147e8659e	95.522	67	3	0	1	67	26632	26432	9.30e-118	136
XANPAOZ2100_002166-T1	7ea634ec-06c9-4e54-9c4e-3ce8ea351398;c29fba24-139f-44b6-8a86-0ce358556477	85.635	181	9	1	67	230	31924	32466	9.31e-118	311
XANPAOZ2100_002166-T1	7ea634ec-06c9-4e54-9c4e-3ce8ea351398;c29fba24-139f-44b6-8a86-0ce358556477	95.522	67	3	0	1	67	31665	31865	9.31e-118	136
XANPAOZ2100_002166-T1	313d290b-395b-415e-8831-b098ed9b6fcc;40fabec0-17a1-4ef9-8156-5f1dfb7ba9a2	85.635	181	9	1	67	230	22658	22116	9.31e-118	311
XANPAOZ2100_002166-T1	313d290b-395b-415e-8831-b098ed9b6fcc;40fabec0-17a1-4ef9-8156-5f1dfb7ba9a2	95.522	67	3	0	1	67	22917	22717	9.31e-118	136
XANPAOZ2100_002166-T1	59e13cfd-3546-4f9f-a3d0-132821a81191;aa8be1e3-0353-4f95-b3d2-86586a21cd7c	85.635	181	9	1	67	230	14611	14069	9.31e-118	311
XANPAOZ2100_002166-T1	59e13cfd-3546-4f9f-a3d0-132821a81191;aa8be1e3-0353-4f95-b3d2-86586a21cd7c	95.522	67	3	0	1	67	14870	14670	9.31e-118	136
XANPAOZ2100_002166-T1	57a66524-1f3f-48c9-a692-2ff38cfb392c;1dfdc221-965a-470b-bb8b-a908ba16e14e	85.635	181	9	1	67	230	33371	32829	9.31e-118	311
XANPAOZ2100_002166-T1	57a66524-1f3f-48c9-a692-2ff38cfb392c;1dfdc221-965a-470b-bb8b-a908ba16e14e	95.522	67	3	0	1	67	33630	33430	9.31e-118	136
XANPAOZ2100_002166-T1	7308f927-2465-4faf-bf8c-2f511fd24fc9;cb059dc9-bda2-4e6c-9fa9-df2603789cb6	85.635	181	9	1	67	230	19911	20453	9.31e-118	311
XANPAOZ2100_002166-T1	7308f927-2465-4faf-bf8c-2f511fd24fc9;cb059dc9-bda2-4e6c-9fa9-df2603789cb6	95.522	67	3	0	1	67	19652	19852	9.31e-118	136
XANPAOZ2100_002166-T1	f76958d5-850f-4e7c-b309-8fbae0e36415;e350ad09-4765-4d8b-b0d9-3a8706616a41	85.635	181	9	1	67	230	29636	29094	9.31e-118	311
XANPAOZ2100_002166-T1	f76958d5-850f-4e7c-b309-8fbae0e36415;e350ad09-4765-4d8b-b0d9-3a8706616a41	95.522	67	3	0	1	67	29895	29695	9.31e-118	136
XANPAOZ2100_002166-T1	7954bff6-0064-4224-930c-dd525392e429;b0c7a13c-2f0f-4fe1-a091-8d1f4ea58226	85.635	181	9	1	67	230	18153	17611	9.32e-118	311
XANPAOZ2100_002166-T1	7954bff6-0064-4224-930c-dd525392e429;b0c7a13c-2f0f-4fe1-a091-8d1f4ea58226	95.522	67	3	0	1	67	18412	18212	9.32e-118	136
XANPAOZ2100_002166-T1	067a14f3-e1b0-44b1-a206-7e1500a634ec;87ccf049-fc0a-42de-b414-d8a621c1298b	85.635	181	9	1	67	230	18333	17791	9.32e-118	311
XANPAOZ2100_002166-T1	067a14f3-e1b0-44b1-a206-7e1500a634ec;87ccf049-fc0a-42de-b414-d8a621c1298b	95.522	67	3	0	1	67	18592	18392	9.32e-118	136
XANPAOZ2100_002166-T1	0e443b66-78b4-4789-bb7a-9487d88e3f2f;bc71fed2-4da1-4b8f-bfeb-58b75d81d52d	85.635	181	9	1	67	230	9332	8790	9.32e-118	311
XANPAOZ2100_002166-T1	0e443b66-78b4-4789-bb7a-9487d88e3f2f;bc71fed2-4da1-4b8f-bfeb-58b75d81d52d	95.522	67	3	0	1	67	9591	9391	9.32e-118	136
XANPAOZ2100_002166-T1	225af218-76e6-414b-8e31-03fa98eba224;46c8733e-f814-4137-918d-cd4894d4ab66	85.635	181	9	1	67	230	7674	8216	9.32e-118	311
XANPAOZ2100_002166-T1	225af218-76e6-414b-8e31-03fa98eba224;46c8733e-f814-4137-918d-cd4894d4ab66	95.522	67	3	0	1	67	7415	7615	9.32e-118	136
XANPAOZ2100_002166-T1	ea353239-4318-4fde-9885-45cc0560156e;9291bc06-3281-4ec6-88fa-ed1716982a4c	85.635	181	9	1	67	230	19382	19924	9.32e-118	311
XANPAOZ2100_002166-T1	ea353239-4318-4fde-9885-45cc0560156e;9291bc06-3281-4ec6-88fa-ed1716982a4c	95.522	67	3	0	1	67	19123	19323	9.32e-118	136
XANPAOZ2100_002166-T1	c7f7fa5b-035a-461b-8f87-e518e46f4655;4a6b7bc9-c185-44f2-a44a-336013b9c761	85.635	181	9	1	67	230	13729	13187	9.33e-118	311
XANPAOZ2100_002166-T1	c7f7fa5b-035a-461b-8f87-e518e46f4655;4a6b7bc9-c185-44f2-a44a-336013b9c761	95.522	67	3	0	1	67	13988	13788	9.33e-118	136
XANPAOZ2100_002166-T1	65aa8fb8-2276-43cf-a525-9adb68199eda;d7bf36b6-f532-4a48-b080-8a3bebe796fd	85.635	181	9	1	67	230	1759	1217	9.34e-118	311
XANPAOZ2100_002166-T1	65aa8fb8-2276-43cf-a525-9adb68199eda;d7bf36b6-f532-4a48-b080-8a3bebe796fd	95.522	67	3	0	1	67	2018	1818	9.34e-118	136
XANPAOZ2100_002166-T1	8a9049f4-c95c-408c-8a85-d1e5889d6550;1e036446-9e61-4b30-91dc-ce09219bb371	85.635	181	9	1	67	230	5058	4516	9.34e-118	311
XANPAOZ2100_002166-T1	8a9049f4-c95c-408c-8a85-d1e5889d6550;1e036446-9e61-4b30-91dc-ce09219bb371	95.522	67	3	0	1	67	5317	5117	9.34e-118	136
XANPAOZ2100_002166-T1	4a69af1c-d177-44cc-ac37-9710774fd443;7df141c6-09c9-426d-a200-33db3232d1b9	85.635	181	9	1	67	230	6555	6013	9.34e-118	311
XANPAOZ2100_002166-T1	4a69af1c-d177-44cc-ac37-9710774fd443;7df141c6-09c9-426d-a200-33db3232d1b9	95.522	67	3	0	1	67	6814	6614	9.34e-118	136
XANPAOZ2100_002166-T1	da17564e-e5cd-4007-9045-775a5f665e9a;310f5cdb-41bf-4697-a661-e0e036433156	85.635	181	9	1	67	230	10592	11134	9.34e-118	311
XANPAOZ2100_002166-T1	da17564e-e5cd-4007-9045-775a5f665e9a;310f5cdb-41bf-4697-a661-e0e036433156	95.522	67	3	0	1	67	10333	10533	9.34e-118	136
XANPAOZ2100_002166-T1	e8415c06-c3f6-463a-bb24-84d1bb8b4512;903897f8-9346-4cb1-ae19-16ce5c02da4e	85.635	181	9	1	67	230	5014	4472	9.35e-118	311
XANPAOZ2100_002166-T1	e8415c06-c3f6-463a-bb24-84d1bb8b4512;903897f8-9346-4cb1-ae19-16ce5c02da4e	95.522	67	3	0	1	67	5273	5073	9.35e-118	136
XANPAOZ2100_002166-T1	c23436f5-4821-4c70-8a08-a4d53ac6e8de;31883e16-01e6-4fb6-9553-2fdf1b4f1951	85.556	180	9	1	67	229	4117	3578	4.55e-117	308
XANPAOZ2100_002166-T1	c23436f5-4821-4c70-8a08-a4d53ac6e8de;31883e16-01e6-4fb6-9553-2fdf1b4f1951	95.522	67	3	0	1	67	4376	4176	4.55e-117	136
XANPAOZ2100_002166-T1	4eeb738a-4fc5-4433-a8d8-5a890081d27f;4bd0cdfc-accb-4a37-8809-81c238cc80f9	83.978	181	10	2	67	230	3282	2746	1.14e-114	301
XANPAOZ2100_002166-T1	4eeb738a-4fc5-4433-a8d8-5a890081d27f;4bd0cdfc-accb-4a37-8809-81c238cc80f9	95.522	67	3	0	1	67	3541	3341	1.14e-114	136
XANPAOZ2100_002166-T1	7f13d1f7-c5ef-4fa4-8e1c-a04294a12e49;e300398d-7550-4b6f-b6aa-7b9e4ef13960	85.635	181	9	1	67	230	14182	14724	4.47e-113	311
XANPAOZ2100_002166-T1	7f13d1f7-c5ef-4fa4-8e1c-a04294a12e49;e300398d-7550-4b6f-b6aa-7b9e4ef13960	95.455	44	2	0	24	67	13992	14123	4.47e-113	92.0
XANPAOZ2100_002166-T1	7f13d1f7-c5ef-4fa4-8e1c-a04294a12e49;e300398d-7550-4b6f-b6aa-7b9e4ef13960	100.000	23	0	0	1	23	13922	13990	4.47e-113	50.4
XANPAOZ2100_002166-T1	b48baaa6-8078-4c09-b873-9dc82485e3e6;f4d12f5b-6d93-4f5e-941d-5cba94b2c29d	81.046	153	12	1	95	230	848	390	4.79e-113	249
XANPAOZ2100_002166-T1	b48baaa6-8078-4c09-b873-9dc82485e3e6;f4d12f5b-6d93-4f5e-941d-5cba94b2c29d	95.522	67	3	0	1	67	1192	992	4.79e-113	136
XANPAOZ2100_002166-T1	b48baaa6-8078-4c09-b873-9dc82485e3e6;f4d12f5b-6d93-4f5e-941d-5cba94b2c29d	91.176	34	3	0	67	100	933	832	4.79e-113	68.6
XANPAOZ2100_002166-T1	144271da-e1c8-451c-91bd-cdaf349c243f;d0ca74fb-5e4d-494b-9173-aa5f1708535d	85.635	181	9	1	67	230	2420	2962	1.60e-112	311
XANPAOZ2100_002166-T1	144271da-e1c8-451c-91bd-cdaf349c243f;d0ca74fb-5e4d-494b-9173-aa5f1708535d	95.238	42	2	0	26	67	2236	2361	1.60e-112	89.0
XANPAOZ2100_002166-T1	144271da-e1c8-451c-91bd-cdaf349c243f;d0ca74fb-5e4d-494b-9173-aa5f1708535d	92.308	26	2	0	1	26	2160	2237	1.60e-112	51.6
XANPAOZ2100_002166-T1	48cd023d-ddde-4a0b-974d-7ee808299904;0d84b8b2-8518-43c2-936a-bc6940ea4d82	82.482	137	7	1	67	186	3495	3085	2.10e-110	228
XANPAOZ2100_002166-T1	48cd023d-ddde-4a0b-974d-7ee808299904;0d84b8b2-8518-43c2-936a-bc6940ea4d82	96.875	64	2	0	1	64	3752	3561	2.10e-110	134
XANPAOZ2100_002166-T1	48cd023d-ddde-4a0b-974d-7ee808299904;0d84b8b2-8518-43c2-936a-bc6940ea4d82	90.698	43	4	0	188	230	3083	2955	2.10e-110	82.4
XANPAOZ2100_002166-T1	c75c3f21-8f63-474d-a6ef-575a1e67a6fa;e025253f-ae6d-4e20-bde9-a7c4d211f093	76.959	217	13	2	46	225	4732	4082	2.06e-108	323
XANPAOZ2100_002166-T1	c75c3f21-8f63-474d-a6ef-575a1e67a6fa;e025253f-ae6d-4e20-bde9-a7c4d211f093	91.489	47	4	0	1	47	4869	4729	2.06e-108	92.8
XANPAOZ2100_002166-T1	83c39b9c-5c32-43fd-8750-2eefa37dc675;72ba2e88-dc77-4e5b-b02d-4ee5101f15f4	77.376	221	12	3	1	183	2012	1350	2.70e-102	330
XANPAOZ2100_002166-T1	bb364194-7171-4f99-9b51-b1f4ce1d9b79;8d627de3-b11e-4c5b-af5c-844f439890d5	59.854	274	59	6	1	230	20668	21468	1.69e-86	284
XANPAOZ2100_002166-T1	394d7408-ff68-4927-bcca-2a49772eea4a;862106aa-2072-4430-b7b6-b1472e4934b6	94.444	90	5	0	67	156	26269	26538	1.81e-77	176
XANPAOZ2100_002166-T1	394d7408-ff68-4927-bcca-2a49772eea4a;862106aa-2072-4430-b7b6-b1472e4934b6	95.522	67	3	0	1	67	26010	26210	1.81e-77	136
XANPAOZ2100_002166-T1	d22a02bc-0d8a-4711-a3dd-841af6edca82;89ec22ad-9407-4e8c-840b-4d5256535e49	58.772	228	42	6	1	183	31942	31280	2.27e-66	226
XANPAOZ2100_002166-T1	96e8edd9-a91d-4365-b3b4-d8988e9c44cf;c130e83f-9b92-4bef-b483-783f23093597	55.665	203	63	5	1	176	13068	12460	1.49e-51	184
XANPAOZ2100_002166-T1	9575be79-42dc-4568-a5bb-f1b143e9ca66;fd799f20-e5ce-4acd-8eda-a710c05d6a74	94.545	55	3	0	13	67	343	179	1.30e-42	112
XANPAOZ2100_002166-T1	9575be79-42dc-4568-a5bb-f1b143e9ca66;fd799f20-e5ce-4acd-8eda-a710c05d6a74	90.000	40	4	0	67	106	120	1	1.30e-42	79.0
XANPAOZ2100_002166-T1	9575be79-42dc-4568-a5bb-f1b143e9ca66;fd799f20-e5ce-4acd-8eda-a710c05d6a74	100.000	11	0	0	1	11	377	345	1.30e-42	25.4
XANPAOZ2100_002167-T1	d8c66f4c-1775-4222-96a5-af689b7b57a8;f5f99f65-3a43-4ad7-a791-37d608e6128c	37.820	1055	589	12	463	1472	5867	8965	0.0	605
XANPAOZ2100_002167-T1	d8c66f4c-1775-4222-96a5-af689b7b57a8;f5f99f65-3a43-4ad7-a791-37d608e6128c	53.571	84	36	1	365	445	5523	5774	0.0	80.9
XANPARI20_008746-T1	d8c66f4c-1775-4222-96a5-af689b7b57a8;f5f99f65-3a43-4ad7-a791-37d608e6128c	38.136	1041	577	12	605	1600	5909	8965	1.50e-179	605
XANPARI20_008747-T1	3155d6e2-a65e-4489-a904-2501206adcdf;fc3635a6-fe81-48e6-a5a8-45bb23c05bd6	80.150	267	15	3	1	230	4302	5099	3.37e-132	415
XANPARI20_008747-T1	cb22d722-2861-43b4-b3d6-e4bfab016147;cad36233-88d8-4d0b-9604-88ca68310b15	77.528	267	23	2	1	230	11765	12565	1.58e-127	402
XANPARI20_008747-T1	9f02ddec-ebf0-4441-ba48-33d9fe6e4dcd;9cee1662-3da6-4c74-998f-971d17613edb	85.635	181	9	1	67	230	64536	65078	9.28e-118	311
XANPARI20_008747-T1	9f02ddec-ebf0-4441-ba48-33d9fe6e4dcd;9cee1662-3da6-4c74-998f-971d17613edb	95.522	67	3	0	1	67	64277	64477	9.28e-118	136
XANPARI20_008747-T1	104f9d9d-4545-4bf1-b673-366a0b8cf9a4;b1c1d540-d21e-42c9-8946-b8a7da645a63	85.635	181	9	1	67	230	10378	10920	9.28e-118	311
XANPARI20_008747-T1	104f9d9d-4545-4bf1-b673-366a0b8cf9a4;b1c1d540-d21e-42c9-8946-b8a7da645a63	95.522	67	3	0	1	67	10119	10319	9.28e-118	136
XANPARI20_008747-T1	9e06c870-a742-4c17-88b8-f2a0daf56cef;7e6b1132-be4b-4959-9315-798dbf049f02	85.635	181	9	1	67	230	28884	28342	9.29e-118	311
XANPARI20_008747-T1	9e06c870-a742-4c17-88b8-f2a0daf56cef;7e6b1132-be4b-4959-9315-798dbf049f02	95.522	67	3	0	1	67	29143	28943	9.29e-118	136
XANPARI20_008747-T1	8295836f-a6d7-4c4b-9fd6-25dc4bca2d01;08ba7b32-0956-4389-ba2d-5716e25c1f6b	85.635	181	9	1	67	230	45718	46260	9.30e-118	311
XANPARI20_008747-T1	8295836f-a6d7-4c4b-9fd6-25dc4bca2d01;08ba7b32-0956-4389-ba2d-5716e25c1f6b	95.522	67	3	0	1	67	45459	45659	9.30e-118	136
XANPARI20_008747-T1	8927dea3-9b7a-420d-9964-7568f6c298cb;d223086d-29e5-4c5e-a7c3-a39bf7ba8452	85.635	181	9	1	67	230	3976	4518	9.30e-118	311
XANPARI20_008747-T1	8927dea3-9b7a-420d-9964-7568f6c298cb;d223086d-29e5-4c5e-a7c3-a39bf7ba8452	95.522	67	3	0	1	67	3717	3917	9.30e-118	136
XANPARI20_008747-T1	8917e6d9-1e4a-432b-8de1-d747d1242229;cb759adf-33e8-4052-90d7-4d645554eeae	85.635	181	9	1	67	230	37501	36959	9.30e-118	311
XANPARI20_008747-T1	8917e6d9-1e4a-432b-8de1-d747d1242229;cb759adf-33e8-4052-90d7-4d645554eeae	95.522	67	3	0	1	67	37760	37560	9.30e-118	136
XANPARI20_008747-T1	62845bc1-287e-4b92-97f3-f4cc25affa9d;609e2dbd-4342-406c-918c-c34147e8659e	85.635	181	9	1	67	230	26373	25831	9.30e-118	311
XANPARI20_008747-T1	62845bc1-287e-4b92-97f3-f4cc25affa9d;609e2dbd-4342-406c-918c-c34147e8659e	95.522	67	3	0	1	67	26632	26432	9.30e-118	136
XANPARI20_008747-T1	7ea634ec-06c9-4e54-9c4e-3ce8ea351398;c29fba24-139f-44b6-8a86-0ce358556477	85.635	181	9	1	67	230	31924	32466	9.31e-118	311
XANPARI20_008747-T1	7ea634ec-06c9-4e54-9c4e-3ce8ea351398;c29fba24-139f-44b6-8a86-0ce358556477	95.522	67	3	0	1	67	31665	31865	9.31e-118	136
XANPARI20_008747-T1	313d290b-395b-415e-8831-b098ed9b6fcc;40fabec0-17a1-4ef9-8156-5f1dfb7ba9a2	85.635	181	9	1	67	230	22658	22116	9.31e-118	311
XANPARI20_008747-T1	313d290b-395b-415e-8831-b098ed9b6fcc;40fabec0-17a1-4ef9-8156-5f1dfb7ba9a2	95.522	67	3	0	1	67	22917	22717	9.31e-118	136
XANPARI20_008747-T1	59e13cfd-3546-4f9f-a3d0-132821a81191;aa8be1e3-0353-4f95-b3d2-86586a21cd7c	85.635	181	9	1	67	230	14611	14069	9.31e-118	311
XANPARI20_008747-T1	59e13cfd-3546-4f9f-a3d0-132821a81191;aa8be1e3-0353-4f95-b3d2-86586a21cd7c	95.522	67	3	0	1	67	14870	14670	9.31e-118	136
XANPARI20_008747-T1	57a66524-1f3f-48c9-a692-2ff38cfb392c;1dfdc221-965a-470b-bb8b-a908ba16e14e	85.635	181	9	1	67	230	33371	32829	9.31e-118	311
XANPARI20_008747-T1	57a66524-1f3f-48c9-a692-2ff38cfb392c;1dfdc221-965a-470b-bb8b-a908ba16e14e	95.522	67	3	0	1	67	33630	33430	9.31e-118	136
XANPARI20_008747-T1	7308f927-2465-4faf-bf8c-2f511fd24fc9;cb059dc9-bda2-4e6c-9fa9-df2603789cb6	85.635	181	9	1	67	230	19911	20453	9.31e-118	311
XANPARI20_008747-T1	7308f927-2465-4faf-bf8c-2f511fd24fc9;cb059dc9-bda2-4e6c-9fa9-df2603789cb6	95.522	67	3	0	1	67	19652	19852	9.31e-118	136
XANPARI20_008747-T1	f76958d5-850f-4e7c-b309-8fbae0e36415;e350ad09-4765-4d8b-b0d9-3a8706616a41	85.635	181	9	1	67	230	29636	29094	9.31e-118	311
XANPARI20_008747-T1	f76958d5-850f-4e7c-b309-8fbae0e36415;e350ad09-4765-4d8b-b0d9-3a8706616a41	95.522	67	3	0	1	67	29895	29695	9.31e-118	136
XANPARI20_008747-T1	7954bff6-0064-4224-930c-dd525392e429;b0c7a13c-2f0f-4fe1-a091-8d1f4ea58226	85.635	181	9	1	67	230	18153	17611	9.32e-118	311
XANPARI20_008747-T1	7954bff6-0064-4224-930c-dd525392e429;b0c7a13c-2f0f-4fe1-a091-8d1f4ea58226	95.522	67	3	0	1	67	18412	18212	9.32e-118	136
XANPARI20_008747-T1	067a14f3-e1b0-44b1-a206-7e1500a634ec;87ccf049-fc0a-42de-b414-d8a621c1298b	85.635	181	9	1	67	230	18333	17791	9.32e-118	311
XANPARI20_008747-T1	067a14f3-e1b0-44b1-a206-7e1500a634ec;87ccf049-fc0a-42de-b414-d8a621c1298b	95.522	67	3	0	1	67	18592	18392	9.32e-118	136
XANPARI20_008747-T1	0e443b66-78b4-4789-bb7a-9487d88e3f2f;bc71fed2-4da1-4b8f-bfeb-58b75d81d52d	85.635	181	9	1	67	230	9332	8790	9.32e-118	311
XANPARI20_008747-T1	0e443b66-78b4-4789-bb7a-9487d88e3f2f;bc71fed2-4da1-4b8f-bfeb-58b75d81d52d	95.522	67	3	0	1	67	9591	9391	9.32e-118	136
XANPARI20_008747-T1	225af218-76e6-414b-8e31-03fa98eba224;46c8733e-f814-4137-918d-cd4894d4ab66	85.635	181	9	1	67	230	7674	8216	9.32e-118	311
XANPARI20_008747-T1	225af218-76e6-414b-8e31-03fa98eba224;46c8733e-f814-4137-918d-cd4894d4ab66	95.522	67	3	0	1	67	7415	7615	9.32e-118	136
XANPARI20_008747-T1	ea353239-4318-4fde-9885-45cc0560156e;9291bc06-3281-4ec6-88fa-ed1716982a4c	85.635	181	9	1	67	230	19382	19924	9.32e-118	311
XANPARI20_008747-T1	ea353239-4318-4fde-9885-45cc0560156e;9291bc06-3281-4ec6-88fa-ed1716982a4c	95.522	67	3	0	1	67	19123	19323	9.32e-118	136
XANPARI20_008747-T1	c7f7fa5b-035a-461b-8f87-e518e46f4655;4a6b7bc9-c185-44f2-a44a-336013b9c761	85.635	181	9	1	67	230	13729	13187	9.33e-118	311
XANPARI20_008747-T1	c7f7fa5b-035a-461b-8f87-e518e46f4655;4a6b7bc9-c185-44f2-a44a-336013b9c761	95.522	67	3	0	1	67	13988	13788	9.33e-118	136
XANPARI20_008747-T1	65aa8fb8-2276-43cf-a525-9adb68199eda;d7bf36b6-f532-4a48-b080-8a3bebe796fd	85.635	181	9	1	67	230	1759	1217	9.34e-118	311
XANPARI20_008747-T1	65aa8fb8-2276-43cf-a525-9adb68199eda;d7bf36b6-f532-4a48-b080-8a3bebe796fd	95.522	67	3	0	1	67	2018	1818	9.34e-118	136
XANPARI20_008747-T1	8a9049f4-c95c-408c-8a85-d1e5889d6550;1e036446-9e61-4b30-91dc-ce09219bb371	85.635	181	9	1	67	230	5058	4516	9.34e-118	311
XANPARI20_008747-T1	8a9049f4-c95c-408c-8a85-d1e5889d6550;1e036446-9e61-4b30-91dc-ce09219bb371	95.522	67	3	0	1	67	5317	5117	9.34e-118	136
XANPARI20_008747-T1	4a69af1c-d177-44cc-ac37-9710774fd443;7df141c6-09c9-426d-a200-33db3232d1b9	85.635	181	9	1	67	230	6555	6013	9.34e-118	311
XANPARI20_008747-T1	4a69af1c-d177-44cc-ac37-9710774fd443;7df141c6-09c9-426d-a200-33db3232d1b9	95.522	67	3	0	1	67	6814	6614	9.34e-118	136
XANPARI20_008747-T1	da17564e-e5cd-4007-9045-775a5f665e9a;310f5cdb-41bf-4697-a661-e0e036433156	85.635	181	9	1	67	230	10592	11134	9.34e-118	311
XANPARI20_008747-T1	da17564e-e5cd-4007-9045-775a5f665e9a;310f5cdb-41bf-4697-a661-e0e036433156	95.522	67	3	0	1	67	10333	10533	9.34e-118	136
XANPARI20_008747-T1	e8415c06-c3f6-463a-bb24-84d1bb8b4512;903897f8-9346-4cb1-ae19-16ce5c02da4e	85.635	181	9	1	67	230	5014	4472	9.35e-118	311
XANPARI20_008747-T1	e8415c06-c3f6-463a-bb24-84d1bb8b4512;903897f8-9346-4cb1-ae19-16ce5c02da4e	95.522	67	3	0	1	67	5273	5073	9.35e-118	136
XANPARI20_008747-T1	c23436f5-4821-4c70-8a08-a4d53ac6e8de;31883e16-01e6-4fb6-9553-2fdf1b4f1951	85.556	180	9	1	67	229	4117	3578	4.55e-117	308
XANPARI20_008747-T1	c23436f5-4821-4c70-8a08-a4d53ac6e8de;31883e16-01e6-4fb6-9553-2fdf1b4f1951	95.522	67	3	0	1	67	4376	4176	4.55e-117	136
XANPARI20_008747-T1	4eeb738a-4fc5-4433-a8d8-5a890081d27f;4bd0cdfc-accb-4a37-8809-81c238cc80f9	83.978	181	10	2	67	230	3282	2746	1.14e-114	301
XANPARI20_008747-T1	4eeb738a-4fc5-4433-a8d8-5a890081d27f;4bd0cdfc-accb-4a37-8809-81c238cc80f9	95.522	67	3	0	1	67	3541	3341	1.14e-114	136
XANPARI20_008747-T1	7f13d1f7-c5ef-4fa4-8e1c-a04294a12e49;e300398d-7550-4b6f-b6aa-7b9e4ef13960	85.635	181	9	1	67	230	14182	14724	4.47e-113	311
XANPARI20_008747-T1	7f13d1f7-c5ef-4fa4-8e1c-a04294a12e49;e300398d-7550-4b6f-b6aa-7b9e4ef13960	95.455	44	2	0	24	67	13992	14123	4.47e-113	92.0
XANPARI20_008747-T1	7f13d1f7-c5ef-4fa4-8e1c-a04294a12e49;e300398d-7550-4b6f-b6aa-7b9e4ef13960	100.000	23	0	0	1	23	13922	13990	4.47e-113	50.4
XANPARI20_008747-T1	b48baaa6-8078-4c09-b873-9dc82485e3e6;f4d12f5b-6d93-4f5e-941d-5cba94b2c29d	81.046	153	12	1	95	230	848	390	4.79e-113	249
XANPARI20_008747-T1	b48baaa6-8078-4c09-b873-9dc82485e3e6;f4d12f5b-6d93-4f5e-941d-5cba94b2c29d	95.522	67	3	0	1	67	1192	992	4.79e-113	136
XANPARI20_008747-T1	b48baaa6-8078-4c09-b873-9dc82485e3e6;f4d12f5b-6d93-4f5e-941d-5cba94b2c29d	91.176	34	3	0	67	100	933	832	4.79e-113	68.6
XANPARI20_008747-T1	144271da-e1c8-451c-91bd-cdaf349c243f;d0ca74fb-5e4d-494b-9173-aa5f1708535d	85.635	181	9	1	67	230	2420	2962	1.60e-112	311
XANPARI20_008747-T1	144271da-e1c8-451c-91bd-cdaf349c243f;d0ca74fb-5e4d-494b-9173-aa5f1708535d	95.238	42	2	0	26	67	2236	2361	1.60e-112	89.0
XANPARI20_008747-T1	144271da-e1c8-451c-91bd-cdaf349c243f;d0ca74fb-5e4d-494b-9173-aa5f1708535d	92.308	26	2	0	1	26	2160	2237	1.60e-112	51.6
XANPARI20_008747-T1	48cd023d-ddde-4a0b-974d-7ee808299904;0d84b8b2-8518-43c2-936a-bc6940ea4d82	82.482	137	7	1	67	186	3495	3085	2.10e-110	228
XANPARI20_008747-T1	48cd023d-ddde-4a0b-974d-7ee808299904;0d84b8b2-8518-43c2-936a-bc6940ea4d82	96.875	64	2	0	1	64	3752	3561	2.10e-110	134
XANPARI20_008747-T1	48cd023d-ddde-4a0b-974d-7ee808299904;0d84b8b2-8518-43c2-936a-bc6940ea4d82	90.698	43	4	0	188	230	3083	2955	2.10e-110	82.4
XANPARI20_008747-T1	c75c3f21-8f63-474d-a6ef-575a1e67a6fa;e025253f-ae6d-4e20-bde9-a7c4d211f093	76.959	217	13	2	46	225	4732	4082	2.06e-108	323
XANPARI20_008747-T1	c75c3f21-8f63-474d-a6ef-575a1e67a6fa;e025253f-ae6d-4e20-bde9-a7c4d211f093	91.489	47	4	0	1	47	4869	4729	2.06e-108	92.8
XANPARI20_008747-T1	83c39b9c-5c32-43fd-8750-2eefa37dc675;72ba2e88-dc77-4e5b-b02d-4ee5101f15f4	77.376	221	12	3	1	183	2012	1350	2.70e-102	330
XANPARI20_008747-T1	bb364194-7171-4f99-9b51-b1f4ce1d9b79;8d627de3-b11e-4c5b-af5c-844f439890d5	59.854	274	59	6	1	230	20668	21468	1.69e-86	284
XANPARI20_008747-T1	394d7408-ff68-4927-bcca-2a49772eea4a;862106aa-2072-4430-b7b6-b1472e4934b6	94.444	90	5	0	67	156	26269	26538	1.81e-77	176
XANPARI20_008747-T1	394d7408-ff68-4927-bcca-2a49772eea4a;862106aa-2072-4430-b7b6-b1472e4934b6	95.522	67	3	0	1	67	26010	26210	1.81e-77	136
XANPARI20_008747-T1	d22a02bc-0d8a-4711-a3dd-841af6edca82;89ec22ad-9407-4e8c-840b-4d5256535e49	58.772	228	42	6	1	183	31942	31280	2.27e-66	226
XANPARI20_008747-T1	96e8edd9-a91d-4365-b3b4-d8988e9c44cf;c130e83f-9b92-4bef-b483-783f23093597	55.665	203	63	5	1	176	13068	12460	1.49e-51	184
XANPARI20_008747-T1	9575be79-42dc-4568-a5bb-f1b143e9ca66;fd799f20-e5ce-4acd-8eda-a710c05d6a74	94.545	55	3	0	13	67	343	179	1.30e-42	112
XANPARI20_008747-T1	9575be79-42dc-4568-a5bb-f1b143e9ca66;fd799f20-e5ce-4acd-8eda-a710c05d6a74	90.000	40	4	0	67	106	120	1	1.30e-42	79.0
XANPARI20_008747-T1	9575be79-42dc-4568-a5bb-f1b143e9ca66;fd799f20-e5ce-4acd-8eda-a710c05d6a74	100.000	11	0	0	1	11	377	345	1.30e-42	25.4
XANPARI20_008752-T1	2f16ac0a-771c-4183-ab7d-464dddd5479d;0b84be47-d215-429a-9cc7-69f2a0795823	62.705	244	79	4	4	242	30899	31609	1.51e-84	279
XANPARI20_008752-T1	edd27cce-0349-47b8-af64-903718de1fbf;686f486f-23e6-4982-baf7-73d62f056ee9	66.355	214	59	3	42	242	8384	7743	3.76e-79	249
XANPARI20_008752-T1	edd27cce-0349-47b8-af64-903718de1fbf;686f486f-23e6-4982-baf7-73d62f056ee9	86.842	38	5	0	1	38	8521	8408	3.76e-79	68.9
XANPARI20_008752-T1	72d004c9-737c-4218-9628-46b4fc1ff0dc;e68fe3c6-437b-4550-9122-cbcdd068e200	58.590	227	74	4	1	207	4214	3534	1.78e-62	216
XANPARI20_008752-T1	e32b196d-0d55-48fb-a238-9b661b62562c;a8d7576d-7a83-43f3-a747-e81842a5159a	53.846	195	71	1	16	191	14504	13920	3.11e-57	178
XANPARI20_008752-T1	e32b196d-0d55-48fb-a238-9b661b62562c;a8d7576d-7a83-43f3-a747-e81842a5159a	55.319	47	21	0	195	241	13908	13768	3.11e-57	57.0
XANPARI20_008752-T1	e32b196d-0d55-48fb-a238-9b661b62562c;a8d7576d-7a83-43f3-a747-e81842a5159a	75.000	16	4	0	1	16	14550	14503	3.11e-57	31.2
