contig_18_pilon_pilon	97479	1005	contig_18_pilon_pilon	HG992983.1	83.898	1062	162	6	1233790	1234848	2001449	2000394	0.0
contig_13_pilon_pilon	560253	797	contig_13_pilon_pilon	XM_037296312.1	78.630	1212	251	8	1065656	1066863	1208	1	0.0
contig_23_pilon_pilon	160068	3736	contig_23_pilon_pilon	EU123947.1	98.536	2117	29	2	21250	23365	5132	3017	0.0
contig_5_pilon_pilon	1316788	1893	contig_5_pilon_pilon	XM_031150749.1	87.958	1611	186	8	715256	716862	1	1607	0.0
contig_11_pilon_pilon	5061	1585	contig_11_pilon_pilon	AM270094.1	78.947	2394	456	33	1717540	1719900	22857	25235	0.0
contig_2_pilon_pilon	88742	1382	contig_2_pilon_pilon	AY536846.1	92.627	963	68	3	930410	931370	1	962	0.0
contig_21_pilon_pilon	61186	2049	contig_21_pilon_pilon	MW794308.1	90.633	1548	138	7	62119	63661	45687	44142	0.0
contig_8_pilon_pilon	88742	8288	contig_8_pilon_pilon	DQ660910.3	88.072	7042	773	43	1821929	1828946	7706	708	0.0
contig_19_pilon_pilon	560253	2992	contig_19_pilon_pilon	XM_037292569.1	76.737	5511	1193	71	3486952	3492410	1	5474	0.0
contig_28_pilon_pilon	300846	4831	contig_28_pilon_pilon	MW471029.1	99.810	2631	5	0	1150	3780	2	2632	0.0
contig_6_pilon_pilon	2656787	6850	contig_6_pilon_pilon	XM_032017123.1	86.182	6354	857	17	2128809	2135150	6952	608	0.0
contig_3_pilon_pilon	560253	2922	contig_3_pilon_pilon	XM_037298232.1	93.613	1957	125	0	1547554	1549510	1	1957	0.0
contig_7_pilon_pilon	169141	5463	contig_7_pilon_pilon	KY070338.1	93.472	3692	219	18	1705	5389	4676	8352	0.0
contig_1_pilon_pilon	107463	3773	contig_1_pilon_pilon	AJ884600.1	89.943	2983	220	49	862836	865764	1	2957	0.0
contig_10_pilon_pilon	2029752	2283	contig_10_pilon_pilon	CP064896.1	90.877	1710	145	8	2164073	2165775	5230899	5232604	0.0
contig_12_pilon_pilon	1073089	1205	contig_12_pilon_pilon	XM_040827887.1	74.431	2945	686	53	1436194	1439112	3699	796	0.0
contig_9_pilon_pilon	77133	2362	contig_9_pilon_pilon	KP445975.1	81.857	2844	482	25	952306	955137	25857	23036	0.0
contig_4_pilon_pilon	112416	5474	contig_4_pilon_pilon	XM_037306166.1	80.702	7089	1326	39	748375	755442	1	7068	0.0
contig_27_pilon_pilon	160068	4325	contig_27_pilon_pilon	EU123975.1	99.578	2372	10	0	53918	56289	3851	1480	0.0
contig_22_pilon_pilon	1095194	1048	contig_22_pilon_pilon	XM_038888127.1	83.721	1118	173	9	1984684	1985796	40	1153	0.0
