IQ-TREE version 3.0.1 for Linux x86 64-bit built May  5 2025
Developed by Bui Quang Minh, Thomas Wong, Nhan Ly-Trong, Huaiyan Ren
Contributed by Lam-Tung Nguyen, Dominik Schrempf, Chris Bielow,
Olga Chernomor, Michael Woodhams, Diep Thi Hoang, Heiko Schmidt

Host:    nbrown43-4839155.4-e2464.chtc.wisc.edu (AVX2, FMA3, 251 GB RAM)
Command: iqtree3 -s /staging/groups/gluckthaler_group/noah/Lichens/Tangerine_Manuscript/HGT/Clade_E_Plus_Outgroup_trimmed.mafft.clipkit -B 1000 -m MFP --alrt 1000 -nt 10 -st AA -pre Clade_E.phylo -mem 10G
Seed:    363537 (Using SPRNG - Scalable Parallel Random Number Generator)
Time:    Sun Apr  5 22:05:27 2026
Kernel:  AVX+FMA - 10 threads (64 CPU cores detected)

Reading alignment file /staging/groups/gluckthaler_group/noah/Lichens/Tangerine_Manuscript/HGT/Clade_E_Plus_Outgroup_trimmed.mafft.clipkit ... Fasta format detected
Reading fasta file: done in 0.000250762 secs using 22.73% CPU
Alignment most likely contains protein sequences
Constructing alignment: done in 0.00028648 secs using 120.4% CPU
Alignment has 16 sequences with 392 columns, 303 distinct patterns
173 parsimony-informative, 0 singleton sites, 219 constant sites
                                    Gap/Ambiguity  Composition  p-value
Analyzing sequences: done in 2.05589e-05 secs using 92.42% CPU
   1  endocarpon.pusillum.2_tyr787         25.51%    passed     99.50%
   2  umbilicaria.spodochroa.1_tyr1537      1.02%    passed     99.99%
   3  botryolepraria.lesdainii.1_tyr1709   25.51%    passed     99.98%
   4  endocarpon.pusillum.2_tyr1873        12.24%    passed     99.96%
   5  endocarpon.pusillum.2_tyr2473        30.36%    passed     99.25%
   6  endocarpon.pusillum.2_tyr2477        22.96%    passed     99.99%
   7  umbilicaria.grisea.2_tyr2583          1.02%    passed     99.99%
   8  endocarpon.pusillum.2_tyr2649        11.99%    passed    100.00%
   9  endocarpon.pusillum.2_tyr2708        22.70%    passed    100.00%
  10  endocarpon.pusillum.2_tyr2775        14.03%    passed     99.99%
  11  umbilicaria.grisea.3_tyr2972          2.04%    passed    100.00%
  12  umbilicaria.grisea.1_tyr3322          2.04%    passed    100.00%
  13  endocarpon.pusillum.2_tyr3371        15.56%    passed    100.00%
  14  endocarpon.pusillum.1_tyr3655        43.88%    passed     78.74%
  15  umbilicaria.spodochroa.3_tyr3906      1.02%    passed     99.99%
  16  zalvar1_685428                       33.16%    passed     95.80%
****  TOTAL                                16.57%  0 sequences failed composition chi2 test (p-value<5%; df=19)
NOTE: umbilicaria.grisea.2_tyr2583 is identical to umbilicaria.spodochroa.1_tyr1537 but kept for subsequent analysis
NOTE: umbilicaria.grisea.1_tyr3322 is identical to umbilicaria.grisea.3_tyr2972 but kept for subsequent analysis
Checking for duplicate sequences: done in 6.61332e-05 secs using 74.09% CPU
Identifying sites to remove: done in 0.000176822 secs using 96.71% CPU
NOTE: 1 identical sequences (see below) will be ignored for subsequent analysis
NOTE: umbilicaria.spodochroa.3_tyr3906 (identical to umbilicaria.spodochroa.1_tyr1537) is ignored but added at the end
Alignment was printed to Clade_E.phylo.uniqueseq.phy

For your convenience alignment with unique sequences printed to Clade_E.phylo.uniqueseq.phy


Create initial parsimony tree by phylogenetic likelihood library (PLL)... 0.001 seconds
Perform fast likelihood tree search using LG+I+G model...
Estimate model parameters (epsilon = 5.000)
Perform nearest neighbor interchange...
Optimizing NNI: done in 0.0339076 secs using 963.5% CPU
Estimate model parameters (epsilon = 1.000)
1. Initial log-likelihood: -3025.368
Optimal log-likelihood: -3024.568
Proportion of invariable sites: 0.328
Gamma shape alpha: 2.117
Parameters optimization took 1 rounds (0.017 sec)
Time for fast ML tree search: 0.089 seconds

NOTE: ModelFinder requires 8 MB RAM!
ModelFinder will test up to 1232 protein models (sample size: 392 epsilon: 0.100) ...
 No. Model         -LnL         df  AIC          AICc         BIC
  1  LG            3099.839     27  6253.677     6257.831     6360.901
  2  LG+I          3021.898     28  6099.796     6104.270     6210.992
  3  LG+G4         3030.627     28  6117.255     6121.729     6228.450
  4  LG+I+G4       3021.547     29  6101.094     6105.900     6216.260
  5  LG+R2         3025.212     29  6108.425     6113.231     6223.591
  6  LG+R3         3023.321     31  6108.642     6114.153     6231.751
 14  LG+I+R2       3022.250     30  6104.501     6109.653     6223.639
 15  LG+I+R3       3021.746     32  6107.492     6113.375     6234.572
 24  LG+F+I        3005.222     47  6104.443     6117.559     6291.092
 26  LG+F+I+G4     3004.837     48  6105.674     6119.388     6296.294
 46  WAG+I         3020.144     28  6096.288     6100.761     6207.483
 48  WAG+I+G4      3020.146     29  6098.291     6103.098     6213.458
 68  WAG+F+I       2999.180     47  6092.359     6105.476     6279.009
 70  WAG+F+I+G4    2999.175     48  6094.351     6108.065     6284.972
 90  JTT+I         2988.500     28  6033.000     6037.473     6144.195
 92  JTT+I+G4      2988.505     29  6035.010     6039.817     6150.177
112  JTT+F+I       2965.863     47  6025.725     6038.842     6212.375
114  JTT+F+I+G4    2965.863     48  6027.727     6041.441     6218.347
134  Q.PFAM+I      3023.435     28  6102.871     6107.345     6214.066
136  Q.PFAM+I+G4   3023.241     29  6104.482     6109.288     6219.648
156  Q.PFAM+F+I    3004.270     47  6102.540     6115.657     6289.190
158  Q.PFAM+F+I+G4 3004.018     48  6104.037     6117.751     6294.657
178  Q.BIRD+I      2997.462     28  6050.923     6055.397     6162.119
180  Q.BIRD+I+G4   2996.633     29  6051.265     6056.072     6166.432
200  Q.BIRD+F+I    2963.813     47  6021.626     6034.743     6208.276
202  Q.BIRD+F+I+G4 2962.860     48  6021.720     6035.434     6212.340
222  Q.MAMMAL+I    3000.822     28  6057.644     6062.118     6168.839
224  Q.MAMMAL+I+G4 3000.549     29  6059.097     6063.904     6174.264
244  Q.MAMMAL+F+I  2963.945     47  6021.890     6035.007     6208.540
246  Q.MAMMAL+F+I+G4 2963.592     48  6023.184     6036.899     6213.805
266  Q.INSECT+I    3018.432     28  6092.864     6097.338     6204.059
268  Q.INSECT+I+G4 3018.317     29  6094.634     6099.441     6209.801
288  Q.INSECT+F+I  2990.868     47  6075.736     6088.853     6262.386
290  Q.INSECT+F+I+G4 2990.791     48  6077.582     6091.297     6268.203
310  Q.PLANT+I     2995.250     28  6046.499     6050.973     6157.695
312  Q.PLANT+I+G4  2994.688     29  6047.376     6052.183     6162.543
332  Q.PLANT+F+I   2969.044     47  6032.088     6045.204     6218.737
334  Q.PLANT+F+I+G4 2968.538     48  6033.076     6046.790     6223.696
354  Q.YEAST+I     3031.717     28  6119.434     6123.908     6230.630
356  Q.YEAST+I+G4  3031.542     29  6121.084     6125.891     6236.251
376  Q.YEAST+F+I   2996.984     47  6087.967     6101.084     6274.617
378  Q.YEAST+F+I+G4 2996.803     48  6089.606     6103.320     6280.226
398  JTTDCMUT+I    2988.629     28  6033.258     6037.732     6144.454
400  JTTDCMUT+I+G4 2988.630     29  6035.259     6040.066     6150.426
420  JTTDCMUT+F+I  2966.065     47  6026.129     6039.245     6212.778
422  JTTDCMUT+F+I+G4 2966.064     48  6028.129     6041.843     6218.750
442  DCMUT+I       3072.647     28  6201.293     6205.767     6312.489
444  DCMUT+I+G4    3071.748     29  6201.496     6206.302     6316.662
464  DCMUT+F+I     3032.707     47  6159.414     6172.531     6346.064
466  DCMUT+F+I+G4  3031.731     48  6159.462     6173.176     6350.082
486  VT+I          3022.705     28  6101.411     6105.884     6212.606
488  VT+I+G4       3022.712     29  6103.423     6108.230     6218.590
508  VT+F+I        3004.309     47  6102.618     6115.735     6289.268
510  VT+F+I+G4     3004.314     48  6104.627     6118.342     6295.248
530  PMB+I         3068.472     28  6192.945     6197.419     6304.140
532  PMB+I+G4      3068.469     29  6194.939     6199.746     6310.106
552  PMB+F+I       3044.724     47  6183.449     6196.565     6370.098
554  PMB+F+I+G4    3044.694     48  6185.387     6199.102     6376.008
574  BLOSUM62+I    3062.328     28  6180.656     6185.130     6291.851
576  BLOSUM62+I+G4 3062.293     29  6182.586     6187.393     6297.753
596  BLOSUM62+F+I  3046.148     47  6186.296     6199.412     6372.945
598  BLOSUM62+F+I+G4 3046.081     48  6188.163     6201.877     6378.783
618  DAYHOFF+I     3072.394     28  6200.787     6205.261     6311.983
620  DAYHOFF+I+G4  3071.462     29  6200.925     6205.732     6316.092
640  DAYHOFF+F+I   3032.472     47  6158.944     6172.060     6345.593
642  DAYHOFF+F+I+G4 3031.467     48  6158.935     6172.649     6349.555
662  MTREV+I       3181.155     28  6418.310     6422.784     6529.505
664  MTREV+I+G4    3171.540     29  6401.080     6405.887     6516.247
684  MTREV+F+I     3005.373     47  6104.745     6117.862     6291.395
686  MTREV+F+I+G4  3001.903     48  6099.807     6113.521     6290.428
706  MTART+I       3296.174     28  6648.349     6652.822     6759.544
708  MTART+I+G4    3261.682     29  6581.364     6586.171     6696.530
728  MTART+F+I     3096.497     47  6286.993     6300.110     6473.643
730  MTART+F+I+G4  3075.477     48  6246.955     6260.669     6437.576
750  MTZOA+I       3204.225     28  6464.451     6468.924     6575.646
752  MTZOA+I+G4    3183.774     29  6425.547     6430.354     6540.714
772  MTZOA+F+I     3033.711     47  6161.422     6174.538     6348.072
774  MTZOA+F+I+G4  3025.255     48  6146.510     6160.224     6337.130
794  MTMET+I       3186.997     28  6429.994     6434.468     6541.189
796  MTMET+I+G4    3176.757     29  6411.513     6416.320     6526.680
816  MTMET+F+I     2991.482     47  6076.964     6090.080     6263.613
818  MTMET+F+I+G4  2988.386     48  6072.773     6086.487     6263.393
838  MTVER+I       3185.290     28  6426.581     6431.054     6537.776
840  MTVER+I+G4    3172.257     29  6402.513     6407.320     6517.680
860  MTVER+F+I     2998.447     47  6090.894     6104.010     6277.543
862  MTVER+F+I+G4  2995.520     48  6087.041     6100.755     6277.662
882  MTINV+I       3234.576     28  6525.151     6529.625     6636.347
884  MTINV+I+G4    3227.797     29  6513.594     6518.400     6628.760
904  MTINV+F+I     2996.849     47  6087.698     6100.814     6274.347
906  MTINV+F+I+G4  2994.776     48  6085.551     6099.266     6276.172
926  MTMAM+I       3232.922     28  6521.844     6526.317     6633.039
928  MTMAM+I+G4    3201.795     29  6461.590     6466.397     6576.757
948  MTMAM+F+I     3042.331     47  6178.663     6191.779     6365.312
950  MTMAM+F+I+G4  3030.029     48  6156.059     6169.773     6346.679
970  FLAVI+I       3041.783     28  6139.567     6144.040     6250.762
972  FLAVI+I+G4    3033.226     29  6124.452     6129.259     6239.619
992  FLAVI+F+I     2996.632     47  6087.264     6100.380     6273.913
994  FLAVI+F+I+G4  2990.541     48  6077.083     6090.797     6267.703
1014  HIVB+I        3004.269     28  6064.538     6069.012     6175.734
1016  HIVB+I+G4     3002.517     29  6063.034     6067.841     6178.201
1036  HIVB+F+I      2978.464     47  6050.929     6064.045     6237.578
1038  HIVB+F+I+G4   2976.535     48  6049.069     6062.784     6239.690
1058  HIVW+I        3071.031     28  6198.062     6202.536     6309.258
1060  HIVW+I+G4     3067.642     29  6193.284     6198.090     6308.450
1080  HIVW+F+I      2990.779     47  6075.558     6088.674     6262.207
1082  HIVW+F+I+G4   2988.960     48  6073.921     6087.635     6264.541
1102  FLU+I         3026.808     28  6109.616     6114.090     6220.812
1104  FLU+I+G4      3024.492     29  6106.985     6111.791     6222.151
1124  FLU+F+I       2993.110     47  6080.220     6093.337     6266.870
1126  FLU+F+I+G4    2989.316     48  6074.632     6088.346     6265.252
1146  RTREV+I       3055.991     28  6167.981     6172.455     6279.176
1148  RTREV+I+G4    3054.969     29  6167.938     6172.745     6283.105
1168  RTREV+F+I     3028.942     47  6151.884     6165.000     6338.533
1170  RTREV+F+I+G4  3027.804     48  6151.609     6165.323     6342.230
1190  CPREV+I       3028.332     28  6112.663     6117.137     6223.859
1192  CPREV+I+G4    3027.123     29  6112.247     6117.054     6227.414
1212  CPREV+F+I     2999.456     47  6092.912     6106.028     6279.561
1214  CPREV+F+I+G4  2997.392     48  6090.784     6104.498     6281.405
Akaike Information Criterion:           Q.BIRD+F+I
Corrected Akaike Information Criterion: Q.BIRD+F+I
Bayesian Information Criterion:         JTT+I
Best-fit model: JTT+I chosen according to BIC

All model information printed to Clade_E.phylo.model.gz
CPU time for ModelFinder: 31.129 seconds (0h:0m:31s)
Wall-clock time for ModelFinder: 3.145 seconds (0h:0m:3s)
Generating 1000 samples for ultrafast bootstrap (seed: 363537)...

NOTE: 1 MB RAM (0 GB) is required!
Estimate model parameters (epsilon = 0.100)
1. Initial log-likelihood: -2989.193
2. Current log-likelihood: -2988.531
Optimal log-likelihood: -2988.501
Proportion of invariable sites: 0.435
Parameters optimization took 2 rounds (0.013 sec)
Wrote distance file to... 
Computing ML distances based on estimated model parameters...
Calculating distance matrix: done in 0.000747276 secs using 1444% CPU
Computing ML distances took 0.000815 sec (of wall-clock time) 0.010864 sec (of CPU time)
Setting up auxiliary I and S matrices: done in 0.00018612 secs using 953.7% CPU
Constructing RapidNJ tree: done in 6.98315e-05 secs using 226.3% CPU
Computing RapidNJ tree took 0.000328 sec (of wall-clock time) 0.002915 sec (of CPU time)
Log-likelihood of RapidNJ tree: -3003.197
--------------------------------------------------------------------
|             INITIALIZING CANDIDATE TREE SET                      |
--------------------------------------------------------------------
Generating 98 parsimony trees... 0.085 second
Computing log-likelihood of 98 initial trees ... 0.278 seconds
Current best score: -2986.111

Do NNI search on 20 best initial trees
Optimizing NNI: done in 0.0322179 secs using 1005% CPU
Estimate model parameters (epsilon = 0.100)
BETTER TREE FOUND at iteration 1: -2982.802
Optimizing NNI: done in 0.0319007 secs using 995.6% CPU
Optimizing NNI: done in 0.0321111 secs using 1014% CPU
Optimizing NNI: done in 0.0375145 secs using 989.7% CPU
Optimizing NNI: done in 0.0353036 secs using 986.9% CPU
Optimizing NNI: done in 0.039253 secs using 980.2% CPU
Optimizing NNI: done in 0.0331851 secs using 985.7% CPU
Optimizing NNI: done in 0.0395606 secs using 968.1% CPU
Optimizing NNI: done in 0.0362702 secs using 1002% CPU
Optimizing NNI: done in 0.0467521 secs using 997.8% CPU
Iteration 10 / LogL: -2982.802 / Time: 0h:0m:3s
Optimizing NNI: done in 0.0483576 secs using 986% CPU
Optimizing NNI: done in 0.0483235 secs using 1001% CPU
Optimizing NNI: done in 0.0466461 secs using 999.6% CPU
Optimizing NNI: done in 0.0487959 secs using 975.9% CPU
Optimizing NNI: done in 0.0488443 secs using 988.8% CPU
Optimizing NNI: done in 0.0102006 secs using 959.2% CPU
Optimizing NNI: done in 0.0298227 secs using 998.7% CPU
Optimizing NNI: done in 0.0297282 secs using 993.3% CPU
Optimizing NNI: done in 0.0299789 secs using 982% CPU
Optimizing NNI: done in 0.0300678 secs using 991% CPU
Iteration 20 / LogL: -2988.499 / Time: 0h:0m:4s
Finish initializing candidate tree set (2)
Current best tree score: -2982.802 / CPU time: 1.118
Number of iterations: 20
--------------------------------------------------------------------
|               OPTIMIZING CANDIDATE TREE SET                      |
--------------------------------------------------------------------
Optimizing NNI: done in 0.0653 secs using 1000% CPU
Optimizing NNI: done in 0.08848 secs using 987.1% CPU
Optimizing NNI: done in 0.0381072 secs using 981% CPU
Optimizing NNI: done in 0.0443464 secs using 978.2% CPU
Optimizing NNI: done in 0.0493897 secs using 1002% CPU
Optimizing NNI: done in 0.056209 secs using 982.2% CPU
Optimizing NNI: done in 0.0643673 secs using 982.2% CPU
Optimizing NNI: done in 0.0724717 secs using 982.4% CPU
Optimizing NNI: done in 0.0459564 secs using 990.7% CPU
Optimizing NNI: done in 0.0344638 secs using 978.9% CPU
Iteration 30 / LogL: -2982.803 / Time: 0h:0m:4s (0h:0m:4s left)
Optimizing NNI: done in 0.0506308 secs using 978.5% CPU
Optimizing NNI: done in 0.0325289 secs using 977.6% CPU
Optimizing NNI: done in 0.0548405 secs using 994.5% CPU
Optimizing NNI: done in 0.0291609 secs using 985.2% CPU
Optimizing NNI: done in 0.0608528 secs using 976.3% CPU
Optimizing NNI: done in 0.0584646 secs using 980.5% CPU
Optimizing NNI: done in 0.0488593 secs using 990.4% CPU
Optimizing NNI: done in 0.0607215 secs using 997.4% CPU
Optimizing NNI: done in 0.0514489 secs using 1001% CPU
Optimizing NNI: done in 0.0482287 secs using 984.2% CPU
Iteration 40 / LogL: -2982.802 / Time: 0h:0m:5s (0h:0m:3s left)
Optimizing NNI: done in 0.0420924 secs using 984.6% CPU
Optimizing NNI: done in 0.0524349 secs using 980.5% CPU
Optimizing NNI: done in 0.0538848 secs using 994.2% CPU
Optimizing NNI: done in 0.0353786 secs using 997.6% CPU
Optimizing NNI: done in 0.0295688 secs using 1007% CPU
Optimizing NNI: done in 0.0537998 secs using 995.3% CPU
Optimizing NNI: done in 0.0544957 secs using 982.1% CPU
Optimizing NNI: done in 0.040014 secs using 987.7% CPU
Optimizing NNI: done in 0.0568117 secs using 984.8% CPU
Optimizing NNI: done in 0.0888508 secs using 993.1% CPU
Iteration 50 / LogL: -2982.805 / Time: 0h:0m:5s (0h:0m:2s left)
Log-likelihood cutoff on original alignment: -3002.145
Optimizing NNI: done in 0.0578632 secs using 983% CPU
Optimizing NNI: done in 0.0649631 secs using 993.6% CPU
Optimizing NNI: done in 0.0717903 secs using 977.9% CPU
Optimizing NNI: done in 0.0414384 secs using 1004% CPU
Optimizing NNI: done in 0.0656591 secs using 996.4% CPU
Optimizing NNI: done in 0.017242 secs using 1028% CPU
Optimizing NNI: done in 0.0398383 secs using 993% CPU
Optimizing NNI: done in 0.0485864 secs using 977.5% CPU
Optimizing NNI: done in 0.0577788 secs using 987.3% CPU
Optimizing NNI: done in 0.0634264 secs using 1001% CPU
Iteration 60 / LogL: -2984.031 / Time: 0h:0m:6s (0h:0m:2s left)
Optimizing NNI: done in 0.0532023 secs using 983.9% CPU
Optimizing NNI: done in 0.0797946 secs using 995.1% CPU
Optimizing NNI: done in 0.0572332 secs using 1007% CPU
Optimizing NNI: done in 0.108495 secs using 998.6% CPU
Optimizing NNI: done in 0.0454641 secs using 984.2% CPU
Optimizing NNI: done in 0.0772439 secs using 986.8% CPU
Optimizing NNI: done in 0.0655938 secs using 995.2% CPU
Optimizing NNI: done in 0.0786336 secs using 981.9% CPU
Optimizing NNI: done in 0.053335 secs using 989.1% CPU
Optimizing NNI: done in 0.0922956 secs using 1000% CPU
Iteration 70 / LogL: -2982.805 / Time: 0h:0m:7s (0h:0m:1s left)
Optimizing NNI: done in 0.0384455 secs using 1001% CPU
Optimizing NNI: done in 0.0502566 secs using 988.1% CPU
Optimizing NNI: done in 0.0457092 secs using 977.9% CPU
Optimizing NNI: done in 0.0340178 secs using 992.5% CPU
Optimizing NNI: done in 0.0288982 secs using 994.3% CPU
Optimizing NNI: done in 0.0305972 secs using 1007% CPU
Optimizing NNI: done in 0.0746182 secs using 994.9% CPU
Optimizing NNI: done in 0.0539954 secs using 994.8% CPU
Optimizing NNI: done in 0.0419803 secs using 996% CPU
UPDATE BEST LOG-LIKELIHOOD: -2982.802
Optimizing NNI: done in 0.0600498 secs using 984.5% CPU
Iteration 80 / LogL: -2982.802 / Time: 0h:0m:7s (0h:0m:1s left)
Optimizing NNI: done in 0.0881023 secs using 1001% CPU
Optimizing NNI: done in 0.0364856 secs using 1006% CPU
Optimizing NNI: done in 0.0647713 secs using 992.5% CPU
Optimizing NNI: done in 0.053877 secs using 995.5% CPU
Optimizing NNI: done in 0.0620377 secs using 990.9% CPU
Optimizing NNI: done in 0.0820238 secs using 988.7% CPU
Optimizing NNI: done in 0.0615976 secs using 981.1% CPU
Optimizing NNI: done in 0.0683676 secs using 984.8% CPU
Optimizing NNI: done in 0.0480338 secs using 994.7% CPU
Optimizing NNI: done in 0.0587164 secs using 979.9% CPU
Iteration 90 / LogL: -3000.463 / Time: 0h:0m:8s (0h:0m:0s left)
Optimizing NNI: done in 0.0747282 secs using 989.3% CPU
Optimizing NNI: done in 0.0320513 secs using 989.4% CPU
Optimizing NNI: done in 0.0430239 secs using 993.6% CPU
Optimizing NNI: done in 0.0952272 secs using 997.8% CPU
Optimizing NNI: done in 0.0512155 secs using 986.3% CPU
Optimizing NNI: done in 0.06905 secs using 988.9% CPU
Optimizing NNI: done in 0.0333656 secs using 985.1% CPU
Optimizing NNI: done in 0.0410607 secs using 992.5% CPU
Optimizing NNI: done in 0.0712281 secs using 1001% CPU
Optimizing NNI: done in 0.04188 secs using 990% CPU
Iteration 100 / LogL: -2982.802 / Time: 0h:0m:9s (0h:0m:0s left)
Log-likelihood cutoff on original alignment: -3002.889
NOTE: Bootstrap correlation coefficient of split occurrence frequencies: 0.991
Optimizing NNI: done in 0.0403335 secs using 1007% CPU
Optimizing NNI: done in 0.0451192 secs using 1007% CPU
TREE SEARCH COMPLETED AFTER 102 ITERATIONS / Time: 0h:0m:9s

--------------------------------------------------------------------
|                    FINALIZING TREE SEARCH                        |
--------------------------------------------------------------------
Performs final model parameters optimization
Estimate model parameters (epsilon = 0.010)
1. Initial log-likelihood: -2982.802
Optimal log-likelihood: -2982.802
Proportion of invariable sites: 0.437
Parameters optimization took 1 rounds (0.004 sec)
BEST SCORE FOUND : -2982.802

Testing tree branches by SH-like aLRT with 1000 replicates...
0.019 sec.
Creating bootstrap support values...
Split supports printed to NEXUS file Clade_E.phylo.splits.nex
Total tree length: 1.558

Total number of iterations: 102
CPU time used for tree search: 58.158 sec (0h:0m:58s)
Wall-clock time used for tree search: 5.986 sec (0h:0m:5s)
Total CPU time used: 89.990 sec (0h:1m:29s)
Total wall-clock time used: 9.224 sec (0h:0m:9s)

Computing bootstrap consensus tree...
Reading input file Clade_E.phylo.splits.nex...
15 taxa and 104 splits.
Consensus tree written to Clade_E.phylo.contree
Reading input trees file Clade_E.phylo.contree
Log-likelihood of consensus tree: -2982.805

Analysis results written to: 
  IQ-TREE report:                Clade_E.phylo.iqtree
  Maximum-likelihood tree:       Clade_E.phylo.treefile
  Likelihood distances:          Clade_E.phylo.mldist

Ultrafast bootstrap approximation results written to:
  Split support values:          Clade_E.phylo.splits.nex
  Consensus tree:                Clade_E.phylo.contree
  Screen log file:               Clade_E.phylo.log

Date and Time: Sun Apr  5 22:05:36 2026
