XANPAOZ2100_002165-T1	SBS000314	38.235	272	159	5	4	271	36232	35432	4.31e-44	166
XANPAOZ2100_002165-T1	SBS000394	35.000	280	169	7	1	274	32506	31688	3.24e-43	164
XANPAOZ2100_002165-T1	SBS000424	35.971	278	162	7	1	274	18529	19326	1.74e-42	162
XANPAOZ2100_002165-T1	SBS000460	35.971	278	162	7	1	274	18557	19354	1.74e-42	162
XANPAOZ2100_002165-T1	SBS000538	35.971	278	162	7	1	274	18590	19387	1.74e-42	162
XANPAOZ2100_002165-T1	SBS000073	35.971	278	162	7	1	274	18575	19372	1.74e-42	162
XANPAOZ2100_002165-T1	SBS000177	35.971	278	162	7	1	274	18678	19475	1.74e-42	162
XANPAOZ2100_002165-T1	SBS000158	35.971	278	162	7	1	274	18544	19341	1.87e-42	162
XANPAOZ2100_002165-T1	SBS000444	35.971	278	162	7	1	274	18908	19705	1.87e-42	162
XANPAOZ2100_002165-T1	SBS000048	35.971	278	162	7	1	274	18921	19718	1.87e-42	162
XANPAOZ2100_002165-T1	SBS000525	35.971	278	162	7	1	274	18921	19718	1.87e-42	162
XANPAOZ2100_002165-T1	SBS000505	35.971	278	162	7	1	274	18997	19794	1.87e-42	162
XANPAOZ2100_002165-T1	SBS000193	35.971	278	162	7	1	274	24410	25207	1.88e-42	162
XANPAOZ2100_002165-T1	SBS000027	35.971	278	162	7	1	274	29616	30413	2.10e-42	161
XANPAOZ2100_002165-T1	SBS000351	37.545	277	160	6	1	271	8970	9779	2.55e-41	158
XANPAOZ2100_002165-T1	SBS000646	35.273	275	162	7	4	274	18929	19717	4.01e-41	157
XANPAOZ2100_002165-T1	SBS000077	39.044	251	145	4	24	271	257818	257081	8.88e-40	154
XANPAOZ2100_002165-T1	SBS000313	34.277	318	188	10	1	307	13783	14706	1.04e-39	154
XANPAOZ2100_002165-T1	SBS000244	34.277	318	188	10	1	307	13841	14764	1.04e-39	154
XANPAOZ2100_002165-T1	SBS000296	35.986	289	173	7	1	283	32046	31198	1.00e-37	147
XANPAOZ2100_002165-T1	SBS000545	33.094	278	174	7	1	274	54601	55410	1.08e-37	147
XANPAOZ2100_002165-T1	SBS000615	33.910	289	181	6	1	284	29661	30512	1.06e-36	144
XANPAOZ2100_002165-T1	SBS000434	33.910	289	181	6	1	284	29661	30512	1.06e-36	144
XANPAOZ2100_002165-T1	SBS000134	33.910	289	181	6	1	284	29660	30511	1.06e-36	144
XANPAOZ2100_002165-T1	SBS000359	33.910	289	181	6	1	284	29751	30602	1.06e-36	144
XANPAOZ2100_002165-T1	SBS000277	33.910	289	181	6	1	284	29751	30602	1.06e-36	144
XANPAOZ2100_002165-T1	SBS000076	33.910	289	181	6	1	284	29751	30602	1.06e-36	144
XANPAOZ2100_002165-T1	SBS000206	46.875	160	75	2	275	433	15653	15201	3.75e-36	143
XANPAOZ2100_002165-T1	SBS000206	33.212	274	176	7	1	271	17130	16321	4.44e-32	130
XANPAOZ2100_002165-T1	SBS000302	33.788	293	176	6	1	284	33539	34390	4.44e-36	143
XANPAOZ2100_002165-T1	SBS000558	34.173	278	172	7	1	274	21128	21940	4.66e-36	142
XANPAOZ2100_002165-T1	SBS000328	31.365	271	172	6	1	271	40683	41453	9.71e-36	142
XANPAOZ2100_002165-T1	SBS000040	32.967	273	178	3	1	271	106162	105353	1.06e-35	142
XANPAOZ2100_002165-T1	SBS000113	32.967	273	178	3	1	271	106673	105864	1.06e-35	142
XANPAOZ2100_002165-T1	SBS000039	32.967	273	178	3	1	271	106752	105943	1.06e-35	142
XANPAOZ2100_002165-T1	SBS000333	34.657	277	170	8	1	271	54670	55485	3.86e-35	140
XANPAOZ2100_002165-T1	SBS000333	43.452	168	82	3	275	441	56095	56562	1.26e-33	135
XANPAOZ2100_002165-T1	SBS000150	34.657	277	170	8	1	271	54745	55560	3.86e-35	140
XANPAOZ2100_002165-T1	SBS000150	43.452	168	82	3	275	441	56170	56637	1.26e-33	135
XANPAOZ2100_002165-T1	SBS000339	34.182	275	171	5	1	271	61916	62722	9.61e-35	139
XANPAOZ2100_002165-T1	SBS000289	34.182	275	171	5	1	271	61916	62722	9.61e-35	139
XANPAOZ2100_002165-T1	SBS000068	38.308	201	112	3	242	441	66944	66375	2.01e-34	138
XANPAOZ2100_002165-T1	SBS000068	35.036	274	168	7	1	271	68317	67517	2.76e-34	137
XANPAOZ2100_002165-T1	SBS000465	35.036	274	168	7	1	271	22676	21876	2.89e-34	137
XANPAOZ2100_002165-T1	SBS000465	37.811	201	113	3	242	441	21303	20734	6.30e-34	136
XANPAOZ2100_002165-T1	SBS000215	33.333	276	173	5	1	271	61869	62678	2.27e-33	135
XANPAOZ2100_002165-T1	SBS000245	37.415	147	76	4	129	274	68662	69057	4.30e-32	89.4
XANPAOZ2100_002165-T1	SBS000245	33.028	109	72	1	1	109	68349	68672	4.30e-32	68.6
XANPAOZ2100_002165-T1	SBS000501	34.066	273	165	8	4	271	32387	31599	1.37e-31	129
XANPAOZ2100_002165-T1	SBS000191	30.104	289	170	8	1	274	30249	29434	5.99e-31	127
XANPAOZ2100_002167-T1	SBS000165	37.945	983	560	10	507	1469	77305	80163	0.0	622
XANPAOZ2100_002167-T1	SBS000165	50.617	81	37	1	368	445	76774	77016	0.0	80.9
XANPAOZ2100_002167-T1	SBS000165	43.478	46	23	1	463	505	77132	77269	0.0	37.0
XANPAOZ2100_002167-T1	SBS000284	38.149	983	558	10	507	1469	14307	11449	0.0	620
XANPAOZ2100_002167-T1	SBS000284	50.617	81	37	1	368	445	14838	14596	0.0	80.9
XANPAOZ2100_002167-T1	SBS000284	41.463	41	24	0	463	503	14480	14358	0.0	36.2
XANPAOZ2100_002167-T1	SBS000229	38.149	983	558	10	507	1469	84105	86963	0.0	620
XANPAOZ2100_002167-T1	SBS000229	50.617	81	37	1	368	445	83574	83816	0.0	80.9
XANPAOZ2100_002167-T1	SBS000229	41.463	41	24	0	463	503	83932	84054	0.0	36.2
XANPAOZ2100_002167-T1	SBS000409	42.081	865	471	9	580	1434	51717	49183	0.0	596
XANPAOZ2100_002167-T1	SBS000409	45.679	81	41	1	368	445	52536	52294	0.0	72.4
XANPAOZ2100_002167-T1	SBS000409	38.667	75	46	0	507	581	51998	51774	0.0	57.0
XANPAOZ2100_002167-T1	SBS000409	47.826	46	23	1	462	507	52186	52052	0.0	38.1
XANPAOZ2100_002167-T1	SBS000488	39.513	739	418	7	648	1384	81375	83510	0.0	493
XANPAOZ2100_002167-T1	SBS000488	34.395	157	86	1	507	646	80905	81375	0.0	94.4
XANPAOZ2100_002167-T1	SBS000488	50.617	81	37	1	368	445	80374	80616	0.0	80.9
XANPAOZ2100_002167-T1	SBS000488	36.145	83	49	2	1388	1469	83519	83758	0.0	48.9
XANPAOZ2100_002167-T1	SBS000488	43.478	46	23	1	463	505	80732	80869	0.0	37.0
XANPAOZ2100_002167-T1	SBS000096	39.513	739	418	7	648	1384	13104	10969	0.0	493
XANPAOZ2100_002167-T1	SBS000096	34.395	157	86	1	507	646	13574	13104	0.0	94.4
XANPAOZ2100_002167-T1	SBS000096	50.617	81	37	1	368	445	14105	13863	0.0	80.9
XANPAOZ2100_002167-T1	SBS000096	36.145	83	49	2	1388	1469	10960	10721	0.0	48.9
XANPAOZ2100_002167-T1	SBS000096	43.478	46	23	1	463	505	13747	13610	0.0	37.0
XANPAOZ2100_002167-T1	SBS000268	39.742	853	453	12	461	1274	78404	80896	2.82e-177	560
XANPAOZ2100_002167-T1	SBS000268	53.012	83	36	1	366	445	78055	78303	2.82e-177	84.7
XANPAOZ2100_002167-T1	SBS000585	39.742	853	453	12	461	1274	77535	80027	2.82e-177	560
XANPAOZ2100_002167-T1	SBS000585	53.012	83	36	1	366	445	77186	77434	2.82e-177	84.7
XANPAOZ2100_002167-T1	SBS000354	39.742	853	453	12	461	1274	75977	78469	7.11e-177	558
XANPAOZ2100_002167-T1	SBS000354	53.012	83	36	1	366	445	75628	75876	7.11e-177	85.1
XANPAOZ2100_002167-T1	SBS000543	39.742	853	453	12	461	1274	79850	82342	1.05e-176	557
XANPAOZ2100_002167-T1	SBS000543	53.012	83	36	1	366	445	79501	79749	1.05e-176	85.1
XANPAOZ2100_002167-T1	SBS000550	39.742	853	453	12	461	1274	76279	78771	1.05e-176	557
XANPAOZ2100_002167-T1	SBS000550	53.012	83	36	1	366	445	75930	76178	1.05e-176	85.1
XANPAOZ2100_002167-T1	SBS000127	41.367	863	476	9	582	1434	100922	98394	1.12e-175	583
XANPAOZ2100_002167-T1	SBS000127	38.667	75	46	0	507	581	101209	100985	1.12e-175	55.5
XANPAOZ2100_002167-T1	SBS000114	37.229	967	543	10	463	1396	96314	93507	4.87e-172	555
XANPAOZ2100_002167-T1	SBS000114	46.341	82	41	1	367	445	96664	96419	4.87e-172	71.2
XANPAOZ2100_002167-T1	SBS000317	39.596	793	434	10	507	1274	85652	87970	2.04e-171	529
XANPAOZ2100_002167-T1	SBS000317	45.161	93	48	1	356	445	85086	85364	2.04e-171	80.9
XANPAOZ2100_002167-T1	SBS000317	40.476	42	25	0	462	503	85471	85596	2.04e-171	37.4
XANPAOZ2100_002167-T1	SBS000259	39.547	794	432	11	507	1274	6345	4030	9.89e-171	525
XANPAOZ2100_002167-T1	SBS000259	44.086	93	49	1	356	445	6911	6633	9.89e-171	82.8
XANPAOZ2100_002167-T1	SBS000259	42.857	42	24	0	462	503	6526	6401	9.89e-171	37.4
XANPAOZ2100_002167-T1	SBS000640	38.539	794	444	9	505	1274	49571	47250	1.55e-168	519
XANPAOZ2100_002167-T1	SBS000640	42.236	161	72	3	364	503	50098	49616	1.55e-168	95.5
XANPAOZ2100_002167-T1	SBS000270	40.143	700	392	8	582	1274	46833	44794	3.08e-166	480
XANPAOZ2100_002167-T1	SBS000270	43.011	93	50	1	356	445	47673	47395	3.08e-166	81.6
XANPAOZ2100_002167-T1	SBS000270	40.541	74	40	2	508	579	47104	46889	3.08e-166	51.6
XANPAOZ2100_002167-T1	SBS000270	42.857	42	24	0	462	503	47288	47163	3.08e-166	37.7
XANPAOZ2100_002167-T1	SBS000149	40.143	700	392	8	582	1274	46888	44849	3.66e-166	480
XANPAOZ2100_002167-T1	SBS000149	43.011	93	50	1	356	445	47728	47450	3.66e-166	81.6
XANPAOZ2100_002167-T1	SBS000149	40.541	74	40	2	508	579	47159	46944	3.66e-166	51.6
XANPAOZ2100_002167-T1	SBS000149	42.857	42	24	0	462	503	47343	47218	3.66e-166	37.7
XANPAOZ2100_002167-T1	SBS000411	38.173	854	465	12	461	1274	154534	157026	6.63e-153	503
XANPAOZ2100_002167-T1	SBS000411	48.193	83	40	1	366	445	154185	154433	6.63e-153	59.7
XANPAOZ2100_002167-T1	SBS000303	38.173	854	465	12	461	1274	103196	105688	6.64e-153	503
XANPAOZ2100_002167-T1	SBS000303	48.193	83	40	1	366	445	102847	103095	6.64e-153	59.7
XANPAOZ2100_002167-T1	SBS000390	37.268	915	516	10	506	1397	47669	45030	2.28e-138	474
XANPAOZ2100_002167-T1	SBS000210	35.910	983	580	10	507	1469	72964	75822	1.01e-132	457
XANPARI20_008745-T1	SBS000531	56.164	146	47	1	77	205	168597	169034	8.60e-41	150
XANPARI20_008745-T1	SBS000531	57.353	136	41	1	87	205	168528	168935	4.13e-39	145
XANPARI20_008745-T1	SBS000531	57.353	136	41	1	87	205	169419	169826	1.46e-38	143
XANPARI20_008745-T1	SBS000531	49.080	163	65	2	60	205	169836	170321	2.54e-38	142
XANPARI20_008745-T1	SBS000531	54.412	136	45	1	87	205	168429	168836	4.35e-38	142
XANPARI20_008745-T1	SBS000531	54.412	136	45	1	87	205	167934	168341	6.33e-38	141
XANPARI20_008745-T1	SBS000531	56.618	136	42	1	87	205	168726	169133	9.74e-38	141
XANPARI20_008745-T1	SBS000531	52.778	144	51	1	79	205	169593	170024	1.24e-37	140
XANPARI20_008745-T1	SBS000531	47.977	173	71	3	60	215	169044	169556	4.40e-37	139
XANPARI20_008745-T1	SBS000531	55.882	136	43	1	87	205	168825	169232	9.95e-37	138
XANPARI20_008745-T1	SBS000531	50.649	154	58	2	79	215	167514	167972	1.38e-36	137
XANPARI20_008745-T1	SBS000531	53.425	146	50	2	87	215	167835	168269	2.81e-36	137
XANPARI20_008745-T1	SBS000531	58.268	127	36	1	96	205	168357	168737	3.06e-36	136
XANPARI20_008745-T1	SBS000531	51.370	146	54	1	77	205	169785	170222	6.34e-36	135
XANPARI20_008745-T1	SBS000531	54.412	136	45	1	87	205	167340	167747	8.22e-36	135
XANPARI20_008745-T1	SBS000531	55.474	137	43	2	96	215	169248	169655	1.69e-35	134
XANPARI20_008745-T1	SBS000531	47.239	163	68	2	60	205	168054	168539	1.74e-35	134
XANPARI20_008745-T1	SBS000531	52.174	138	49	1	77	197	168894	169307	1.00e-34	132
XANPARI20_008745-T1	SBS000531	55.118	127	40	1	96	205	167664	168044	1.15e-33	129
XANPARI20_008745-T1	SBS000531	51.825	137	49	1	86	205	167238	167648	3.27e-31	122
XANPARI20_008745-T1	SBS000489	55.782	147	48	1	72	201	40917	41357	6.29e-40	147
XANPARI20_008745-T1	SBS000489	46.328	177	68	2	72	221	41214	41744	9.02e-38	141
XANPARI20_008745-T1	SBS000489	54.967	151	51	1	72	205	42258	42710	9.85e-37	138
XANPARI20_008745-T1	SBS000489	61.417	127	32	1	96	205	40890	41270	1.07e-36	138
XANPARI20_008745-T1	SBS000489	53.691	149	52	1	72	203	42060	42506	7.47e-36	135
XANPARI20_008745-T1	SBS000489	63.248	117	26	1	103	202	40383	40733	1.28e-35	135
XANPARI20_008745-T1	SBS000489	58.915	129	36	1	92	203	41922	42308	2.50e-35	134
XANPARI20_008745-T1	SBS000489	48.125	160	55	2	72	203	40389	40868	1.07e-33	129
XANPARI20_008745-T1	SBS000489	48.750	160	54	2	72	203	40587	41066	4.93e-33	127
XANPARI20_008745-T1	SBS000489	50.993	151	57	1	72	205	41961	42413	4.29e-32	124
XANPARI20_008745-T1	SBS000489	57.265	117	33	1	87	186	42402	42752	3.46e-31	122
XANPARI20_008745-T1	SBS000330	46.078	204	84	4	72	251	67413	68018	2.01e-38	143
XANPARI20_008745-T1	SBS000330	49.045	157	58	2	66	205	67212	67667	1.15e-33	129
XANPARI20_008745-T1	SBS000005	46.078	204	84	4	72	251	61971	61366	2.01e-38	143
XANPARI20_008745-T1	SBS000005	49.045	157	58	2	66	205	62172	61717	1.15e-33	129
XANPARI20_008745-T1	SBS000235	57.353	136	41	1	87	205	128700	129107	2.13e-38	143
XANPARI20_008745-T1	SBS000235	53.020	149	53	1	72	203	128853	129299	1.09e-36	138
XANPARI20_008745-T1	SBS000235	52.941	136	47	1	87	205	21446	21039	4.89e-36	136
XANPARI20_008745-T1	SBS000235	52.941	136	47	1	87	205	21545	21138	7.53e-35	132
XANPARI20_008745-T1	SBS000235	49.669	151	59	1	72	205	21887	21435	4.93e-34	130
XANPARI20_008745-T1	SBS000235	55.906	127	39	1	96	205	21320	20940	1.17e-33	129
XANPARI20_008745-T1	SBS000235	53.731	134	45	1	87	203	128997	129398	3.59e-33	127
XANPARI20_008745-T1	SBS000235	51.007	149	56	1	72	203	128457	128903	1.27e-32	126
XANPARI20_008745-T1	SBS000235	55.118	127	40	1	96	205	128430	128810	1.52e-31	123
XANPARI20_008745-T1	SBS000235	53.543	127	42	1	96	205	20924	20544	1.61e-31	123
XANPARI20_008745-T1	SBS000235	50.735	136	50	1	87	205	21149	20742	2.38e-31	122
XANPARI20_008745-T1	SBS000448	57.353	136	41	1	87	205	119265	119672	2.13e-38	143
XANPARI20_008745-T1	SBS000448	53.020	149	53	1	72	203	119418	119864	1.09e-36	138
XANPARI20_008745-T1	SBS000448	52.941	136	47	1	87	205	12004	11597	4.89e-36	136
XANPARI20_008745-T1	SBS000448	52.941	136	47	1	87	205	12103	11696	7.53e-35	132
XANPARI20_008745-T1	SBS000448	49.669	151	59	1	72	205	12445	11993	4.93e-34	130
XANPARI20_008745-T1	SBS000448	55.906	127	39	1	96	205	11878	11498	1.17e-33	129
XANPARI20_008745-T1	SBS000448	53.731	134	45	1	87	203	119562	119963	3.59e-33	127
XANPARI20_008745-T1	SBS000448	51.007	149	56	1	72	203	119022	119468	1.27e-32	126
XANPARI20_008745-T1	SBS000448	55.118	127	40	1	96	205	118995	119375	1.52e-31	123
XANPARI20_008745-T1	SBS000448	53.543	127	42	1	96	205	11482	11102	1.61e-31	123
XANPARI20_008745-T1	SBS000448	50.735	136	50	1	87	205	11707	11300	2.38e-31	122
XANPARI20_008745-T1	SBS000186	56.618	136	42	1	87	205	75714	76121	1.05e-37	140
XANPARI20_008745-T1	SBS000186	51.899	158	55	2	69	205	75153	75626	1.92e-37	140
XANPARI20_008745-T1	SBS000186	55.882	136	43	1	87	205	76011	76418	6.57e-37	138
XANPARI20_008745-T1	SBS000186	55.147	136	44	1	87	205	77235	77642	7.59e-37	138
XANPARI20_008745-T1	SBS000186	54.745	137	45	1	86	205	75414	75824	7.03e-36	135
XANPARI20_008745-T1	SBS000186	55.147	136	44	1	87	205	76740	77147	9.11e-36	135
XANPARI20_008745-T1	SBS000186	55.147	136	44	1	87	205	75318	75725	1.14e-35	135
XANPARI20_008745-T1	SBS000186	55.147	136	44	1	87	205	76542	76949	1.24e-35	135
XANPARI20_008745-T1	SBS000186	48.466	163	66	2	60	205	76563	77048	5.86e-35	133
XANPARI20_008745-T1	SBS000186	49.682	157	60	2	87	224	76110	76580	8.94e-35	132
XANPARI20_008745-T1	SBS000186	47.020	151	63	1	72	205	53838	54290	2.02e-34	131
XANPARI20_008745-T1	SBS000186	50.694	144	54	1	79	205	77112	77543	5.58e-34	130
XANPARI20_008745-T1	SBS000186	52.555	137	48	1	86	205	76836	77246	4.10e-33	127
XANPARI20_008745-T1	SBS000186	50.000	148	45	2	87	205	76209	76652	1.92e-32	125
XANPARI20_008745-T1	SBS000186	54.400	125	40	1	86	193	77331	77705	4.22e-31	122
XANPARI20_008745-T1	SBS000430	60.630	127	33	1	96	205	36413	36793	3.58e-37	139
XANPARI20_008745-T1	SBS000430	53.285	137	47	1	72	191	36638	37048	9.99e-34	129
XANPARI20_008745-T1	SBS000430	51.007	149	56	1	72	203	36440	36886	6.23e-33	127
XANPARI20_008745-T1	SBS000430	56.489	131	40	1	96	209	36611	37003	2.89e-32	125
XANPARI20_008745-T1	SBS000566	46.429	168	72	2	60	210	18696	19196	5.76e-37	139
XANPARI20_008745-T1	SBS000566	49.359	156	62	1	72	210	20016	20483	6.78e-37	138
XANPARI20_008745-T1	SBS000566	46.795	156	66	1	72	210	19620	20087	9.68e-36	135
XANPARI20_008745-T1	SBS000566	55.039	129	41	1	99	210	19404	19790	2.53e-35	134
XANPARI20_008745-T1	SBS000566	55.039	129	41	1	99	210	20691	21077	2.53e-35	134
XANPARI20_008745-T1	SBS000566	47.742	155	64	1	72	209	19719	20183	3.43e-35	134
XANPARI20_008745-T1	SBS000566	55.906	127	39	1	96	205	19296	19676	9.77e-35	132
XANPARI20_008745-T1	SBS000566	47.097	155	65	1	72	209	18432	18896	1.43e-34	132
XANPARI20_008745-T1	SBS000566	55.118	127	40	1	96	205	20583	20963	1.77e-34	131
XANPARI20_008745-T1	SBS000566	46.452	155	66	1	72	209	19026	19490	4.80e-34	130
XANPARI20_008745-T1	SBS000566	48.322	149	60	1	72	203	20115	20561	4.99e-34	130
XANPARI20_008745-T1	SBS000566	47.059	153	64	1	70	205	18228	18686	9.73e-33	126
XANPARI20_008745-T1	SBS000566	47.020	151	63	1	72	205	20709	21161	1.28e-32	126
XANPARI20_008745-T1	SBS000566	46.452	155	66	1	72	209	20313	20777	1.92e-32	125
XANPARI20_008745-T1	SBS000566	46.980	149	62	1	72	203	18828	19274	3.04e-32	125
XANPARI20_008745-T1	SBS000566	43.590	156	71	1	72	210	18333	18800	5.64e-31	121
XANPARI20_008745-T1	SBS000490	50.000	162	63	2	72	216	4252	3770	1.08e-36	138
XANPARI20_008745-T1	SBS000490	50.968	155	59	1	72	209	4351	3887	1.75e-35	134
XANPARI20_008745-T1	SBS000490	48.810	168	68	2	60	210	13479	12979	3.03e-35	134
XANPARI20_008745-T1	SBS000490	49.315	146	57	1	77	205	13827	13390	2.73e-32	125
XANPARI20_008745-T1	SBS000490	49.315	146	57	1	77	205	4732	4295	4.81e-32	124
XANPARI20_008745-T1	SBS000490	59.664	119	31	1	104	205	13944	13588	1.13e-31	123
XANPARI20_008745-T1	SBS000490	48.344	151	61	1	72	205	13941	13489	2.86e-31	122
XANPARI20_008745-T1	SBS000621	60.656	122	31	1	87	191	50254	49889	1.92e-36	137
XANPARI20_008745-T1	SBS000621	50.932	161	40	4	78	205	50410	49946	3.62e-31	122
XANPARI20_008745-T1	SBS000272	60.656	122	31	1	87	191	35035	35400	1.92e-36	137
XANPARI20_008745-T1	SBS000272	50.932	161	40	4	78	205	34879	35343	3.62e-31	122
XANPARI20_008745-T1	SBS000248	50.000	144	55	1	79	205	13314	12883	1.11e-35	135
XANPARI20_008745-T1	SBS000248	47.260	146	60	1	77	205	12924	12487	1.08e-32	126
XANPARI20_008745-T1	SBS000248	47.586	145	59	1	72	199	12840	12406	2.77e-32	125
XANPARI20_008745-T1	SBS000248	44.785	163	57	3	79	224	13197	12757	8.57e-32	124
XANPARI20_008745-T1	SBS000491	49.669	151	59	1	72	205	14889	14437	1.21e-34	132
XANPARI20_008745-T1	SBS000491	50.000	146	56	1	77	205	14078	13641	2.41e-32	125
XANPARI20_008745-T1	SBS000491	54.331	127	41	1	96	205	14916	14536	3.34e-32	125
XANPARI20_008745-T1	SBS000491	46.358	151	64	1	72	205	14790	14338	4.54e-32	124
XANPARI20_008745-T1	SBS000491	55.833	120	36	1	103	205	14598	14239	7.54e-32	124
XANPARI20_008745-T1	SBS000491	53.676	136	43	2	90	205	14147	13740	9.86e-32	124
XANPARI20_008745-T1	SBS000491	47.682	151	62	1	72	205	13994	13542	9.86e-32	124
XANPARI20_008745-T1	SBS000491	50.735	136	50	1	87	205	13652	13245	2.40e-31	122
XANPARI20_008745-T1	SBS000166	49.669	151	59	1	72	205	14874	14422	1.56e-34	132
XANPARI20_008745-T1	SBS000166	51.748	143	52	1	80	205	14060	13632	1.78e-33	129
XANPARI20_008745-T1	SBS000166	54.331	127	41	1	96	205	14901	14521	4.36e-32	124
XANPARI20_008745-T1	SBS000166	46.358	151	64	1	72	205	14775	14323	5.87e-32	124
XANPARI20_008745-T1	SBS000166	55.833	120	36	1	103	205	14583	14224	9.94e-32	124
XANPARI20_008745-T1	SBS000166	50.735	136	50	1	87	205	13643	13236	2.04e-31	122
XANPARI20_008745-T1	SBS000166	47.020	151	63	1	72	205	13985	13533	3.52e-31	122
XANPARI20_008745-T1	SBS000520	45.679	162	70	2	61	205	26435	26917	2.40e-34	131
XANPARI20_008745-T1	SBS000520	45.033	151	66	1	72	205	26366	26818	5.66e-32	124
XANPARI20_008745-T1	SBS000520	43.046	151	69	1	77	210	26282	26734	1.53e-31	123
XANPARI20_008745-T1	SBS000502	52.672	131	45	1	96	209	9536	9928	3.73e-34	130
XANPARI20_008745-T1	SBS000574	46.199	171	70	3	52	205	27118	26621	4.18e-34	130
XANPARI20_008745-T1	SBS000611	52.672	131	45	1	96	209	9536	9928	8.27e-34	129
XANPARI20_008745-T1	SBS000611	47.097	155	64	2	60	197	9530	9991	4.45e-32	124
XANPARI20_008745-T1	SBS000292	55.147	136	44	1	96	214	78236	77829	2.05e-33	128
XANPARI20_008745-T1	SBS000292	51.007	149	56	1	72	203	87631	87185	1.34e-32	126
XANPARI20_008745-T1	SBS000292	48.322	149	60	1	72	203	79100	78654	4.69e-31	122
XANPARI20_008745-T1	SBS000292	43.787	169	76	2	54	205	78653	78153	4.78e-31	121
XANPARI20_008745-T1	SBS000292	46.296	162	69	2	61	205	78041	77559	7.94e-31	121
XANPARI20_008745-T1	SBS000358	47.879	165	65	2	67	210	99052	98558	2.82e-33	128
XANPARI20_008745-T1	SBS000358	48.344	151	61	1	72	205	98728	98276	2.12e-31	122
XANPARI20_008745-T1	SBS000606	55.906	127	39	1	96	205	74260	73880	3.19e-33	128
XANPARI20_008745-T1	SBS000606	54.331	127	41	1	96	205	73864	73484	2.70e-32	125
XANPARI20_008745-T1	SBS000606	54.331	127	41	1	96	205	74161	73781	9.12e-32	124
XANPARI20_008745-T1	SBS000357	55.906	127	39	1	96	205	13223	13603	3.19e-33	128
XANPARI20_008745-T1	SBS000357	54.331	127	41	1	96	205	13619	13999	2.70e-32	125
XANPARI20_008745-T1	SBS000357	54.331	127	41	1	96	205	13322	13702	9.12e-32	124
XANPARI20_008745-T1	SBS000135	55.906	127	39	1	96	205	74250	73870	3.19e-33	128
XANPARI20_008745-T1	SBS000135	54.331	127	41	1	96	205	73854	73474	2.70e-32	125
XANPARI20_008745-T1	SBS000135	54.331	127	41	1	96	205	74151	73771	9.12e-32	124
XANPARI20_008745-T1	SBS000104	47.273	165	60	2	77	224	78910	78446	3.65e-33	127
XANPARI20_008745-T1	SBS000488	51.111	135	49	1	88	205	89831	90235	4.21e-33	127
XANPARI20_008745-T1	SBS000096	51.111	135	49	1	88	205	4648	4244	4.21e-33	127
XANPARI20_008745-T1	SBS000583	50.725	138	50	2	96	216	33894	34304	5.12e-33	127
XANPARI20_008745-T1	SBS000583	49.296	142	49	2	79	203	34059	34466	5.67e-32	124
XANPARI20_008745-T1	SBS000583	51.181	127	45	1	96	205	33696	34076	6.93e-32	124
XANPARI20_008745-T1	SBS000583	49.275	138	52	2	96	216	33498	33908	9.88e-32	124
XANPARI20_008745-T1	SBS000583	47.794	136	54	1	87	205	33966	34373	3.00e-31	122
XANPARI20_008745-T1	SBS000395	47.682	151	62	1	72	205	74128	74580	6.07e-33	127
XANPARI20_008745-T1	SBS000395	47.651	149	61	1	72	203	74227	74673	8.57e-33	127
XANPARI20_008745-T1	SBS000395	53.488	129	43	1	92	203	74386	74772	1.69e-32	125
XANPARI20_008745-T1	SBS000458	55.814	129	40	1	92	203	57195	57581	6.18e-33	127
XANPARI20_008745-T1	SBS000458	49.664	149	58	1	72	203	56937	57383	1.63e-32	125
XANPARI20_008745-T1	SBS000458	50.000	144	55	1	77	203	56853	57284	1.43e-31	123
XANPARI20_008745-T1	SBS000232	55.814	129	40	1	92	203	57206	57592	6.18e-33	127
XANPARI20_008745-T1	SBS000232	49.664	149	58	1	72	203	56948	57394	1.63e-32	125
XANPARI20_008745-T1	SBS000232	50.000	144	55	1	77	203	56864	57295	1.43e-31	123
XANPARI20_008745-T1	SBS000058	55.814	129	40	1	92	203	39785	39399	6.18e-33	127
XANPARI20_008745-T1	SBS000058	49.664	149	58	1	72	203	40043	39597	1.63e-32	125
XANPARI20_008745-T1	SBS000058	50.000	144	55	1	77	203	40127	39696	1.43e-31	123
XANPARI20_008745-T1	SBS000386	55.147	136	44	1	96	214	78226	77819	6.94e-33	127
XANPARI20_008745-T1	SBS000386	51.007	149	56	1	72	203	87614	87168	1.34e-32	126
XANPARI20_008745-T1	SBS000484	56.557	122	36	1	87	191	23286	22921	7.79e-33	127
XANPARI20_008745-T1	SBS000484	54.331	127	41	1	96	205	23655	23275	2.76e-32	125
XANPARI20_008745-T1	SBS000484	43.787	169	45	1	87	205	23484	22978	1.46e-31	123
XANPARI20_008745-T1	SBS000582	56.557	122	36	1	87	191	96615	96980	7.79e-33	127
XANPARI20_008745-T1	SBS000582	54.331	127	41	1	96	205	96246	96626	2.76e-32	125
XANPARI20_008745-T1	SBS000582	43.787	169	45	1	87	205	96417	96923	1.46e-31	123
XANPARI20_008745-T1	SBS000509	48.951	143	64	1	72	205	105361	105789	1.03e-32	126
XANPARI20_008745-T1	SBS000409	45.509	167	73	2	60	209	64757	64260	1.26e-32	126
XANPARI20_008745-T1	SBS000380	46.575	146	61	1	77	205	50895	51332	2.87e-32	125
XANPARI20_008745-T1	SBS000287	48.765	162	65	2	72	216	91251	90769	5.93e-32	124
XANPARI20_008745-T1	SBS000287	50.714	140	52	1	87	209	89382	88963	6.98e-32	124
XANPARI20_008745-T1	SBS000211	49.275	138	52	2	96	216	10658	11068	6.29e-32	124
XANPARI20_008745-T1	SBS000211	47.887	142	51	2	79	203	11021	11428	5.27e-31	121
XANPARI20_008745-T1	SBS000055	54.472	123	39	1	100	205	289068	288700	1.12e-31	123
XANPARI20_008745-T1	SBS000055	53.543	127	42	1	96	205	288882	288502	3.15e-31	122
XANPARI20_008745-T1	SBS000105	47.273	165	60	2	77	224	78175	77711	1.19e-31	123
XANPARI20_008745-T1	SBS000405	46.012	163	70	2	60	205	78186	77701	1.96e-31	122
XANPARI20_008745-T1	SBS000405	47.651	149	61	1	72	203	78846	78400	4.92e-31	121
XANPARI20_008745-T1	SBS000021	46.012	163	70	2	60	205	78181	77696	1.96e-31	122
XANPARI20_008745-T1	SBS000021	47.651	149	61	1	72	203	78841	78395	4.92e-31	121
XANPARI20_008745-T1	SBS000607	46.012	163	70	2	60	205	78186	77701	1.96e-31	122
XANPARI20_008745-T1	SBS000607	47.651	149	61	1	72	203	78846	78400	4.92e-31	121
XANPARI20_008745-T1	SBS000285	50.746	134	49	1	87	203	42301	42702	3.15e-31	122
XANPARI20_008745-T1	SBS000139	48.611	144	57	1	77	203	122898	122467	3.33e-31	122
XANPARI20_008745-T1	SBS000237	37.344	241	99	7	48	249	395783	396466	8.06e-31	121
XANPARI20_008745-T1	SBS000119	37.344	241	99	7	48	249	154973	154290	8.06e-31	121
XANPARI20_008746-T1	SBS000165	38.047	983	559	10	635	1597	77305	80163	0.0	627
XANPARI20_008746-T1	SBS000284	38.250	983	557	10	635	1597	14307	11449	0.0	625
XANPARI20_008746-T1	SBS000229	38.250	983	557	10	635	1597	84105	86963	0.0	625
XANPARI20_008746-T1	SBS000409	42.197	865	470	9	708	1562	51717	49183	0.0	600
XANPARI20_008746-T1	SBS000409	38.667	75	46	0	635	709	51998	51774	0.0	57.0
XANPARI20_008746-T1	SBS000409	51.613	31	14	1	605	635	52141	52052	0.0	30.4
XANPARI20_008746-T1	SBS000127	41.483	863	475	9	710	1562	100922	98394	3.93e-177	588
XANPARI20_008746-T1	SBS000127	38.667	75	46	0	635	709	101209	100985	3.93e-177	55.5
XANPARI20_008746-T1	SBS000096	39.513	739	418	7	776	1512	13104	10969	1.38e-173	493
XANPARI20_008746-T1	SBS000096	35.032	157	85	1	635	774	13574	13104	1.38e-173	100
XANPARI20_008746-T1	SBS000096	36.145	83	49	2	1516	1597	10960	10721	1.38e-173	48.9
XANPARI20_008746-T1	SBS000096	53.125	32	12	1	605	633	13705	13610	1.38e-173	33.5
XANPARI20_008746-T1	SBS000488	39.513	739	418	7	776	1512	81375	83510	1.38e-173	493
XANPARI20_008746-T1	SBS000488	35.032	157	85	1	635	774	80905	81375	1.38e-173	100
XANPARI20_008746-T1	SBS000488	36.145	83	49	2	1516	1597	83519	83758	1.38e-173	48.9
XANPARI20_008746-T1	SBS000488	53.125	32	12	1	605	633	80774	80869	1.38e-173	33.5
XANPARI20_008746-T1	SBS000640	38.665	794	443	9	633	1402	49571	47250	2.56e-167	525
XANPARI20_008746-T1	SBS000640	41.615	161	70	2	495	631	50098	49616	2.56e-167	86.3
XANPARI20_008746-T1	SBS000585	40.143	837	440	12	605	1402	77583	80027	1.22e-165	559
XANPARI20_008746-T1	SBS000268	40.143	837	440	12	605	1402	78452	80896	1.22e-165	559
XANPARI20_008746-T1	SBS000354	40.143	837	440	12	605	1402	76025	78469	6.71e-165	557
XANPARI20_008746-T1	SBS000550	40.143	837	440	12	605	1402	76327	78771	9.55e-165	556
XANPARI20_008746-T1	SBS000543	40.143	837	440	12	605	1402	79898	82342	9.63e-165	556
XANPARI20_008746-T1	SBS000114	37.880	953	528	11	605	1524	96272	93507	2.52e-164	555
XANPARI20_008746-T1	SBS000317	39.723	793	433	10	635	1402	85652	87970	2.40e-157	535
XANPARI20_008746-T1	SBS000259	39.673	794	431	11	635	1402	6345	4030	4.62e-156	531
XANPARI20_008746-T1	SBS000270	40.286	700	391	8	710	1402	46833	44794	1.25e-148	486
XANPARI20_008746-T1	SBS000270	40.541	74	40	2	636	707	47104	46889	1.25e-148	51.6
XANPARI20_008746-T1	SBS000270	55.556	27	12	0	605	631	47243	47163	1.25e-148	33.5
XANPARI20_008746-T1	SBS000149	40.286	700	391	8	710	1402	46888	44849	2.25e-148	485
XANPARI20_008746-T1	SBS000149	40.541	74	40	2	636	707	47159	46944	2.25e-148	51.6
XANPARI20_008746-T1	SBS000149	55.556	27	12	0	605	631	47298	47218	2.25e-148	33.5
XANPARI20_008746-T1	SBS000303	38.544	838	452	12	605	1402	103244	105688	5.25e-147	503
XANPARI20_008746-T1	SBS000411	38.544	838	452	12	605	1402	154582	157026	5.32e-147	503
XANPARI20_008746-T1	SBS000390	37.377	915	515	10	634	1525	47669	45030	1.86e-139	481
XANPARI20_008746-T1	SBS000210	36.012	983	579	10	635	1597	72964	75822	1.55e-133	462
XANPARI20_008748-T1	SBS000394	35.876	354	214	7	1	348	32506	31466	1.22e-59	214
XANPARI20_008748-T1	SBS000314	38.439	346	204	5	4	345	36232	35210	1.27e-59	214
XANPARI20_008748-T1	SBS000424	37.101	345	201	7	1	341	18529	19527	6.72e-59	212
XANPARI20_008748-T1	SBS000460	37.101	345	201	7	1	341	18557	19555	6.72e-59	212
XANPARI20_008748-T1	SBS000538	37.101	345	201	7	1	341	18590	19588	6.72e-59	212
XANPARI20_008748-T1	SBS000073	37.101	345	201	7	1	341	18575	19573	6.72e-59	212
XANPARI20_008748-T1	SBS000177	37.101	345	201	7	1	341	18678	19676	6.72e-59	212
XANPARI20_008748-T1	SBS000027	37.101	345	201	7	1	341	29616	30614	9.30e-59	212
XANPARI20_008748-T1	SBS000158	37.101	345	201	7	1	341	18544	19542	9.69e-59	212
XANPARI20_008748-T1	SBS000444	37.101	345	201	7	1	341	18908	19906	9.70e-59	212
XANPARI20_008748-T1	SBS000048	37.101	345	201	7	1	341	18921	19919	9.70e-59	212
XANPARI20_008748-T1	SBS000525	37.101	345	201	7	1	341	18921	19919	9.70e-59	212
XANPARI20_008748-T1	SBS000505	37.101	345	201	7	1	341	18997	19995	9.70e-59	212
XANPARI20_008748-T1	SBS000193	37.101	345	201	7	1	341	24410	25408	1.11e-58	212
XANPARI20_008748-T1	SBS000646	36.550	342	201	7	4	341	18929	19918	1.29e-57	208
XANPARI20_008748-T1	SBS000351	37.464	347	204	6	1	341	8970	9989	4.36e-56	204
XANPARI20_008748-T1	SBS000313	37.110	353	205	9	1	346	13783	14811	5.29e-55	201
XANPARI20_008748-T1	SBS000244	37.110	353	205	9	1	346	13841	14869	5.29e-55	201
XANPARI20_008748-T1	SBS000077	38.462	325	192	4	24	345	257818	256859	3.79e-54	198
XANPARI20_008748-T1	SBS000296	36.888	347	207	7	1	341	32046	31024	5.95e-54	197
XANPARI20_008748-T1	SBS000328	33.428	353	217	8	1	353	40683	41687	1.21e-51	191
XANPARI20_008748-T1	SBS000545	33.526	346	218	7	1	342	54601	55614	5.60e-51	189
XANPARI20_008748-T1	SBS000302	34.758	351	211	6	1	342	33539	34564	1.76e-50	187
XANPARI20_008748-T1	SBS000615	34.582	347	217	6	1	342	29661	30686	2.28e-50	187
XANPARI20_008748-T1	SBS000434	34.582	347	217	6	1	342	29661	30686	2.28e-50	187
XANPARI20_008748-T1	SBS000134	34.582	347	217	6	1	342	29660	30685	2.28e-50	187
XANPARI20_008748-T1	SBS000359	34.582	347	217	6	1	342	29751	30776	2.28e-50	187
XANPARI20_008748-T1	SBS000277	34.582	347	217	6	1	342	29751	30776	2.28e-50	187
XANPARI20_008748-T1	SBS000076	34.582	347	217	6	1	342	29751	30776	2.28e-50	187
XANPARI20_008748-T1	SBS000558	34.530	362	217	8	1	349	21128	22192	2.29e-50	187
XANPARI20_008748-T1	SBS000465	35.942	345	211	7	1	342	22676	21663	4.72e-50	186
XANPARI20_008748-T1	SBS000465	41.667	168	86	3	348	514	21204	20734	7.13e-32	132
XANPARI20_008748-T1	SBS000333	34.659	352	217	9	1	346	54670	55704	8.06e-50	186
XANPARI20_008748-T1	SBS000333	43.452	168	82	3	348	514	56095	56562	5.05e-33	135
XANPARI20_008748-T1	SBS000150	34.659	352	217	9	1	346	54745	55779	8.06e-50	186
XANPARI20_008748-T1	SBS000150	43.452	168	82	3	348	514	56170	56637	5.05e-33	135
XANPARI20_008748-T1	SBS000068	35.652	345	212	7	1	342	68317	67304	1.63e-49	184
XANPARI20_008748-T1	SBS000068	42.262	168	85	3	348	514	66845	66375	2.67e-32	133
XANPARI20_008748-T1	SBS000206	32.964	361	234	8	1	358	17130	16063	1.13e-46	176
XANPARI20_008748-T1	SBS000206	46.875	160	75	2	348	506	15653	15201	1.38e-35	143
XANPARI20_008748-T1	SBS000339	34.670	349	216	6	1	345	61916	62938	6.13e-46	174
XANPARI20_008748-T1	SBS000289	34.670	349	216	6	1	345	61916	62938	6.13e-46	174
XANPARI20_008748-T1	SBS000071	33.908	348	219	7	1	341	7075	6044	6.92e-45	171
XANPARI20_008748-T1	SBS000040	31.476	359	239	4	1	357	106162	105101	8.49e-45	171
XANPARI20_008748-T1	SBS000113	31.476	359	239	4	1	357	106673	105612	8.49e-45	171
XANPARI20_008748-T1	SBS000039	31.476	359	239	4	1	357	106752	105691	8.49e-45	171
XANPARI20_008748-T1	SBS000215	34.000	350	218	6	1	345	61869	62894	1.80e-44	169
XANPARI20_008748-T1	SBS000501	33.616	354	219	9	4	352	32387	31359	5.64e-42	162
XANPARI20_008748-T1	SBS000245	34.259	216	122	5	129	343	68662	69252	1.75e-40	117
XANPARI20_008748-T1	SBS000245	33.028	109	72	1	1	109	68349	68672	1.75e-40	68.9
XANPARI20_008748-T1	SBS000251	31.778	343	221	8	4	341	28836	27832	7.40e-39	153
XANPARI20_008748-T1	SBS000102	29.915	351	230	8	1	341	118719	119753	1.83e-37	149
XANPARI20_008748-T1	SBS000376	30.060	336	224	6	8	341	21959	20979	3.29e-37	148
XANPARI20_008748-T1	SBS000631	30.060	336	224	6	8	341	21977	20997	3.29e-37	148
XANPARI20_008748-T1	SBS000417	30.060	336	224	6	8	341	21849	20869	3.60e-37	148
XANPARI20_008748-T1	SBS000585	30.060	336	224	6	8	341	21979	20999	3.61e-37	148
XANPARI20_008748-T1	SBS000268	30.060	336	224	6	8	341	22848	21868	3.61e-37	148
XANPARI20_008748-T1	SBS000550	30.655	336	222	6	8	341	22339	21359	1.54e-36	146
XANPARI20_008748-T1	SBS000354	30.655	336	222	6	8	341	22346	21366	2.39e-36	145
XANPARI20_008748-T1	SBS000293	30.655	336	222	6	8	341	22372	21392	2.43e-36	145
XANPARI20_008748-T1	SBS000543	30.655	336	222	6	8	341	22255	21275	2.44e-36	145
XANPARI20_008748-T1	SBS000520	30.462	325	203	7	24	338	46587	45652	9.00e-36	144
XANPARI20_008748-T1	SBS000616	32.659	346	213	9	3	341	153370	154368	2.33e-35	142
XANPARI20_008748-T1	SBS000495	32.659	346	213	9	3	341	97942	96944	2.33e-35	142
XANPARI20_008748-T1	SBS000249	31.215	362	217	9	1	341	42122	43174	3.39e-35	142
XANPARI20_008748-T1	SBS000450	31.215	362	217	9	1	341	42127	43179	3.39e-35	142
XANPARI20_008748-T1	SBS000252	28.613	346	222	8	24	360	12401	13390	4.24e-35	141
XANPARI20_008748-T1	SBS000270	28.613	346	222	8	24	360	12791	13780	4.25e-35	141
XANPARI20_008748-T1	SBS000149	28.613	346	222	8	24	360	12842	13831	4.25e-35	141
XANPARI20_008748-T1	SBS000191	27.606	355	225	8	1	340	30249	29236	7.12e-35	141
XANPARI20_008748-T1	SBS000611	29.193	322	215	5	24	340	22803	23744	1.07e-34	140
XANPARI20_008748-T1	SBS000502	29.193	322	215	5	24	340	23189	24130	1.07e-34	140
XANPARI20_008748-T1	SBS000209	29.745	353	234	7	1	341	31677	30625	1.10e-34	140
XANPARI20_008748-T1	SBS000092	27.907	344	230	7	5	340	62991	61990	2.78e-34	139
XANPARI20_008748-T1	SBS000037	28.488	344	225	7	24	360	12523	13512	2.84e-34	139
XANPARI20_008748-T1	SBS000101	28.488	344	225	7	24	360	12676	13665	2.84e-34	139
XANPARI20_008748-T1	SBS000396	29.945	364	233	8	1	348	49784	50857	1.16e-33	137
XANPARI20_008748-T1	SBS000620	29.945	364	233	8	1	348	49791	50864	1.16e-33	137
XANPARI20_008748-T1	SBS000283	31.143	350	209	9	1	342	60211	59234	1.32e-33	137
XANPARI20_008748-T1	SBS000445	28.814	354	240	7	9	358	46733	45696	5.98e-32	132
XANPARI20_008748-T1	SBS000393	28.814	354	240	7	9	358	59513	58476	5.99e-32	132
XANPARI20_008748-T1	SBS000171	28.402	338	226	7	9	340	34337	33354	7.59e-32	132
XANPARI20_008748-T1	SBS000267	28.869	336	227	7	9	340	76699	75716	8.37e-32	131
XANPARI20_008748-T1	SBS000168	28.402	338	226	7	9	340	76872	75889	1.70e-31	130
XANPARI20_008748-T1	SBS000452	28.402	338	226	7	9	340	36506	35523	2.69e-31	130
XANPARI20_008748-T1	SBS000219	28.402	338	226	7	9	340	40061	39078	2.69e-31	130
XANPARI20_008748-T1	SBS000504	28.402	338	226	7	9	340	39750	38767	2.70e-31	130
XANPARI20_008748-T1	SBS000648	28.402	338	226	7	9	340	36486	35503	2.70e-31	130
XANPARI20_008748-T1	SBS000041	28.402	338	226	7	9	340	39983	39000	2.70e-31	130
XANPARI20_008748-T1	SBS000020	28.402	338	226	7	9	340	76692	75709	2.70e-31	130
XANPARI20_008748-T1	SBS000067	28.402	338	226	7	9	340	35130	34147	2.74e-31	130
XANPARI20_008748-T1	SBS000258	28.402	338	226	7	9	340	35105	34122	7.71e-31	129
