XANPAOZ2100_002165-T1	SBS000314	38.235	272	159	5	4	271	36232	35432	4.31e-44	166
XANPAOZ2100_002165-T1	SBS000394	35.000	280	169	7	1	274	32506	31688	3.24e-43	164
XANPAOZ2100_002165-T1	SBS000424	35.971	278	162	7	1	274	18529	19326	1.74e-42	162
XANPAOZ2100_002165-T1	SBS000460	35.971	278	162	7	1	274	18557	19354	1.74e-42	162
XANPAOZ2100_002165-T1	SBS000538	35.971	278	162	7	1	274	18590	19387	1.74e-42	162
XANPAOZ2100_002165-T1	SBS000073	35.971	278	162	7	1	274	18575	19372	1.74e-42	162
XANPAOZ2100_002165-T1	SBS000177	35.971	278	162	7	1	274	18678	19475	1.74e-42	162
XANPAOZ2100_002165-T1	SBS000158	35.971	278	162	7	1	274	18544	19341	1.87e-42	162
XANPAOZ2100_002165-T1	SBS000444	35.971	278	162	7	1	274	18908	19705	1.87e-42	162
XANPAOZ2100_002165-T1	SBS000048	35.971	278	162	7	1	274	18921	19718	1.87e-42	162
XANPAOZ2100_002165-T1	SBS000525	35.971	278	162	7	1	274	18921	19718	1.87e-42	162
XANPAOZ2100_002165-T1	SBS000505	35.971	278	162	7	1	274	18997	19794	1.87e-42	162
XANPAOZ2100_002165-T1	SBS000193	35.971	278	162	7	1	274	24410	25207	1.88e-42	162
XANPAOZ2100_002165-T1	SBS000027	35.971	278	162	7	1	274	29616	30413	2.10e-42	161
XANPAOZ2100_002165-T1	SBS000351	37.545	277	160	6	1	271	8970	9779	2.55e-41	158
XANPAOZ2100_002165-T1	SBS000646	35.273	275	162	7	4	274	18929	19717	4.01e-41	157
XANPAOZ2100_002167-T1	SBS000165	37.945	983	560	10	507	1469	77305	80163	0.0	622
XANPAOZ2100_002167-T1	SBS000165	50.617	81	37	1	368	445	76774	77016	0.0	80.9
XANPAOZ2100_002167-T1	SBS000165	43.478	46	23	1	463	505	77132	77269	0.0	37.0
XANPAOZ2100_002167-T1	SBS000284	38.149	983	558	10	507	1469	14307	11449	0.0	620
XANPAOZ2100_002167-T1	SBS000284	50.617	81	37	1	368	445	14838	14596	0.0	80.9
XANPAOZ2100_002167-T1	SBS000284	41.463	41	24	0	463	503	14480	14358	0.0	36.2
XANPAOZ2100_002167-T1	SBS000229	38.149	983	558	10	507	1469	84105	86963	0.0	620
XANPAOZ2100_002167-T1	SBS000229	50.617	81	37	1	368	445	83574	83816	0.0	80.9
XANPAOZ2100_002167-T1	SBS000229	41.463	41	24	0	463	503	83932	84054	0.0	36.2
XANPAOZ2100_002167-T1	SBS000409	42.081	865	471	9	580	1434	51717	49183	0.0	596
XANPAOZ2100_002167-T1	SBS000409	45.679	81	41	1	368	445	52536	52294	0.0	72.4
XANPAOZ2100_002167-T1	SBS000409	38.667	75	46	0	507	581	51998	51774	0.0	57.0
XANPAOZ2100_002167-T1	SBS000409	47.826	46	23	1	462	507	52186	52052	0.0	38.1
XANPAOZ2100_002167-T1	SBS000488	39.513	739	418	7	648	1384	81375	83510	0.0	493
XANPAOZ2100_002167-T1	SBS000488	34.395	157	86	1	507	646	80905	81375	0.0	94.4
XANPAOZ2100_002167-T1	SBS000488	50.617	81	37	1	368	445	80374	80616	0.0	80.9
XANPAOZ2100_002167-T1	SBS000488	36.145	83	49	2	1388	1469	83519	83758	0.0	48.9
XANPAOZ2100_002167-T1	SBS000488	43.478	46	23	1	463	505	80732	80869	0.0	37.0
XANPAOZ2100_002167-T1	SBS000096	39.513	739	418	7	648	1384	13104	10969	0.0	493
XANPAOZ2100_002167-T1	SBS000096	34.395	157	86	1	507	646	13574	13104	0.0	94.4
XANPAOZ2100_002167-T1	SBS000096	50.617	81	37	1	368	445	14105	13863	0.0	80.9
XANPAOZ2100_002167-T1	SBS000096	36.145	83	49	2	1388	1469	10960	10721	0.0	48.9
XANPAOZ2100_002167-T1	SBS000096	43.478	46	23	1	463	505	13747	13610	0.0	37.0
XANPAOZ2100_002167-T1	SBS000268	39.742	853	453	12	461	1274	78404	80896	2.82e-177	560
XANPAOZ2100_002167-T1	SBS000268	53.012	83	36	1	366	445	78055	78303	2.82e-177	84.7
XANPAOZ2100_002167-T1	SBS000585	39.742	853	453	12	461	1274	77535	80027	2.82e-177	560
XANPAOZ2100_002167-T1	SBS000585	53.012	83	36	1	366	445	77186	77434	2.82e-177	84.7
XANPAOZ2100_002167-T1	SBS000354	39.742	853	453	12	461	1274	75977	78469	7.11e-177	558
XANPAOZ2100_002167-T1	SBS000354	53.012	83	36	1	366	445	75628	75876	7.11e-177	85.1
XANPAOZ2100_002167-T1	SBS000543	39.742	853	453	12	461	1274	79850	82342	1.05e-176	557
XANPAOZ2100_002167-T1	SBS000543	53.012	83	36	1	366	445	79501	79749	1.05e-176	85.1
XANPAOZ2100_002167-T1	SBS000550	39.742	853	453	12	461	1274	76279	78771	1.05e-176	557
XANPAOZ2100_002167-T1	SBS000550	53.012	83	36	1	366	445	75930	76178	1.05e-176	85.1
XANPAOZ2100_002167-T1	SBS000127	41.367	863	476	9	582	1434	100922	98394	1.12e-175	583
XANPAOZ2100_002167-T1	SBS000127	38.667	75	46	0	507	581	101209	100985	1.12e-175	55.5
XANPAOZ2100_002167-T1	SBS000114	37.229	967	543	10	463	1396	96314	93507	4.87e-172	555
XANPAOZ2100_002167-T1	SBS000114	46.341	82	41	1	367	445	96664	96419	4.87e-172	71.2
XANPAOZ2100_002167-T1	SBS000317	39.596	793	434	10	507	1274	85652	87970	2.04e-171	529
XANPAOZ2100_002167-T1	SBS000317	45.161	93	48	1	356	445	85086	85364	2.04e-171	80.9
XANPAOZ2100_002167-T1	SBS000317	40.476	42	25	0	462	503	85471	85596	2.04e-171	37.4
XANPAOZ2100_002167-T1	SBS000259	39.547	794	432	11	507	1274	6345	4030	9.89e-171	525
XANPAOZ2100_002167-T1	SBS000259	44.086	93	49	1	356	445	6911	6633	9.89e-171	82.8
XANPAOZ2100_002167-T1	SBS000259	42.857	42	24	0	462	503	6526	6401	9.89e-171	37.4
XANPAOZ2100_002167-T1	SBS000640	38.539	794	444	9	505	1274	49571	47250	1.55e-168	519
XANPAOZ2100_002167-T1	SBS000640	42.236	161	72	3	364	503	50098	49616	1.55e-168	95.5
XANPAOZ2100_002167-T1	SBS000270	40.143	700	392	8	582	1274	46833	44794	3.08e-166	480
XANPAOZ2100_002167-T1	SBS000270	43.011	93	50	1	356	445	47673	47395	3.08e-166	81.6
XANPAOZ2100_002167-T1	SBS000270	40.541	74	40	2	508	579	47104	46889	3.08e-166	51.6
XANPAOZ2100_002167-T1	SBS000270	42.857	42	24	0	462	503	47288	47163	3.08e-166	37.7
XANPAOZ2100_002167-T1	SBS000149	40.143	700	392	8	582	1274	46888	44849	3.66e-166	480
XANPAOZ2100_002167-T1	SBS000149	43.011	93	50	1	356	445	47728	47450	3.66e-166	81.6
XANPAOZ2100_002167-T1	SBS000149	40.541	74	40	2	508	579	47159	46944	3.66e-166	51.6
XANPAOZ2100_002167-T1	SBS000149	42.857	42	24	0	462	503	47343	47218	3.66e-166	37.7
XANPAOZ2100_002167-T1	SBS000411	38.173	854	465	12	461	1274	154534	157026	6.63e-153	503
XANPAOZ2100_002167-T1	SBS000411	48.193	83	40	1	366	445	154185	154433	6.63e-153	59.7
XANPAOZ2100_002167-T1	SBS000303	38.173	854	465	12	461	1274	103196	105688	6.64e-153	503
XANPAOZ2100_002167-T1	SBS000303	48.193	83	40	1	366	445	102847	103095	6.64e-153	59.7
XANPAOZ2100_002167-T1	SBS000390	37.268	915	516	10	506	1397	47669	45030	2.28e-138	474
XANPAOZ2100_002167-T1	SBS000210	35.910	983	580	10	507	1469	72964	75822	1.01e-132	457
XANPARI20_008745-T1	SBS000531	55.034	149	50	1	72	203	168582	169028	6.08e-41	150
XANPARI20_008746-T1	SBS000165	38.047	983	559	10	635	1597	77305	80163	0.0	627
XANPARI20_008746-T1	SBS000284	38.250	983	557	10	635	1597	14307	11449	0.0	625
XANPARI20_008746-T1	SBS000229	38.250	983	557	10	635	1597	84105	86963	0.0	625
XANPARI20_008746-T1	SBS000409	42.197	865	470	9	708	1562	51717	49183	0.0	600
XANPARI20_008746-T1	SBS000409	38.667	75	46	0	635	709	51998	51774	0.0	57.0
XANPARI20_008746-T1	SBS000409	51.613	31	14	1	605	635	52141	52052	0.0	30.4
XANPARI20_008746-T1	SBS000127	41.483	863	475	9	710	1562	100922	98394	3.93e-177	588
XANPARI20_008746-T1	SBS000127	38.667	75	46	0	635	709	101209	100985	3.93e-177	55.5
XANPARI20_008746-T1	SBS000096	39.513	739	418	7	776	1512	13104	10969	1.38e-173	493
XANPARI20_008746-T1	SBS000096	35.032	157	85	1	635	774	13574	13104	1.38e-173	100
XANPARI20_008746-T1	SBS000096	36.145	83	49	2	1516	1597	10960	10721	1.38e-173	48.9
XANPARI20_008746-T1	SBS000096	53.125	32	12	1	605	633	13705	13610	1.38e-173	33.5
XANPARI20_008746-T1	SBS000488	39.513	739	418	7	776	1512	81375	83510	1.38e-173	493
XANPARI20_008746-T1	SBS000488	35.032	157	85	1	635	774	80905	81375	1.38e-173	100
XANPARI20_008746-T1	SBS000488	36.145	83	49	2	1516	1597	83519	83758	1.38e-173	48.9
XANPARI20_008746-T1	SBS000488	53.125	32	12	1	605	633	80774	80869	1.38e-173	33.5
XANPARI20_008746-T1	SBS000640	38.665	794	443	9	633	1402	49571	47250	2.56e-167	525
XANPARI20_008746-T1	SBS000640	41.615	161	70	2	495	631	50098	49616	2.56e-167	86.3
XANPARI20_008746-T1	SBS000585	40.143	837	440	12	605	1402	77583	80027	1.22e-165	559
XANPARI20_008746-T1	SBS000268	40.143	837	440	12	605	1402	78452	80896	1.22e-165	559
XANPARI20_008746-T1	SBS000354	40.143	837	440	12	605	1402	76025	78469	6.71e-165	557
XANPARI20_008746-T1	SBS000550	40.143	837	440	12	605	1402	76327	78771	9.55e-165	556
XANPARI20_008746-T1	SBS000543	40.143	837	440	12	605	1402	79898	82342	9.63e-165	556
XANPARI20_008746-T1	SBS000114	37.880	953	528	11	605	1524	96272	93507	2.52e-164	555
XANPARI20_008746-T1	SBS000317	39.723	793	433	10	635	1402	85652	87970	2.40e-157	535
XANPARI20_008746-T1	SBS000259	39.673	794	431	11	635	1402	6345	4030	4.62e-156	531
XANPARI20_008746-T1	SBS000270	40.286	700	391	8	710	1402	46833	44794	1.25e-148	486
XANPARI20_008746-T1	SBS000270	40.541	74	40	2	636	707	47104	46889	1.25e-148	51.6
XANPARI20_008746-T1	SBS000270	55.556	27	12	0	605	631	47243	47163	1.25e-148	33.5
XANPARI20_008746-T1	SBS000149	40.286	700	391	8	710	1402	46888	44849	2.25e-148	485
XANPARI20_008746-T1	SBS000149	40.541	74	40	2	636	707	47159	46944	2.25e-148	51.6
XANPARI20_008746-T1	SBS000149	55.556	27	12	0	605	631	47298	47218	2.25e-148	33.5
XANPARI20_008746-T1	SBS000303	38.544	838	452	12	605	1402	103244	105688	5.25e-147	503
XANPARI20_008746-T1	SBS000411	38.544	838	452	12	605	1402	154582	157026	5.32e-147	503
XANPARI20_008746-T1	SBS000390	37.377	915	515	10	634	1525	47669	45030	1.86e-139	481
XANPARI20_008746-T1	SBS000210	36.012	983	579	10	635	1597	72964	75822	1.55e-133	462
XANPARI20_008748-T1	SBS000394	35.876	354	214	7	1	348	32506	31466	1.22e-59	214
XANPARI20_008748-T1	SBS000314	38.439	346	204	5	4	345	36232	35210	1.27e-59	214
XANPARI20_008748-T1	SBS000424	37.101	345	201	7	1	341	18529	19527	6.72e-59	212
XANPARI20_008748-T1	SBS000460	37.101	345	201	7	1	341	18557	19555	6.72e-59	212
XANPARI20_008748-T1	SBS000538	37.101	345	201	7	1	341	18590	19588	6.72e-59	212
XANPARI20_008748-T1	SBS000073	37.101	345	201	7	1	341	18575	19573	6.72e-59	212
XANPARI20_008748-T1	SBS000177	37.101	345	201	7	1	341	18678	19676	6.72e-59	212
XANPARI20_008748-T1	SBS000027	37.101	345	201	7	1	341	29616	30614	9.30e-59	212
XANPARI20_008748-T1	SBS000158	37.101	345	201	7	1	341	18544	19542	9.69e-59	212
XANPARI20_008748-T1	SBS000444	37.101	345	201	7	1	341	18908	19906	9.70e-59	212
XANPARI20_008748-T1	SBS000048	37.101	345	201	7	1	341	18921	19919	9.70e-59	212
XANPARI20_008748-T1	SBS000525	37.101	345	201	7	1	341	18921	19919	9.70e-59	212
XANPARI20_008748-T1	SBS000505	37.101	345	201	7	1	341	18997	19995	9.70e-59	212
XANPARI20_008748-T1	SBS000193	37.101	345	201	7	1	341	24410	25408	1.11e-58	212
XANPARI20_008748-T1	SBS000646	36.550	342	201	7	4	341	18929	19918	1.29e-57	208
XANPARI20_008748-T1	SBS000351	37.464	347	204	6	1	341	8970	9989	4.36e-56	204
XANPARI20_008748-T1	SBS000313	37.110	353	205	9	1	346	13783	14811	5.29e-55	201
XANPARI20_008748-T1	SBS000244	37.110	353	205	9	1	346	13841	14869	5.29e-55	201
XANPARI20_008748-T1	SBS000077	38.462	325	192	4	24	345	257818	256859	3.79e-54	198
XANPARI20_008748-T1	SBS000296	36.888	347	207	7	1	341	32046	31024	5.95e-54	197
XANPARI20_008748-T1	SBS000328	33.428	353	217	8	1	353	40683	41687	1.21e-51	191
XANPARI20_008748-T1	SBS000545	33.526	346	218	7	1	342	54601	55614	5.60e-51	189
XANPARI20_008748-T1	SBS000302	34.758	351	211	6	1	342	33539	34564	1.76e-50	187
XANPARI20_008748-T1	SBS000615	34.582	347	217	6	1	342	29661	30686	2.28e-50	187
XANPARI20_008748-T1	SBS000434	34.582	347	217	6	1	342	29661	30686	2.28e-50	187
XANPARI20_008748-T1	SBS000134	34.582	347	217	6	1	342	29660	30685	2.28e-50	187
XANPARI20_008748-T1	SBS000359	34.582	347	217	6	1	342	29751	30776	2.28e-50	187
XANPARI20_008748-T1	SBS000277	34.582	347	217	6	1	342	29751	30776	2.28e-50	187
XANPARI20_008748-T1	SBS000076	34.582	347	217	6	1	342	29751	30776	2.28e-50	187
XANPARI20_008748-T1	SBS000558	34.530	362	217	8	1	349	21128	22192	2.29e-50	187
XANPARI20_008748-T1	SBS000465	35.942	345	211	7	1	342	22676	21663	4.72e-50	186
XANPARI20_008748-T1	SBS000333	34.659	352	217	9	1	346	54670	55704	6.50e-50	186
XANPARI20_008748-T1	SBS000150	34.659	352	217	9	1	346	54745	55779	6.50e-50	186
XANPARI20_008748-T1	SBS000068	35.652	345	212	7	1	342	68317	67304	1.63e-49	184
XANPARI20_008748-T1	SBS000206	32.964	361	234	8	1	358	17130	16063	1.13e-46	176
XANPARI20_008748-T1	SBS000339	34.670	349	216	6	1	345	61916	62938	6.13e-46	174
XANPARI20_008748-T1	SBS000289	34.670	349	216	6	1	345	61916	62938	6.13e-46	174
XANPARI20_008748-T1	SBS000071	33.908	348	219	7	1	341	7075	6044	6.92e-45	171
XANPARI20_008748-T1	SBS000040	31.476	359	239	4	1	357	106162	105101	8.49e-45	171
XANPARI20_008748-T1	SBS000113	31.476	359	239	4	1	357	106673	105612	8.49e-45	171
XANPARI20_008748-T1	SBS000039	31.476	359	239	4	1	357	106752	105691	8.49e-45	171
XANPARI20_008748-T1	SBS000215	34.000	350	218	6	1	345	61869	62894	1.80e-44	169
XANPARI20_008748-T1	SBS000501	33.616	354	219	9	4	352	32387	31359	5.64e-42	162
