easy-predict analysis_and_temp_files/13_starship_clean/genomes/Xanthoria_calcicola_GTX0491.scaffolds.fa /opt/conda/envs/starfish/db/YRsuperfamRefs.faa analysis_and_temp_files/13_starship_clean/geneFinder/metaeukData/GTX0491 analysis_and_temp_files/13_starship_clean/geneFinder --local-tmp analysis_and_temp_files/13_starship_clean/geneFinder --threads 10 --remove-tmp-files 1 -v 3 -s 7.5 -e 0.0001 --max-intron 2000 --max-seqs 300 --metaeuk-eval 0.001 --exhaustive-search 1 --metaeuk-tcov 0.25 --allow-deletion 1 --protein 1 --disk-space-limit 100G --compressed 1 

MMseqs Version:                                             	6.a5d39d9
Substitution matrix                                         	aa:blosum62.out,nucl:nucleotide.out
Add backtrace                                               	false
Alignment mode                                              	2
Alignment mode                                              	0
Allow wrapped scoring                                       	false
E-value threshold                                           	0.0001
Seq. id. threshold                                          	0
Min alignment length                                        	0
Seq. id. mode                                               	0
Alternative alignments                                      	0
Coverage threshold                                          	0
Coverage mode                                               	0
Max sequence length                                         	65535
Compositional bias                                          	1
Compositional bias                                          	1
Max reject                                                  	2147483647
Max accept                                                  	2147483647
Include identical seq. id.                                  	false
Preload mode                                                	0
Pseudo count a                                              	substitution:1.100,context:1.400
Pseudo count b                                              	substitution:4.100,context:5.800
Score bias                                                  	0
Realign hits                                                	false
Realign score bias                                          	-0.2
Realign max seqs                                            	2147483647
Correlation score weight                                    	0
Gap open cost                                               	aa:11,nucl:5
Gap extension cost                                          	aa:1,nucl:2
Zdrop                                                       	40
Threads                                                     	10
Compressed                                                  	1
Verbosity                                                   	3
Seed substitution matrix                                    	aa:VTML80.out,nucl:nucleotide.out
Sensitivity                                                 	7.5
k-mer length                                                	0
k-score                                                     	seq:2147483647,prof:2147483647
Alphabet size                                               	aa:21,nucl:5
Max results per query                                       	300
Split database                                              	0
Split mode                                                  	2
Split memory limit                                          	0
Diagonal scoring                                            	true
Exact k-mer matching                                        	0
Mask residues                                               	1
Mask residues probability                                   	0.9
Mask lower case residues                                    	0
Minimum diagonal score                                      	15
Spaced k-mers                                               	1
Spaced k-mer pattern                                        	
Local temporary path                                        	analysis_and_temp_files/13_starship_clean/geneFinder
Rescore mode                                                	0
Remove hits by seq. id. and coverage                        	false
Sort results                                                	0
Mask profile                                                	1
Profile E-value threshold                                   	0.001
Global sequence weighting                                   	false
Allow deletions                                             	true
Filter MSA                                                  	1
Use filter only at N seqs                                   	0
Maximum seq. id. threshold                                  	0.9
Minimum seq. id.                                            	0.0
Minimum score per column                                    	-20
Minimum coverage                                            	0
Select N most diverse seqs                                  	1000
Pseudo count mode                                           	0
Gap pseudo count                                            	10
Min codons in orf                                           	15
Max codons in length                                        	32734
Max orf gaps                                                	2147483647
Contig start mode                                           	2
Contig end mode                                             	2
Orf start mode                                              	1
Forward frames                                              	1,2,3
Reverse frames                                              	1,2,3
Translation table                                           	1
Translate orf                                               	0
Use all table starts                                        	false
Offset of numeric ids                                       	0
Create lookup                                               	0
Add orf stop                                                	false
Overlap between sequences                                   	0
Sequence split mode                                         	1
Header split mode                                           	0
Chain overlapping alignments                                	0
Merge query                                                 	1
Search type                                                 	0
Search iterations                                           	1
Start sensitivity                                           	4
Search steps                                                	1
Exhaustive search mode                                      	true
Filter results during exhaustive search                     	0
Strand selection                                            	1
LCA search mode                                             	false
Disk space limit                                            	100G
MPI runner                                                  	
Force restart with latest tmp                               	false
Remove temporary files                                      	true
maximal combined evalue of an optimal set                   	0.001
minimal length ratio between combined optimal set and target	0.25
Maximal intron length                                       	2000
Minimal intron length                                       	15
Minimal exon length aa                                      	11
Maximal overlap of exons                                    	10
Maximal number of exon sets                                 	1
Gap open penalty                                            	-1
Gap extend penalty                                          	-1
allow same-strand overlaps                                  	0
translate codons to AAs                                     	1
write target key instead of accession                       	0
write fragment contig coords                                	0
Reverse AA Fragments                                        	0

createdb analysis_and_temp_files/13_starship_clean/genomes/Xanthoria_calcicola_GTX0491.scaffolds.fa analysis_and_temp_files/13_starship_clean/geneFinder/13149512422352698250/contigs --dbtype 2 --compressed 1 -v 3 

Converting sequences
[
Time for merging to contigs_h: 0h 0m 0s 618ms
Time for merging to contigs: 0h 0m 0s 923ms
Database type: Nucleotide
Time for processing: 0h 0m 4s 558ms
createdb /opt/conda/envs/starfish/db/YRsuperfamRefs.faa analysis_and_temp_files/13_starship_clean/geneFinder/13149512422352698250/targets --dbtype 1 --compressed 1 -v 3 

Converting sequences
[
Time for merging to targets_h: 0h 0m 4s 250ms
Time for merging to targets: 0h 0m 3s 932ms
Database type: Aminoacid
Time for processing: 0h 0m 16s 501ms
Create directory analysis_and_temp_files/13_starship_clean/geneFinder/13149512422352698250/tmp_predict
predictexons analysis_and_temp_files/13_starship_clean/geneFinder/13149512422352698250/contigs analysis_and_temp_files/13_starship_clean/geneFinder/13149512422352698250/targets analysis_and_temp_files/13_starship_clean/geneFinder/13149512422352698250/MetaEuk_calls analysis_and_temp_files/13_starship_clean/geneFinder/13149512422352698250/tmp_predict --sub-mat 'aa:blosum62.out,nucl:nucleotide.out' -a 0 --alignment-mode 2 --alignment-output-mode 0 --wrapped-scoring 0 -e 0.0001 --min-seq-id 0 --min-aln-len 0 --seq-id-mode 0 --alt-ali 0 -c 0 --cov-mode 0 --max-seq-len 65535 --comp-bias-corr 1 --comp-bias-corr-scale 1 --max-rejected 2147483647 --max-accept 2147483647 --add-self-matches 0 --db-load-mode 0 --pca substitution:1.100,context:1.400 --pcb substitution:4.100,context:5.800 --score-bias 0 --realign 0 --realign-score-bias -0.2 --realign-max-seqs 2147483647 --corr-score-weight 0 --gap-open aa:11,nucl:5 --gap-extend aa:1,nucl:2 --zdrop 40 --threads 10 --compressed 1 -v 3 --seed-sub-mat 'aa:VTML80.out,nucl:nucleotide.out' -s 7.5 -k 0 --k-score seq:2147483647,prof:2147483647 --alph-size aa:21,nucl:5 --max-seqs 300 --split 0 --split-mode 2 --split-memory-limit 0 --diag-score 1 --exact-kmer-matching 0 --mask 1 --mask-prob 0.9 --mask-lower-case 0 --min-ungapped-score 15 --spaced-kmer-mode 1 --local-tmp analysis_and_temp_files/13_starship_clean/geneFinder --rescore-mode 0 --filter-hits 0 --sort-results 0 --mask-profile 1 --e-profile 0.001 --wg 0 --allow-deletion 1 --filter-msa 1 --filter-min-enable 0 --max-seq-id 0.9 --qid '0.0' --qsc -20 --cov 0 --diff 1000 --pseudo-cnt-mode 0 --gap-pc 10 --min-length 15 --max-length 32734 --max-gaps 2147483647 --contig-start-mode 2 --contig-end-mode 2 --orf-start-mode 1 --forward-frames 1,2,3 --reverse-frames 1,2,3 --translation-table 1 --translate 0 --use-all-table-starts 0 --id-offset 0 --create-lookup 0 --add-orf-stop 0 --sequence-overlap 0 --sequence-split-mode 1 --headers-split-mode 0 --chain-alignments 0 --merge-query 1 --search-type 0 --num-iterations 1 --start-sens 4 --sens-steps 1 --exhaustive-search 1 --exhaustive-search-filter 0 --strand 1 --lca-search 0 --disk-space-limit 100G --force-reuse 0 --remove-tmp-files 1 --metaeuk-eval 0.001 --metaeuk-tcov 0.25 --max-intron 2000 --min-intron 15 --min-exon-aa 11 --max-overlap 10 --max-exon-sets 1 --set-gap-open -1 --set-gap-extend -1 --reverse-fragments 0 

extractorfs /tsl/scratch/gol22pin/02_long_read_assemblies/analysis_and_temp_files/13_starship_clean/geneFinder/13149512422352698250/contigs /tsl/scratch/gol22pin/02_long_read_assemblies/analysis_and_temp_files/13_starship_clean/geneFinder/13149512422352698250/tmp_predict/15342611263271931268/nucl_6f --min-length 15 --max-length 32734 --max-gaps 2147483647 --contig-start-mode 2 --contig-end-mode 2 --orf-start-mode 1 --forward-frames 1,2,3 --reverse-frames 1,2,3 --translation-table 1 --translate 0 --use-all-table-starts 0 --id-offset 0 --create-lookup 0 --threads 10 --compressed 1 -v 3 

[=================================================================] 16 0s 856ms
Time for merging to nucl_6f_h: 0h 0m 2s 628ms
Time for merging to nucl_6f: 0h 0m 3s 27ms
Time for processing: 0h 0m 15s 503ms
translatenucs /tsl/scratch/gol22pin/02_long_read_assemblies/analysis_and_temp_files/13_starship_clean/geneFinder/13149512422352698250/tmp_predict/15342611263271931268/nucl_6f /tsl/scratch/gol22pin/02_long_read_assemblies/analysis_and_temp_files/13_starship_clean/geneFinder/13149512422352698250/tmp_predict/15342611263271931268/aa_6f --translation-table 1 --add-orf-stop 0 -v 3 --compressed 1 --threads 10 

[=================================================================] 1.36M 0s 835ms
Time for merging to aa_6f: 0h 0m 5s 127ms
Time for processing: 0h 0m 10s 967ms
Create directory /tsl/scratch/gol22pin/02_long_read_assemblies/analysis_and_temp_files/13_starship_clean/geneFinder/13149512422352698250/tmp_predict/15342611263271931268/tmp_search
search /tsl/scratch/gol22pin/02_long_read_assemblies/analysis_and_temp_files/13_starship_clean/geneFinder/13149512422352698250/tmp_predict/15342611263271931268/aa_6f /tsl/scratch/gol22pin/02_long_read_assemblies/analysis_and_temp_files/13_starship_clean/geneFinder/13149512422352698250/targets /tsl/scratch/gol22pin/02_long_read_assemblies/analysis_and_temp_files/13_starship_clean/geneFinder/13149512422352698250/tmp_predict/15342611263271931268/search_res /tsl/scratch/gol22pin/02_long_read_assemblies/analysis_and_temp_files/13_starship_clean/geneFinder/13149512422352698250/tmp_predict/15342611263271931268/tmp_search --sub-mat 'aa:blosum62.out,nucl:nucleotide.out' -a 0 --alignment-mode 2 --alignment-output-mode 0 --wrapped-scoring 0 -e 0.0001 --min-seq-id 0 --min-aln-len 11 --seq-id-mode 0 --alt-ali 0 -c 0 --cov-mode 0 --max-seq-len 65535 --comp-bias-corr 1 --comp-bias-corr-scale 1 --max-rejected 2147483647 --max-accept 2147483647 --add-self-matches 0 --db-load-mode 0 --pca substitution:1.100,context:1.400 --pcb substitution:4.100,context:5.800 --score-bias 0 --realign 0 --realign-score-bias -0.2 --realign-max-seqs 2147483647 --corr-score-weight 0 --gap-open aa:11,nucl:5 --gap-extend aa:1,nucl:2 --zdrop 40 --threads 10 --compressed 1 -v 3 --seed-sub-mat 'aa:VTML80.out,nucl:nucleotide.out' -s 7.5 -k 0 --k-score seq:2147483647,prof:2147483647 --alph-size aa:21,nucl:5 --max-seqs 300 --split 0 --split-mode 2 --split-memory-limit 0 --diag-score 1 --exact-kmer-matching 0 --mask 1 --mask-prob 0.9 --mask-lower-case 0 --min-ungapped-score 15 --spaced-kmer-mode 1 --local-tmp analysis_and_temp_files/13_starship_clean/geneFinder --rescore-mode 0 --filter-hits 0 --sort-results 0 --mask-profile 1 --e-profile 0.001 --wg 0 --allow-deletion 1 --filter-msa 1 --filter-min-enable 0 --max-seq-id 0.9 --qid '0.0' --qsc -20 --cov 0 --diff 1000 --pseudo-cnt-mode 0 --gap-pc 10 --min-length 15 --max-length 32734 --max-gaps 2147483647 --contig-start-mode 2 --contig-end-mode 2 --orf-start-mode 1 --forward-frames 1,2,3 --reverse-frames 1,2,3 --translation-table 1 --translate 0 --use-all-table-starts 0 --id-offset 0 --create-lookup 0 --add-orf-stop 0 --sequence-overlap 0 --sequence-split-mode 1 --headers-split-mode 0 --chain-alignments 0 --merge-query 1 --search-type 0 --num-iterations 1 --start-sens 4 --sens-steps 1 --exhaustive-search 1 --exhaustive-search-filter 0 --strand 1 --lca-search 0 --disk-space-limit 100G --force-reuse 0 --remove-tmp-files 1 

prefilter /tsl/scratch/gol22pin/02_long_read_assemblies/analysis_and_temp_files/13_starship_clean/geneFinder/13149512422352698250/tmp_predict/15342611263271931268/tmp_search/7405279081633008484/profileDB /tsl/scratch/gol22pin/02_long_read_assemblies/analysis_and_temp_files/13_starship_clean/geneFinder/13149512422352698250/tmp_predict/15342611263271931268/aa_6f /tsl/scratch/gol22pin/02_long_read_assemblies/analysis_and_temp_files/13_starship_clean/geneFinder/13149512422352698250/tmp_predict/15342611263271931268/tmp_search/7405279081633008484/pref --sub-mat 'aa:blosum62.out,nucl:nucleotide.out' --seed-sub-mat 'aa:VTML80.out,nucl:nucleotide.out' -s 7.5 -k 0 --k-score seq:2147483647,prof:2147483647 --alph-size aa:21,nucl:5 --max-seq-len 65535 --max-seqs 1356488 --split 0 --split-mode 2 --split-memory-limit 0 -c 0 --cov-mode 0 --comp-bias-corr 1 --comp-bias-corr-scale 1 --diag-score 1 --exact-kmer-matching 0 --mask 1 --mask-prob 0.9 --mask-lower-case 0 --min-ungapped-score 15 --add-self-matches 0 --spaced-kmer-mode 1 --db-load-mode 0 --pca substitution:1.100,context:1.400 --pcb substitution:4.100,context:5.800 --local-tmp analysis_and_temp_files/13_starship_clean/geneFinder --threads 10 --compressed 1 -v 3 

Query database size: 1222 type: Aminoacid
Estimated memory consumption: 2G
Target database size: 1356488 type: Aminoacid
Index table k-mer threshold: 96 at k-mer size 6 
Index table: counting k-mers
[=================================================================] 1.36M 1s 254ms
Index table: Masked residues: 476801
Index table: fill
[=================================================================] 1.36M 1s 339ms
Index statistics
Entries:          43238948
DB size:          735 MB
Avg k-mer size:   0.675609
Top 10 k-mers
    SSSRRA	468
    YSRSTK	451
    GLYLRL	434
    VILYIN	404
    YYVRLR	391
    YTLITY	346
    SNLKIY	341
    LVIYTP	330
    SYSEIY	323
    IRTYNY	321
Time for index table init: 0h 0m 3s 113ms
Process prefiltering step 1 of 1

k-mer similarity threshold: 96
Starting prefiltering scores calculation (step 1 of 1)
Query db start 1 to 1222
Target db start 1 to 1356488
[=================================================================] 1.22K 6s 686ms

1899.853846 k-mers per position
701574 DB matches per sequence
2 overflows
0 queries produce too many hits (truncated result)
10405 sequences passed prefiltering per query sequence
9637 median result list length
0 sequences with 0 size result lists
Time for merging to pref: 0h 0m 0s 558ms
Time for processing: 0h 0m 14s 907ms
result2stats /tsl/scratch/gol22pin/02_long_read_assemblies/analysis_and_temp_files/13_starship_clean/geneFinder/13149512422352698250/tmp_predict/15342611263271931268/tmp_search/7405279081633008484/profileDB /tsl/scratch/gol22pin/02_long_read_assemblies/analysis_and_temp_files/13_starship_clean/geneFinder/13149512422352698250/tmp_predict/15342611263271931268/aa_6f /tsl/scratch/gol22pin/02_long_read_assemblies/analysis_and_temp_files/13_starship_clean/geneFinder/13149512422352698250/tmp_predict/15342611263271931268/tmp_search/7405279081633008484/pref /tsl/scratch/gol22pin/02_long_read_assemblies/analysis_and_temp_files/13_starship_clean/geneFinder/13149512422352698250/tmp_predict/15342611263271931268/tmp_search/7405279081633008484/pref_count.tsv --stat linecount --tsv --threads 10 --compressed 1 -v 3 

[=================================================================] 1.22K 0s 207ms
Time for merging to pref_count.tsv: 0h 0m 1s 214ms
Time for processing: 0h 0m 3s 246ms
align /tsl/scratch/gol22pin/02_long_read_assemblies/analysis_and_temp_files/13_starship_clean/geneFinder/13149512422352698250/tmp_predict/15342611263271931268/tmp_search/7405279081633008484/profileDB /tsl/scratch/gol22pin/02_long_read_assemblies/analysis_and_temp_files/13_starship_clean/geneFinder/13149512422352698250/tmp_predict/15342611263271931268/aa_6f /tsl/scratch/gol22pin/02_long_read_assemblies/analysis_and_temp_files/13_starship_clean/geneFinder/13149512422352698250/tmp_predict/15342611263271931268/tmp_search/7405279081633008484/pref /tsl/scratch/gol22pin/02_long_read_assemblies/analysis_and_temp_files/13_starship_clean/geneFinder/13149512422352698250/tmp_predict/15342611263271931268/tmp_search/7405279081633008484/aln --sub-mat 'aa:blosum62.out,nucl:nucleotide.out' -a 0 --alignment-mode 2 --alignment-output-mode 1 --wrapped-scoring 0 -e 0.111006 --min-seq-id 0 --min-aln-len 11 --seq-id-mode 0 --alt-ali 0 -c 0 --cov-mode 0 --max-seq-len 65535 --comp-bias-corr 1 --comp-bias-corr-scale 1 --max-rejected 2147483647 --max-accept 2147483647 --add-self-matches 0 --db-load-mode 0 --pca substitution:1.100,context:1.400 --pcb substitution:4.100,context:5.800 --score-bias 0 --realign 0 --realign-score-bias -0.2 --realign-max-seqs 2147483647 --corr-score-weight 0 --gap-open aa:11,nucl:5 --gap-extend aa:1,nucl:2 --zdrop 40 --threads 10 --compressed 1 -v 3 

Compute score and coverage
Query database size: 1222 type: Aminoacid
Target database size: 1356488 type: Aminoacid
Calculation of alignments
[=================================================================] 1.22K 15s 532ms
Time for merging to aln: 0h 0m 0s 261ms
12716098 alignments calculated
2416 sequence pairs passed the thresholds (0.000190 of overall calculated)
1.977087 hits per query sequence
Time for processing: 0h 0m 18s 38ms
rmdb /tsl/scratch/gol22pin/02_long_read_assemblies/analysis_and_temp_files/13_starship_clean/geneFinder/13149512422352698250/tmp_predict/15342611263271931268/tmp_search/7405279081633008484/pref -v 3 

Time for processing: 0h 0m 0s 416ms
mvdb /tsl/scratch/gol22pin/02_long_read_assemblies/analysis_and_temp_files/13_starship_clean/geneFinder/13149512422352698250/tmp_predict/15342611263271931268/tmp_search/7405279081633008484/aln /tsl/scratch/gol22pin/02_long_read_assemblies/analysis_and_temp_files/13_starship_clean/geneFinder/13149512422352698250/tmp_predict/15342611263271931268/tmp_search/7405279081633008484/aln_merged -v 3 

Time for processing: 0h 0m 0s 111ms
align /tsl/scratch/gol22pin/02_long_read_assemblies/analysis_and_temp_files/13_starship_clean/geneFinder/13149512422352698250/targets /tsl/scratch/gol22pin/02_long_read_assemblies/analysis_and_temp_files/13_starship_clean/geneFinder/13149512422352698250/tmp_predict/15342611263271931268/aa_6f /tsl/scratch/gol22pin/02_long_read_assemblies/analysis_and_temp_files/13_starship_clean/geneFinder/13149512422352698250/tmp_predict/15342611263271931268/tmp_search/7405279081633008484/aln_merged /tsl/scratch/gol22pin/02_long_read_assemblies/analysis_and_temp_files/13_starship_clean/geneFinder/13149512422352698250/tmp_predict/15342611263271931268/tmp_search/7405279081633008484/aln --sub-mat 'aa:blosum62.out,nucl:nucleotide.out' -a 0 --alignment-mode 2 --alignment-output-mode 0 --wrapped-scoring 0 -e 0.111006 --min-seq-id 0 --min-aln-len 11 --seq-id-mode 0 --alt-ali 0 -c 0 --cov-mode 0 --max-seq-len 65535 --comp-bias-corr 1 --comp-bias-corr-scale 1 --max-rejected 2147483647 --max-accept 2147483647 --add-self-matches 0 --db-load-mode 0 --pca substitution:1.100,context:1.400 --pcb substitution:4.100,context:5.800 --score-bias 0 --realign 0 --realign-score-bias -0.2 --realign-max-seqs 2147483647 --corr-score-weight 0 --gap-open aa:11,nucl:5 --gap-extend aa:1,nucl:2 --zdrop 40 --threads 10 --compressed 1 -v 3 

Compute score and coverage
Query database size: 1222 type: Aminoacid
Target database size: 1356488 type: Aminoacid
Calculation of alignments
[=================================================================] 1.22K 0s 80ms
Time for merging to aln: 0h 0m 0s 583ms
2416 alignments calculated
2416 sequence pairs passed the thresholds (1.000000 of overall calculated)
1.977087 hits per query sequence
Time for processing: 0h 0m 2s 533ms
rmdb /tsl/scratch/gol22pin/02_long_read_assemblies/analysis_and_temp_files/13_starship_clean/geneFinder/13149512422352698250/tmp_predict/15342611263271931268/tmp_search/7405279081633008484/aln_merged -v 3 

Time for processing: 0h 0m 0s 586ms
swapresults /tsl/scratch/gol22pin/02_long_read_assemblies/analysis_and_temp_files/13_starship_clean/geneFinder/13149512422352698250/targets /tsl/scratch/gol22pin/02_long_read_assemblies/analysis_and_temp_files/13_starship_clean/geneFinder/13149512422352698250/tmp_predict/15342611263271931268/aa_6f /tsl/scratch/gol22pin/02_long_read_assemblies/analysis_and_temp_files/13_starship_clean/geneFinder/13149512422352698250/tmp_predict/15342611263271931268/tmp_search/7405279081633008484/aln /tsl/scratch/gol22pin/02_long_read_assemblies/analysis_and_temp_files/13_starship_clean/geneFinder/13149512422352698250/tmp_predict/15342611263271931268/search_res --sub-mat 'aa:blosum62.out,nucl:nucleotide.out' -e 1.79769e+308 --split-memory-limit 0 --gap-open aa:11,nucl:5 --gap-extend aa:1,nucl:2 --threads 10 --compressed 1 --db-load-mode 0 -v 3 

Computing offsets.
[=================================================================] 1.22K 0s 7ms

Reading results.
[=================================================================] 1.22K 0s 0ms

Output database: /tsl/scratch/gol22pin/02_long_read_assemblies/analysis_and_temp_files/13_starship_clean/geneFinder/13149512422352698250/tmp_predict/15342611263271931268/search_res
[=================================================================] 1.36M 1s 247ms

Time for merging to search_res: 0h 0m 2s 780ms
Time for processing: 0h 0m 6s 239ms
rmdb /tsl/scratch/gol22pin/02_long_read_assemblies/analysis_and_temp_files/13_starship_clean/geneFinder/13149512422352698250/tmp_predict/15342611263271931268/tmp_search/7405279081633008484/aln_merged -v 3 

Time for processing: 0h 0m 0s 0ms
rmdb /tsl/scratch/gol22pin/02_long_read_assemblies/analysis_and_temp_files/13_starship_clean/geneFinder/13149512422352698250/tmp_predict/15342611263271931268/tmp_search/7405279081633008484/profileDB -v 3 

Time for processing: 0h 0m 0s 173ms
resultspercontig /tsl/scratch/gol22pin/02_long_read_assemblies/analysis_and_temp_files/13_starship_clean/geneFinder/13149512422352698250/contigs /tsl/scratch/gol22pin/02_long_read_assemblies/analysis_and_temp_files/13_starship_clean/geneFinder/13149512422352698250/tmp_predict/15342611263271931268/nucl_6f /tsl/scratch/gol22pin/02_long_read_assemblies/analysis_and_temp_files/13_starship_clean/geneFinder/13149512422352698250/tmp_predict/15342611263271931268/search_res /tsl/scratch/gol22pin/02_long_read_assemblies/analysis_and_temp_files/13_starship_clean/geneFinder/13149512422352698250/tmp_predict/15342611263271931268/search_res_by_contig --threads 10 --compressed 1 -v 3 

Computing ORF lookup
Computing contig offsets
Computing contig lookup
Time for contig lookup: 0h 0m 0s 124ms
[=================================================================] 16 0s 165ms
Time for merging to search_res_by_contig: 0h 0m 0s 346ms
Time for processing: 0h 0m 1s 481ms
collectoptimalset /tsl/scratch/gol22pin/02_long_read_assemblies/analysis_and_temp_files/13_starship_clean/geneFinder/13149512422352698250/tmp_predict/15342611263271931268/search_res_by_contig /tsl/scratch/gol22pin/02_long_read_assemblies/analysis_and_temp_files/13_starship_clean/geneFinder/13149512422352698250/targets /tsl/scratch/gol22pin/02_long_read_assemblies/analysis_and_temp_files/13_starship_clean/geneFinder/13149512422352698250/tmp_predict/15342611263271931268/dp_predictions --metaeuk-eval 0.001 --metaeuk-tcov 0.25 --max-intron 2000 --min-intron 15 --min-exon-aa 11 --max-overlap 10 --max-exon-sets 1 --set-gap-open -1 --set-gap-extend -1 --score-bias 0 --threads 10 --compressed 1 -v 3 

[=================================================================] 16 0s 14ms
Time for merging to dp_predictions: 0h 0m 0s 476ms
Time for processing: 0h 0m 1s 170ms
mvdb /tsl/scratch/gol22pin/02_long_read_assemblies/analysis_and_temp_files/13_starship_clean/geneFinder/13149512422352698250/tmp_predict/15342611263271931268/dp_predictions analysis_and_temp_files/13_starship_clean/geneFinder/13149512422352698250/MetaEuk_calls 

Time for processing: 0h 0m 0s 570ms
Removing temporary files from /tsl/scratch/gol22pin/02_long_read_assemblies/analysis_and_temp_files/13_starship_clean/geneFinder/13149512422352698250/tmp_predict/15342611263271931268
rm: descend into write-protected directory '/tsl/scratch/gol22pin/02_long_read_assemblies/analysis_and_temp_files/13_starship_clean/geneFinder/13149512422352698250/tmp_predict/15342611263271931268/tmp_search'? reduceredundancy analysis_and_temp_files/13_starship_clean/geneFinder/13149512422352698250/MetaEuk_calls analysis_and_temp_files/13_starship_clean/geneFinder/13149512422352698250/MetaEuk_preds analysis_and_temp_files/13_starship_clean/geneFinder/13149512422352698250/MetaEuk_preds_clust --overlap 0 --threads 10 --compressed 1 -v 3 

[=================================================================] 16 0s 31ms
Time for merging to MetaEuk_preds_clust: 0h 0m 0s 40ms
Time for merging to MetaEuk_preds: 0h 0m 0s 42ms
Time for processing: 0h 0m 1s 12ms
unitesetstofasta analysis_and_temp_files/13_starship_clean/geneFinder/13149512422352698250/contigs analysis_and_temp_files/13_starship_clean/geneFinder/13149512422352698250/targets analysis_and_temp_files/13_starship_clean/geneFinder/13149512422352698250/MetaEuk_preds analysis_and_temp_files/13_starship_clean/geneFinder/metaeukData/GTX0491 --protein 1 --translation-table 1 --target-key 0 --write-frag-coords 0 --max-seq-len 65535 --threads 10 -v 3 

[=================================================================] 16 0s 87ms
Time for merging to GTX0491.fas: 0h 0m 0s 73ms
Time for merging to GTX0491.codon.fas: 0h 0m 0s 63ms
Time for merging to GTX0491.headersMap.tsv: 0h 0m 0s 61ms
Time for merging to GTX0491.gff: 0h 0m 0s 245ms
Time for processing: 0h 0m 1s 488ms
easy-predict analysis_and_temp_files/13_starship_clean/genomes/Xanthoria_parietina_GTX0501.scaffolds.fa /opt/conda/envs/starfish/db/YRsuperfamRefs.faa analysis_and_temp_files/13_starship_clean/geneFinder/metaeukData/GTX0501 analysis_and_temp_files/13_starship_clean/geneFinder --local-tmp analysis_and_temp_files/13_starship_clean/geneFinder --threads 10 --remove-tmp-files 1 -v 3 -s 7.5 -e 0.0001 --max-intron 2000 --max-seqs 300 --metaeuk-eval 0.001 --exhaustive-search 1 --metaeuk-tcov 0.25 --allow-deletion 1 --protein 1 --disk-space-limit 100G --compressed 1 

MMseqs Version:                                             	6.a5d39d9
Substitution matrix                                         	aa:blosum62.out,nucl:nucleotide.out
Add backtrace                                               	false
Alignment mode                                              	2
Alignment mode                                              	0
Allow wrapped scoring                                       	false
E-value threshold                                           	0.0001
Seq. id. threshold                                          	0
Min alignment length                                        	0
Seq. id. mode                                               	0
Alternative alignments                                      	0
Coverage threshold                                          	0
Coverage mode                                               	0
Max sequence length                                         	65535
Compositional bias                                          	1
Compositional bias                                          	1
Max reject                                                  	2147483647
Max accept                                                  	2147483647
Include identical seq. id.                                  	false
Preload mode                                                	0
Pseudo count a                                              	substitution:1.100,context:1.400
Pseudo count b                                              	substitution:4.100,context:5.800
Score bias                                                  	0
Realign hits                                                	false
Realign score bias                                          	-0.2
Realign max seqs                                            	2147483647
Correlation score weight                                    	0
Gap open cost                                               	aa:11,nucl:5
Gap extension cost                                          	aa:1,nucl:2
Zdrop                                                       	40
Threads                                                     	10
Compressed                                                  	1
Verbosity                                                   	3
Seed substitution matrix                                    	aa:VTML80.out,nucl:nucleotide.out
Sensitivity                                                 	7.5
k-mer length                                                	0
k-score                                                     	seq:2147483647,prof:2147483647
Alphabet size                                               	aa:21,nucl:5
Max results per query                                       	300
Split database                                              	0
Split mode                                                  	2
Split memory limit                                          	0
Diagonal scoring                                            	true
Exact k-mer matching                                        	0
Mask residues                                               	1
Mask residues probability                                   	0.9
Mask lower case residues                                    	0
Minimum diagonal score                                      	15
Spaced k-mers                                               	1
Spaced k-mer pattern                                        	
Local temporary path                                        	analysis_and_temp_files/13_starship_clean/geneFinder
Rescore mode                                                	0
Remove hits by seq. id. and coverage                        	false
Sort results                                                	0
Mask profile                                                	1
Profile E-value threshold                                   	0.001
Global sequence weighting                                   	false
Allow deletions                                             	true
Filter MSA                                                  	1
Use filter only at N seqs                                   	0
Maximum seq. id. threshold                                  	0.9
Minimum seq. id.                                            	0.0
Minimum score per column                                    	-20
Minimum coverage                                            	0
Select N most diverse seqs                                  	1000
Pseudo count mode                                           	0
Gap pseudo count                                            	10
Min codons in orf                                           	15
Max codons in length                                        	32734
Max orf gaps                                                	2147483647
Contig start mode                                           	2
Contig end mode                                             	2
Orf start mode                                              	1
Forward frames                                              	1,2,3
Reverse frames                                              	1,2,3
Translation table                                           	1
Translate orf                                               	0
Use all table starts                                        	false
Offset of numeric ids                                       	0
Create lookup                                               	0
Add orf stop                                                	false
Overlap between sequences                                   	0
Sequence split mode                                         	1
Header split mode                                           	0
Chain overlapping alignments                                	0
Merge query                                                 	1
Search type                                                 	0
Search iterations                                           	1
Start sensitivity                                           	4
Search steps                                                	1
Exhaustive search mode                                      	true
Filter results during exhaustive search                     	0
Strand selection                                            	1
LCA search mode                                             	false
Disk space limit                                            	100G
MPI runner                                                  	
Force restart with latest tmp                               	false
Remove temporary files                                      	true
maximal combined evalue of an optimal set                   	0.001
minimal length ratio between combined optimal set and target	0.25
Maximal intron length                                       	2000
Minimal intron length                                       	15
Minimal exon length aa                                      	11
Maximal overlap of exons                                    	10
Maximal number of exon sets                                 	1
Gap open penalty                                            	-1
Gap extend penalty                                          	-1
allow same-strand overlaps                                  	0
translate codons to AAs                                     	1
write target key instead of accession                       	0
write fragment contig coords                                	0
Reverse AA Fragments                                        	0

createdb analysis_and_temp_files/13_starship_clean/genomes/Xanthoria_parietina_GTX0501.scaffolds.fa analysis_and_temp_files/13_starship_clean/geneFinder/13893506599593305036/contigs --dbtype 2 --compressed 1 -v 3 

Converting sequences
[
Time for merging to contigs_h: 0h 0m 0s 218ms
Time for merging to contigs: 0h 0m 0s 337ms
Database type: Nucleotide
Time for processing: 0h 0m 1s 662ms
createdb /opt/conda/envs/starfish/db/YRsuperfamRefs.faa analysis_and_temp_files/13_starship_clean/geneFinder/13893506599593305036/targets --dbtype 1 --compressed 1 -v 3 

Converting sequences
[
Time for merging to targets_h: 0h 0m 0s 220ms
Time for merging to targets: 0h 0m 0s 242ms
Database type: Aminoacid
Time for processing: 0h 0m 1s 129ms
Create directory analysis_and_temp_files/13_starship_clean/geneFinder/13893506599593305036/tmp_predict
predictexons analysis_and_temp_files/13_starship_clean/geneFinder/13893506599593305036/contigs analysis_and_temp_files/13_starship_clean/geneFinder/13893506599593305036/targets analysis_and_temp_files/13_starship_clean/geneFinder/13893506599593305036/MetaEuk_calls analysis_and_temp_files/13_starship_clean/geneFinder/13893506599593305036/tmp_predict --sub-mat 'aa:blosum62.out,nucl:nucleotide.out' -a 0 --alignment-mode 2 --alignment-output-mode 0 --wrapped-scoring 0 -e 0.0001 --min-seq-id 0 --min-aln-len 0 --seq-id-mode 0 --alt-ali 0 -c 0 --cov-mode 0 --max-seq-len 65535 --comp-bias-corr 1 --comp-bias-corr-scale 1 --max-rejected 2147483647 --max-accept 2147483647 --add-self-matches 0 --db-load-mode 0 --pca substitution:1.100,context:1.400 --pcb substitution:4.100,context:5.800 --score-bias 0 --realign 0 --realign-score-bias -0.2 --realign-max-seqs 2147483647 --corr-score-weight 0 --gap-open aa:11,nucl:5 --gap-extend aa:1,nucl:2 --zdrop 40 --threads 10 --compressed 1 -v 3 --seed-sub-mat 'aa:VTML80.out,nucl:nucleotide.out' -s 7.5 -k 0 --k-score seq:2147483647,prof:2147483647 --alph-size aa:21,nucl:5 --max-seqs 300 --split 0 --split-mode 2 --split-memory-limit 0 --diag-score 1 --exact-kmer-matching 0 --mask 1 --mask-prob 0.9 --mask-lower-case 0 --min-ungapped-score 15 --spaced-kmer-mode 1 --local-tmp analysis_and_temp_files/13_starship_clean/geneFinder --rescore-mode 0 --filter-hits 0 --sort-results 0 --mask-profile 1 --e-profile 0.001 --wg 0 --allow-deletion 1 --filter-msa 1 --filter-min-enable 0 --max-seq-id 0.9 --qid '0.0' --qsc -20 --cov 0 --diff 1000 --pseudo-cnt-mode 0 --gap-pc 10 --min-length 15 --max-length 32734 --max-gaps 2147483647 --contig-start-mode 2 --contig-end-mode 2 --orf-start-mode 1 --forward-frames 1,2,3 --reverse-frames 1,2,3 --translation-table 1 --translate 0 --use-all-table-starts 0 --id-offset 0 --create-lookup 0 --add-orf-stop 0 --sequence-overlap 0 --sequence-split-mode 1 --headers-split-mode 0 --chain-alignments 0 --merge-query 1 --search-type 0 --num-iterations 1 --start-sens 4 --sens-steps 1 --exhaustive-search 1 --exhaustive-search-filter 0 --strand 1 --lca-search 0 --disk-space-limit 100G --force-reuse 0 --remove-tmp-files 1 --metaeuk-eval 0.001 --metaeuk-tcov 0.25 --max-intron 2000 --min-intron 15 --min-exon-aa 11 --max-overlap 10 --max-exon-sets 1 --set-gap-open -1 --set-gap-extend -1 --reverse-fragments 0 

extractorfs /tsl/scratch/gol22pin/02_long_read_assemblies/analysis_and_temp_files/13_starship_clean/geneFinder/13893506599593305036/contigs /tsl/scratch/gol22pin/02_long_read_assemblies/analysis_and_temp_files/13_starship_clean/geneFinder/13893506599593305036/tmp_predict/4536174887330927272/nucl_6f --min-length 15 --max-length 32734 --max-gaps 2147483647 --contig-start-mode 2 --contig-end-mode 2 --orf-start-mode 1 --forward-frames 1,2,3 --reverse-frames 1,2,3 --translation-table 1 --translate 0 --use-all-table-starts 0 --id-offset 0 --create-lookup 0 --threads 10 --compressed 1 -v 3 

[=================================================================] 58 0s 688ms
Time for merging to nucl_6f_h: 0h 0m 0s 517ms
Time for merging to nucl_6f: 0h 0m 0s 939ms
Time for processing: 0h 0m 4s 248ms
translatenucs /tsl/scratch/gol22pin/02_long_read_assemblies/analysis_and_temp_files/13_starship_clean/geneFinder/13893506599593305036/tmp_predict/4536174887330927272/nucl_6f /tsl/scratch/gol22pin/02_long_read_assemblies/analysis_and_temp_files/13_starship_clean/geneFinder/13893506599593305036/tmp_predict/4536174887330927272/aa_6f --translation-table 1 --add-orf-stop 0 -v 3 --compressed 1 --threads 10 

[=================================================================] 1.11M 0s 801ms
Time for merging to aa_6f: 0h 0m 0s 728ms
Time for processing: 0h 0m 2s 196ms
Create directory /tsl/scratch/gol22pin/02_long_read_assemblies/analysis_and_temp_files/13_starship_clean/geneFinder/13893506599593305036/tmp_predict/4536174887330927272/tmp_search
search /tsl/scratch/gol22pin/02_long_read_assemblies/analysis_and_temp_files/13_starship_clean/geneFinder/13893506599593305036/tmp_predict/4536174887330927272/aa_6f /tsl/scratch/gol22pin/02_long_read_assemblies/analysis_and_temp_files/13_starship_clean/geneFinder/13893506599593305036/targets /tsl/scratch/gol22pin/02_long_read_assemblies/analysis_and_temp_files/13_starship_clean/geneFinder/13893506599593305036/tmp_predict/4536174887330927272/search_res /tsl/scratch/gol22pin/02_long_read_assemblies/analysis_and_temp_files/13_starship_clean/geneFinder/13893506599593305036/tmp_predict/4536174887330927272/tmp_search --sub-mat 'aa:blosum62.out,nucl:nucleotide.out' -a 0 --alignment-mode 2 --alignment-output-mode 0 --wrapped-scoring 0 -e 0.0001 --min-seq-id 0 --min-aln-len 11 --seq-id-mode 0 --alt-ali 0 -c 0 --cov-mode 0 --max-seq-len 65535 --comp-bias-corr 1 --comp-bias-corr-scale 1 --max-rejected 2147483647 --max-accept 2147483647 --add-self-matches 0 --db-load-mode 0 --pca substitution:1.100,context:1.400 --pcb substitution:4.100,context:5.800 --score-bias 0 --realign 0 --realign-score-bias -0.2 --realign-max-seqs 2147483647 --corr-score-weight 0 --gap-open aa:11,nucl:5 --gap-extend aa:1,nucl:2 --zdrop 40 --threads 10 --compressed 1 -v 3 --seed-sub-mat 'aa:VTML80.out,nucl:nucleotide.out' -s 7.5 -k 0 --k-score seq:2147483647,prof:2147483647 --alph-size aa:21,nucl:5 --max-seqs 300 --split 0 --split-mode 2 --split-memory-limit 0 --diag-score 1 --exact-kmer-matching 0 --mask 1 --mask-prob 0.9 --mask-lower-case 0 --min-ungapped-score 15 --spaced-kmer-mode 1 --local-tmp analysis_and_temp_files/13_starship_clean/geneFinder --rescore-mode 0 --filter-hits 0 --sort-results 0 --mask-profile 1 --e-profile 0.001 --wg 0 --allow-deletion 1 --filter-msa 1 --filter-min-enable 0 --max-seq-id 0.9 --qid '0.0' --qsc -20 --cov 0 --diff 1000 --pseudo-cnt-mode 0 --gap-pc 10 --min-length 15 --max-length 32734 --max-gaps 2147483647 --contig-start-mode 2 --contig-end-mode 2 --orf-start-mode 1 --forward-frames 1,2,3 --reverse-frames 1,2,3 --translation-table 1 --translate 0 --use-all-table-starts 0 --id-offset 0 --create-lookup 0 --add-orf-stop 0 --sequence-overlap 0 --sequence-split-mode 1 --headers-split-mode 0 --chain-alignments 0 --merge-query 1 --search-type 0 --num-iterations 1 --start-sens 4 --sens-steps 1 --exhaustive-search 1 --exhaustive-search-filter 0 --strand 1 --lca-search 0 --disk-space-limit 100G --force-reuse 0 --remove-tmp-files 1 

prefilter /tsl/scratch/gol22pin/02_long_read_assemblies/analysis_and_temp_files/13_starship_clean/geneFinder/13893506599593305036/tmp_predict/4536174887330927272/tmp_search/808763903943696184/profileDB /tsl/scratch/gol22pin/02_long_read_assemblies/analysis_and_temp_files/13_starship_clean/geneFinder/13893506599593305036/tmp_predict/4536174887330927272/aa_6f /tsl/scratch/gol22pin/02_long_read_assemblies/analysis_and_temp_files/13_starship_clean/geneFinder/13893506599593305036/tmp_predict/4536174887330927272/tmp_search/808763903943696184/pref --sub-mat 'aa:blosum62.out,nucl:nucleotide.out' --seed-sub-mat 'aa:VTML80.out,nucl:nucleotide.out' -s 7.5 -k 0 --k-score seq:2147483647,prof:2147483647 --alph-size aa:21,nucl:5 --max-seq-len 65535 --max-seqs 1114093 --split 0 --split-mode 2 --split-memory-limit 0 -c 0 --cov-mode 0 --comp-bias-corr 1 --comp-bias-corr-scale 1 --diag-score 1 --exact-kmer-matching 0 --mask 1 --mask-prob 0.9 --mask-lower-case 0 --min-ungapped-score 15 --add-self-matches 0 --spaced-kmer-mode 1 --db-load-mode 0 --pca substitution:1.100,context:1.400 --pcb substitution:4.100,context:5.800 --local-tmp analysis_and_temp_files/13_starship_clean/geneFinder --threads 10 --compressed 1 -v 3 

Query database size: 1222 type: Aminoacid
Estimated memory consumption: 1G
Target database size: 1114093 type: Aminoacid
Index table k-mer threshold: 96 at k-mer size 6 
Index table: counting k-mers
[=================================================================] 1.11M 1s 156ms
Index table: Masked residues: 437706
Index table: fill
[=================================================================] 1.11M 1s 250ms
Index statistics
Entries:          40243449
DB size:          718 MB
Avg k-mer size:   0.628804
Top 10 k-mers
    SSSSSS	423
    FFTYSL	297
    KSGSIV	289
    ASSSPS	284
    LRRITL	279
    YLLPSP	279
    PLSSSS	277
    NRVIYS	276
    IGSART	276
    GRVEVT	274
Time for index table init: 0h 0m 2s 926ms
Process prefiltering step 1 of 1

k-mer similarity threshold: 96
Starting prefiltering scores calculation (step 1 of 1)
Query db start 1 to 1222
Target db start 1 to 1114093
[=================================================================] 1.22K 6s 580ms

1899.853846 k-mers per position
659671 DB matches per sequence
5 overflows
0 queries produce too many hits (truncated result)
10043 sequences passed prefiltering per query sequence
9241 median result list length
0 sequences with 0 size result lists
Time for merging to pref: 0h 0m 0s 45ms
Time for processing: 0h 0m 10s 442ms
result2stats /tsl/scratch/gol22pin/02_long_read_assemblies/analysis_and_temp_files/13_starship_clean/geneFinder/13893506599593305036/tmp_predict/4536174887330927272/tmp_search/808763903943696184/profileDB /tsl/scratch/gol22pin/02_long_read_assemblies/analysis_and_temp_files/13_starship_clean/geneFinder/13893506599593305036/tmp_predict/4536174887330927272/aa_6f /tsl/scratch/gol22pin/02_long_read_assemblies/analysis_and_temp_files/13_starship_clean/geneFinder/13893506599593305036/tmp_predict/4536174887330927272/tmp_search/808763903943696184/pref /tsl/scratch/gol22pin/02_long_read_assemblies/analysis_and_temp_files/13_starship_clean/geneFinder/13893506599593305036/tmp_predict/4536174887330927272/tmp_search/808763903943696184/pref_count.tsv --stat linecount --tsv --threads 10 --compressed 1 -v 3 

[=================================================================] 1.22K 0s 182ms
Time for merging to pref_count.tsv: 0h 0m 0s 66ms
Time for processing: 0h 0m 0s 354ms
align /tsl/scratch/gol22pin/02_long_read_assemblies/analysis_and_temp_files/13_starship_clean/geneFinder/13893506599593305036/tmp_predict/4536174887330927272/tmp_search/808763903943696184/profileDB /tsl/scratch/gol22pin/02_long_read_assemblies/analysis_and_temp_files/13_starship_clean/geneFinder/13893506599593305036/tmp_predict/4536174887330927272/aa_6f /tsl/scratch/gol22pin/02_long_read_assemblies/analysis_and_temp_files/13_starship_clean/geneFinder/13893506599593305036/tmp_predict/4536174887330927272/tmp_search/808763903943696184/pref /tsl/scratch/gol22pin/02_long_read_assemblies/analysis_and_temp_files/13_starship_clean/geneFinder/13893506599593305036/tmp_predict/4536174887330927272/tmp_search/808763903943696184/aln --sub-mat 'aa:blosum62.out,nucl:nucleotide.out' -a 0 --alignment-mode 2 --alignment-output-mode 1 --wrapped-scoring 0 -e 0.0911696 --min-seq-id 0 --min-aln-len 11 --seq-id-mode 0 --alt-ali 0 -c 0 --cov-mode 0 --max-seq-len 65535 --comp-bias-corr 1 --comp-bias-corr-scale 1 --max-rejected 2147483647 --max-accept 2147483647 --add-self-matches 0 --db-load-mode 0 --pca substitution:1.100,context:1.400 --pcb substitution:4.100,context:5.800 --score-bias 0 --realign 0 --realign-score-bias -0.2 --realign-max-seqs 2147483647 --corr-score-weight 0 --gap-open aa:11,nucl:5 --gap-extend aa:1,nucl:2 --zdrop 40 --threads 10 --compressed 1 -v 3 

Compute score and coverage
Query database size: 1222 type: Aminoacid
Target database size: 1114093 type: Aminoacid
Calculation of alignments
[=================================================================] 1.22K 15s 896ms
Time for merging to aln: 0h 0m 0s 50ms
12273762 alignments calculated
4419 sequence pairs passed the thresholds (0.000360 of overall calculated)
3.616203 hits per query sequence
Time for processing: 0h 0m 16s 159ms
rmdb /tsl/scratch/gol22pin/02_long_read_assemblies/analysis_and_temp_files/13_starship_clean/geneFinder/13893506599593305036/tmp_predict/4536174887330927272/tmp_search/808763903943696184/pref -v 3 

Time for processing: 0h 0m 0s 78ms
mvdb /tsl/scratch/gol22pin/02_long_read_assemblies/analysis_and_temp_files/13_starship_clean/geneFinder/13893506599593305036/tmp_predict/4536174887330927272/tmp_search/808763903943696184/aln /tsl/scratch/gol22pin/02_long_read_assemblies/analysis_and_temp_files/13_starship_clean/geneFinder/13893506599593305036/tmp_predict/4536174887330927272/tmp_search/808763903943696184/aln_merged -v 3 

Time for processing: 0h 0m 0s 30ms
align /tsl/scratch/gol22pin/02_long_read_assemblies/analysis_and_temp_files/13_starship_clean/geneFinder/13893506599593305036/targets /tsl/scratch/gol22pin/02_long_read_assemblies/analysis_and_temp_files/13_starship_clean/geneFinder/13893506599593305036/tmp_predict/4536174887330927272/aa_6f /tsl/scratch/gol22pin/02_long_read_assemblies/analysis_and_temp_files/13_starship_clean/geneFinder/13893506599593305036/tmp_predict/4536174887330927272/tmp_search/808763903943696184/aln_merged /tsl/scratch/gol22pin/02_long_read_assemblies/analysis_and_temp_files/13_starship_clean/geneFinder/13893506599593305036/tmp_predict/4536174887330927272/tmp_search/808763903943696184/aln --sub-mat 'aa:blosum62.out,nucl:nucleotide.out' -a 0 --alignment-mode 2 --alignment-output-mode 0 --wrapped-scoring 0 -e 0.0911696 --min-seq-id 0 --min-aln-len 11 --seq-id-mode 0 --alt-ali 0 -c 0 --cov-mode 0 --max-seq-len 65535 --comp-bias-corr 1 --comp-bias-corr-scale 1 --max-rejected 2147483647 --max-accept 2147483647 --add-self-matches 0 --db-load-mode 0 --pca substitution:1.100,context:1.400 --pcb substitution:4.100,context:5.800 --score-bias 0 --realign 0 --realign-score-bias -0.2 --realign-max-seqs 2147483647 --corr-score-weight 0 --gap-open aa:11,nucl:5 --gap-extend aa:1,nucl:2 --zdrop 40 --threads 10 --compressed 1 -v 3 

Compute score and coverage
Query database size: 1222 type: Aminoacid
Target database size: 1114093 type: Aminoacid
Calculation of alignments
[=================================================================] 1.22K 0s 121ms
Time for merging to aln: 0h 0m 0s 42ms
4419 alignments calculated
4419 sequence pairs passed the thresholds (1.000000 of overall calculated)
3.616203 hits per query sequence
Time for processing: 0h 0m 0s 344ms
rmdb /tsl/scratch/gol22pin/02_long_read_assemblies/analysis_and_temp_files/13_starship_clean/geneFinder/13893506599593305036/tmp_predict/4536174887330927272/tmp_search/808763903943696184/aln_merged -v 3 

Time for processing: 0h 0m 0s 19ms
swapresults /tsl/scratch/gol22pin/02_long_read_assemblies/analysis_and_temp_files/13_starship_clean/geneFinder/13893506599593305036/targets /tsl/scratch/gol22pin/02_long_read_assemblies/analysis_and_temp_files/13_starship_clean/geneFinder/13893506599593305036/tmp_predict/4536174887330927272/aa_6f /tsl/scratch/gol22pin/02_long_read_assemblies/analysis_and_temp_files/13_starship_clean/geneFinder/13893506599593305036/tmp_predict/4536174887330927272/tmp_search/808763903943696184/aln /tsl/scratch/gol22pin/02_long_read_assemblies/analysis_and_temp_files/13_starship_clean/geneFinder/13893506599593305036/tmp_predict/4536174887330927272/search_res --sub-mat 'aa:blosum62.out,nucl:nucleotide.out' -e 1.79769e+308 --split-memory-limit 0 --gap-open aa:11,nucl:5 --gap-extend aa:1,nucl:2 --threads 10 --compressed 1 --db-load-mode 0 -v 3 

Computing offsets.
[=================================================================] 1.22K 0s 10ms

Reading results.
[=================================================================] 1.22K 0s 0ms

Output database: /tsl/scratch/gol22pin/02_long_read_assemblies/analysis_and_temp_files/13_starship_clean/geneFinder/13893506599593305036/tmp_predict/4536174887330927272/search_res
[=================================================================] 1.11M 0s 606ms

Time for merging to search_res: 0h 0m 0s 514ms
Time for processing: 0h 0m 1s 769ms
rmdb /tsl/scratch/gol22pin/02_long_read_assemblies/analysis_and_temp_files/13_starship_clean/geneFinder/13893506599593305036/tmp_predict/4536174887330927272/tmp_search/808763903943696184/aln_merged -v 3 

Time for processing: 0h 0m 0s 0ms
rmdb /tsl/scratch/gol22pin/02_long_read_assemblies/analysis_and_temp_files/13_starship_clean/geneFinder/13893506599593305036/tmp_predict/4536174887330927272/tmp_search/808763903943696184/profileDB -v 3 

Time for processing: 0h 0m 0s 11ms
resultspercontig /tsl/scratch/gol22pin/02_long_read_assemblies/analysis_and_temp_files/13_starship_clean/geneFinder/13893506599593305036/contigs /tsl/scratch/gol22pin/02_long_read_assemblies/analysis_and_temp_files/13_starship_clean/geneFinder/13893506599593305036/tmp_predict/4536174887330927272/nucl_6f /tsl/scratch/gol22pin/02_long_read_assemblies/analysis_and_temp_files/13_starship_clean/geneFinder/13893506599593305036/tmp_predict/4536174887330927272/search_res /tsl/scratch/gol22pin/02_long_read_assemblies/analysis_and_temp_files/13_starship_clean/geneFinder/13893506599593305036/tmp_predict/4536174887330927272/search_res_by_contig --threads 10 --compressed 1 -v 3 

Computing ORF lookup
Computing contig offsets
Computing contig lookup
Time for contig lookup: 0h 0m 0s 94ms
[=================================================================] 58 0s 80ms
Time for merging to search_res_by_contig: 0h 0m 0s 49ms
Time for processing: 0h 0m 0s 541ms
collectoptimalset /tsl/scratch/gol22pin/02_long_read_assemblies/analysis_and_temp_files/13_starship_clean/geneFinder/13893506599593305036/tmp_predict/4536174887330927272/search_res_by_contig /tsl/scratch/gol22pin/02_long_read_assemblies/analysis_and_temp_files/13_starship_clean/geneFinder/13893506599593305036/targets /tsl/scratch/gol22pin/02_long_read_assemblies/analysis_and_temp_files/13_starship_clean/geneFinder/13893506599593305036/tmp_predict/4536174887330927272/dp_predictions --metaeuk-eval 0.001 --metaeuk-tcov 0.25 --max-intron 2000 --min-intron 15 --min-exon-aa 11 --max-overlap 10 --max-exon-sets 1 --set-gap-open -1 --set-gap-extend -1 --score-bias 0 --threads 10 --compressed 1 -v 3 

[=================================================================] 58 0s 19ms
Time for merging to dp_predictions: 0h 0m 0s 41ms
Time for processing: 0h 0m 0s 109ms
mvdb /tsl/scratch/gol22pin/02_long_read_assemblies/analysis_and_temp_files/13_starship_clean/geneFinder/13893506599593305036/tmp_predict/4536174887330927272/dp_predictions analysis_and_temp_files/13_starship_clean/geneFinder/13893506599593305036/MetaEuk_calls 

Time for processing: 0h 0m 0s 31ms
Removing temporary files from /tsl/scratch/gol22pin/02_long_read_assemblies/analysis_and_temp_files/13_starship_clean/geneFinder/13893506599593305036/tmp_predict/4536174887330927272
rm: descend into write-protected directory '/tsl/scratch/gol22pin/02_long_read_assemblies/analysis_and_temp_files/13_starship_clean/geneFinder/13893506599593305036/tmp_predict/4536174887330927272/tmp_search'? reduceredundancy analysis_and_temp_files/13_starship_clean/geneFinder/13893506599593305036/MetaEuk_calls analysis_and_temp_files/13_starship_clean/geneFinder/13893506599593305036/MetaEuk_preds analysis_and_temp_files/13_starship_clean/geneFinder/13893506599593305036/MetaEuk_preds_clust --overlap 0 --threads 10 --compressed 1 -v 3 

[=================================================================] 58 0s 15ms
Time for merging to MetaEuk_preds_clust: 0h 0m 0s 44ms
Time for merging to MetaEuk_preds: 0h 0m 0s 44ms
Time for processing: 0h 0m 0s 210ms
unitesetstofasta analysis_and_temp_files/13_starship_clean/geneFinder/13893506599593305036/contigs analysis_and_temp_files/13_starship_clean/geneFinder/13893506599593305036/targets analysis_and_temp_files/13_starship_clean/geneFinder/13893506599593305036/MetaEuk_preds analysis_and_temp_files/13_starship_clean/geneFinder/metaeukData/GTX0501 --protein 1 --translation-table 1 --target-key 0 --write-frag-coords 0 --max-seq-len 65535 --threads 10 -v 3 

[=================================================================] 58 0s 72ms
Time for merging to GTX0501.fas: 0h 0m 0s 56ms
Time for merging to GTX0501.codon.fas: 0h 0m 0s 57ms
Time for merging to GTX0501.headersMap.tsv: 0h 0m 0s 59ms
Time for merging to GTX0501.gff: 0h 0m 0s 57ms
Time for processing: 0h 0m 0s 496ms
easy-predict analysis_and_temp_files/13_starship_clean/genomes/Xanthoria_parietina_SAMEA115359166.scaffolds.fa /opt/conda/envs/starfish/db/YRsuperfamRefs.faa analysis_and_temp_files/13_starship_clean/geneFinder/metaeukData/SAMEA115359166 analysis_and_temp_files/13_starship_clean/geneFinder --local-tmp analysis_and_temp_files/13_starship_clean/geneFinder --threads 10 --remove-tmp-files 1 -v 3 -s 7.5 -e 0.0001 --max-intron 2000 --max-seqs 300 --metaeuk-eval 0.001 --exhaustive-search 1 --metaeuk-tcov 0.25 --allow-deletion 1 --protein 1 --disk-space-limit 100G --compressed 1 

MMseqs Version:                                             	6.a5d39d9
Substitution matrix                                         	aa:blosum62.out,nucl:nucleotide.out
Add backtrace                                               	false
Alignment mode                                              	2
Alignment mode                                              	0
Allow wrapped scoring                                       	false
E-value threshold                                           	0.0001
Seq. id. threshold                                          	0
Min alignment length                                        	0
Seq. id. mode                                               	0
Alternative alignments                                      	0
Coverage threshold                                          	0
Coverage mode                                               	0
Max sequence length                                         	65535
Compositional bias                                          	1
Compositional bias                                          	1
Max reject                                                  	2147483647
Max accept                                                  	2147483647
Include identical seq. id.                                  	false
Preload mode                                                	0
Pseudo count a                                              	substitution:1.100,context:1.400
Pseudo count b                                              	substitution:4.100,context:5.800
Score bias                                                  	0
Realign hits                                                	false
Realign score bias                                          	-0.2
Realign max seqs                                            	2147483647
Correlation score weight                                    	0
Gap open cost                                               	aa:11,nucl:5
Gap extension cost                                          	aa:1,nucl:2
Zdrop                                                       	40
Threads                                                     	10
Compressed                                                  	1
Verbosity                                                   	3
Seed substitution matrix                                    	aa:VTML80.out,nucl:nucleotide.out
Sensitivity                                                 	7.5
k-mer length                                                	0
k-score                                                     	seq:2147483647,prof:2147483647
Alphabet size                                               	aa:21,nucl:5
Max results per query                                       	300
Split database                                              	0
Split mode                                                  	2
Split memory limit                                          	0
Diagonal scoring                                            	true
Exact k-mer matching                                        	0
Mask residues                                               	1
Mask residues probability                                   	0.9
Mask lower case residues                                    	0
Minimum diagonal score                                      	15
Spaced k-mers                                               	1
Spaced k-mer pattern                                        	
Local temporary path                                        	analysis_and_temp_files/13_starship_clean/geneFinder
Rescore mode                                                	0
Remove hits by seq. id. and coverage                        	false
Sort results                                                	0
Mask profile                                                	1
Profile E-value threshold                                   	0.001
Global sequence weighting                                   	false
Allow deletions                                             	true
Filter MSA                                                  	1
Use filter only at N seqs                                   	0
Maximum seq. id. threshold                                  	0.9
Minimum seq. id.                                            	0.0
Minimum score per column                                    	-20
Minimum coverage                                            	0
Select N most diverse seqs                                  	1000
Pseudo count mode                                           	0
Gap pseudo count                                            	10
Min codons in orf                                           	15
Max codons in length                                        	32734
Max orf gaps                                                	2147483647
Contig start mode                                           	2
Contig end mode                                             	2
Orf start mode                                              	1
Forward frames                                              	1,2,3
Reverse frames                                              	1,2,3
Translation table                                           	1
Translate orf                                               	0
Use all table starts                                        	false
Offset of numeric ids                                       	0
Create lookup                                               	0
Add orf stop                                                	false
Overlap between sequences                                   	0
Sequence split mode                                         	1
Header split mode                                           	0
Chain overlapping alignments                                	0
Merge query                                                 	1
Search type                                                 	0
Search iterations                                           	1
Start sensitivity                                           	4
Search steps                                                	1
Exhaustive search mode                                      	true
Filter results during exhaustive search                     	0
Strand selection                                            	1
LCA search mode                                             	false
Disk space limit                                            	100G
MPI runner                                                  	
Force restart with latest tmp                               	false
Remove temporary files                                      	true
maximal combined evalue of an optimal set                   	0.001
minimal length ratio between combined optimal set and target	0.25
Maximal intron length                                       	2000
Minimal intron length                                       	15
Minimal exon length aa                                      	11
Maximal overlap of exons                                    	10
Maximal number of exon sets                                 	1
Gap open penalty                                            	-1
Gap extend penalty                                          	-1
allow same-strand overlaps                                  	0
translate codons to AAs                                     	1
write target key instead of accession                       	0
write fragment contig coords                                	0
Reverse AA Fragments                                        	0

createdb analysis_and_temp_files/13_starship_clean/genomes/Xanthoria_parietina_SAMEA115359166.scaffolds.fa analysis_and_temp_files/13_starship_clean/geneFinder/15207020594013885805/contigs --dbtype 2 --compressed 1 -v 3 

Converting sequences
[
Time for merging to contigs_h: 0h 0m 1s 282ms
Time for merging to contigs: 0h 0m 0s 243ms
Database type: Nucleotide
Time for processing: 0h 0m 2s 259ms
createdb /opt/conda/envs/starfish/db/YRsuperfamRefs.faa analysis_and_temp_files/13_starship_clean/geneFinder/15207020594013885805/targets --dbtype 1 --compressed 1 -v 3 

Converting sequences
[
Time for merging to targets_h: 0h 0m 0s 228ms
Time for merging to targets: 0h 0m 0s 226ms
Database type: Aminoacid
Time for processing: 0h 0m 1s 57ms
Create directory analysis_and_temp_files/13_starship_clean/geneFinder/15207020594013885805/tmp_predict
predictexons analysis_and_temp_files/13_starship_clean/geneFinder/15207020594013885805/contigs analysis_and_temp_files/13_starship_clean/geneFinder/15207020594013885805/targets analysis_and_temp_files/13_starship_clean/geneFinder/15207020594013885805/MetaEuk_calls analysis_and_temp_files/13_starship_clean/geneFinder/15207020594013885805/tmp_predict --sub-mat 'aa:blosum62.out,nucl:nucleotide.out' -a 0 --alignment-mode 2 --alignment-output-mode 0 --wrapped-scoring 0 -e 0.0001 --min-seq-id 0 --min-aln-len 0 --seq-id-mode 0 --alt-ali 0 -c 0 --cov-mode 0 --max-seq-len 65535 --comp-bias-corr 1 --comp-bias-corr-scale 1 --max-rejected 2147483647 --max-accept 2147483647 --add-self-matches 0 --db-load-mode 0 --pca substitution:1.100,context:1.400 --pcb substitution:4.100,context:5.800 --score-bias 0 --realign 0 --realign-score-bias -0.2 --realign-max-seqs 2147483647 --corr-score-weight 0 --gap-open aa:11,nucl:5 --gap-extend aa:1,nucl:2 --zdrop 40 --threads 10 --compressed 1 -v 3 --seed-sub-mat 'aa:VTML80.out,nucl:nucleotide.out' -s 7.5 -k 0 --k-score seq:2147483647,prof:2147483647 --alph-size aa:21,nucl:5 --max-seqs 300 --split 0 --split-mode 2 --split-memory-limit 0 --diag-score 1 --exact-kmer-matching 0 --mask 1 --mask-prob 0.9 --mask-lower-case 0 --min-ungapped-score 15 --spaced-kmer-mode 1 --local-tmp analysis_and_temp_files/13_starship_clean/geneFinder --rescore-mode 0 --filter-hits 0 --sort-results 0 --mask-profile 1 --e-profile 0.001 --wg 0 --allow-deletion 1 --filter-msa 1 --filter-min-enable 0 --max-seq-id 0.9 --qid '0.0' --qsc -20 --cov 0 --diff 1000 --pseudo-cnt-mode 0 --gap-pc 10 --min-length 15 --max-length 32734 --max-gaps 2147483647 --contig-start-mode 2 --contig-end-mode 2 --orf-start-mode 1 --forward-frames 1,2,3 --reverse-frames 1,2,3 --translation-table 1 --translate 0 --use-all-table-starts 0 --id-offset 0 --create-lookup 0 --add-orf-stop 0 --sequence-overlap 0 --sequence-split-mode 1 --headers-split-mode 0 --chain-alignments 0 --merge-query 1 --search-type 0 --num-iterations 1 --start-sens 4 --sens-steps 1 --exhaustive-search 1 --exhaustive-search-filter 0 --strand 1 --lca-search 0 --disk-space-limit 100G --force-reuse 0 --remove-tmp-files 1 --metaeuk-eval 0.001 --metaeuk-tcov 0.25 --max-intron 2000 --min-intron 15 --min-exon-aa 11 --max-overlap 10 --max-exon-sets 1 --set-gap-open -1 --set-gap-extend -1 --reverse-fragments 0 

extractorfs /tsl/scratch/gol22pin/02_long_read_assemblies/analysis_and_temp_files/13_starship_clean/geneFinder/15207020594013885805/contigs /tsl/scratch/gol22pin/02_long_read_assemblies/analysis_and_temp_files/13_starship_clean/geneFinder/15207020594013885805/tmp_predict/7019422330607486957/nucl_6f --min-length 15 --max-length 32734 --max-gaps 2147483647 --contig-start-mode 2 --contig-end-mode 2 --orf-start-mode 1 --forward-frames 1,2,3 --reverse-frames 1,2,3 --translation-table 1 --translate 0 --use-all-table-starts 0 --id-offset 0 --create-lookup 0 --threads 10 --compressed 1 -v 3 

[=================================================================] 15 0s 714ms
Time for merging to nucl_6f_h: 0h 0m 0s 398ms
Time for merging to nucl_6f: 0h 0m 0s 788ms
Time for processing: 0h 0m 3s 168ms
translatenucs /tsl/scratch/gol22pin/02_long_read_assemblies/analysis_and_temp_files/13_starship_clean/geneFinder/15207020594013885805/tmp_predict/7019422330607486957/nucl_6f /tsl/scratch/gol22pin/02_long_read_assemblies/analysis_and_temp_files/13_starship_clean/geneFinder/15207020594013885805/tmp_predict/7019422330607486957/aa_6f --translation-table 1 --add-orf-stop 0 -v 3 --compressed 1 --threads 10 

[=================================================================] 1.12M 0s 698ms
Time for merging to aa_6f: 0h 0m 0s 883ms
Time for processing: 0h 0m 2s 37ms
Create directory /tsl/scratch/gol22pin/02_long_read_assemblies/analysis_and_temp_files/13_starship_clean/geneFinder/15207020594013885805/tmp_predict/7019422330607486957/tmp_search
search /tsl/scratch/gol22pin/02_long_read_assemblies/analysis_and_temp_files/13_starship_clean/geneFinder/15207020594013885805/tmp_predict/7019422330607486957/aa_6f /tsl/scratch/gol22pin/02_long_read_assemblies/analysis_and_temp_files/13_starship_clean/geneFinder/15207020594013885805/targets /tsl/scratch/gol22pin/02_long_read_assemblies/analysis_and_temp_files/13_starship_clean/geneFinder/15207020594013885805/tmp_predict/7019422330607486957/search_res /tsl/scratch/gol22pin/02_long_read_assemblies/analysis_and_temp_files/13_starship_clean/geneFinder/15207020594013885805/tmp_predict/7019422330607486957/tmp_search --sub-mat 'aa:blosum62.out,nucl:nucleotide.out' -a 0 --alignment-mode 2 --alignment-output-mode 0 --wrapped-scoring 0 -e 0.0001 --min-seq-id 0 --min-aln-len 11 --seq-id-mode 0 --alt-ali 0 -c 0 --cov-mode 0 --max-seq-len 65535 --comp-bias-corr 1 --comp-bias-corr-scale 1 --max-rejected 2147483647 --max-accept 2147483647 --add-self-matches 0 --db-load-mode 0 --pca substitution:1.100,context:1.400 --pcb substitution:4.100,context:5.800 --score-bias 0 --realign 0 --realign-score-bias -0.2 --realign-max-seqs 2147483647 --corr-score-weight 0 --gap-open aa:11,nucl:5 --gap-extend aa:1,nucl:2 --zdrop 40 --threads 10 --compressed 1 -v 3 --seed-sub-mat 'aa:VTML80.out,nucl:nucleotide.out' -s 7.5 -k 0 --k-score seq:2147483647,prof:2147483647 --alph-size aa:21,nucl:5 --max-seqs 300 --split 0 --split-mode 2 --split-memory-limit 0 --diag-score 1 --exact-kmer-matching 0 --mask 1 --mask-prob 0.9 --mask-lower-case 0 --min-ungapped-score 15 --spaced-kmer-mode 1 --local-tmp analysis_and_temp_files/13_starship_clean/geneFinder --rescore-mode 0 --filter-hits 0 --sort-results 0 --mask-profile 1 --e-profile 0.001 --wg 0 --allow-deletion 1 --filter-msa 1 --filter-min-enable 0 --max-seq-id 0.9 --qid '0.0' --qsc -20 --cov 0 --diff 1000 --pseudo-cnt-mode 0 --gap-pc 10 --min-length 15 --max-length 32734 --max-gaps 2147483647 --contig-start-mode 2 --contig-end-mode 2 --orf-start-mode 1 --forward-frames 1,2,3 --reverse-frames 1,2,3 --translation-table 1 --translate 0 --use-all-table-starts 0 --id-offset 0 --create-lookup 0 --add-orf-stop 0 --sequence-overlap 0 --sequence-split-mode 1 --headers-split-mode 0 --chain-alignments 0 --merge-query 1 --search-type 0 --num-iterations 1 --start-sens 4 --sens-steps 1 --exhaustive-search 1 --exhaustive-search-filter 0 --strand 1 --lca-search 0 --disk-space-limit 100G --force-reuse 0 --remove-tmp-files 1 

prefilter /tsl/scratch/gol22pin/02_long_read_assemblies/analysis_and_temp_files/13_starship_clean/geneFinder/15207020594013885805/tmp_predict/7019422330607486957/tmp_search/12160448972889617585/profileDB /tsl/scratch/gol22pin/02_long_read_assemblies/analysis_and_temp_files/13_starship_clean/geneFinder/15207020594013885805/tmp_predict/7019422330607486957/aa_6f /tsl/scratch/gol22pin/02_long_read_assemblies/analysis_and_temp_files/13_starship_clean/geneFinder/15207020594013885805/tmp_predict/7019422330607486957/tmp_search/12160448972889617585/pref --sub-mat 'aa:blosum62.out,nucl:nucleotide.out' --seed-sub-mat 'aa:VTML80.out,nucl:nucleotide.out' -s 7.5 -k 0 --k-score seq:2147483647,prof:2147483647 --alph-size aa:21,nucl:5 --max-seq-len 65535 --max-seqs 1121976 --split 0 --split-mode 2 --split-memory-limit 0 -c 0 --cov-mode 0 --comp-bias-corr 1 --comp-bias-corr-scale 1 --diag-score 1 --exact-kmer-matching 0 --mask 1 --mask-prob 0.9 --mask-lower-case 0 --min-ungapped-score 15 --add-self-matches 0 --spaced-kmer-mode 1 --db-load-mode 0 --pca substitution:1.100,context:1.400 --pcb substitution:4.100,context:5.800 --local-tmp analysis_and_temp_files/13_starship_clean/geneFinder --threads 10 --compressed 1 -v 3 

Query database size: 1222 type: Aminoacid
Estimated memory consumption: 1G
Target database size: 1121976 type: Aminoacid
Index table k-mer threshold: 96 at k-mer size 6 
Index table: counting k-mers
[=================================================================] 1.12M 1s 28ms
Index table: Masked residues: 433277
Index table: fill
[=================================================================] 1.12M 1s 253ms
Index statistics
Entries:          40383933
DB size:          719 MB
Avg k-mer size:   0.630999
Top 10 k-mers
    SSSSSS	421
    FFTYSL	299
    RVISSR	280
    KKKTAT	280
    KSGSIV	278
    IAEPFS	262
    GRVEVT	259
    IFSSSV	254
    LIRSYY	252
    LRGINY	247
Time for index table init: 0h 0m 2s 798ms
Process prefiltering step 1 of 1

k-mer similarity threshold: 96
Starting prefiltering scores calculation (step 1 of 1)
Query db start 1 to 1222
Target db start 1 to 1121976
[=================================================================] 1.22K 6s 572ms

1899.853846 k-mers per position
661803 DB matches per sequence
5 overflows
0 queries produce too many hits (truncated result)
10067 sequences passed prefiltering per query sequence
9215 median result list length
0 sequences with 0 size result lists
Time for merging to pref: 0h 0m 0s 121ms
Time for processing: 0h 0m 10s 376ms
result2stats /tsl/scratch/gol22pin/02_long_read_assemblies/analysis_and_temp_files/13_starship_clean/geneFinder/15207020594013885805/tmp_predict/7019422330607486957/tmp_search/12160448972889617585/profileDB /tsl/scratch/gol22pin/02_long_read_assemblies/analysis_and_temp_files/13_starship_clean/geneFinder/15207020594013885805/tmp_predict/7019422330607486957/aa_6f /tsl/scratch/gol22pin/02_long_read_assemblies/analysis_and_temp_files/13_starship_clean/geneFinder/15207020594013885805/tmp_predict/7019422330607486957/tmp_search/12160448972889617585/pref /tsl/scratch/gol22pin/02_long_read_assemblies/analysis_and_temp_files/13_starship_clean/geneFinder/15207020594013885805/tmp_predict/7019422330607486957/tmp_search/12160448972889617585/pref_count.tsv --stat linecount --tsv --threads 10 --compressed 1 -v 3 

[=================================================================] 1.22K 0s 229ms
Time for merging to pref_count.tsv: 0h 0m 0s 78ms
Time for processing: 0h 0m 0s 511ms
align /tsl/scratch/gol22pin/02_long_read_assemblies/analysis_and_temp_files/13_starship_clean/geneFinder/15207020594013885805/tmp_predict/7019422330607486957/tmp_search/12160448972889617585/profileDB /tsl/scratch/gol22pin/02_long_read_assemblies/analysis_and_temp_files/13_starship_clean/geneFinder/15207020594013885805/tmp_predict/7019422330607486957/aa_6f /tsl/scratch/gol22pin/02_long_read_assemblies/analysis_and_temp_files/13_starship_clean/geneFinder/15207020594013885805/tmp_predict/7019422330607486957/tmp_search/12160448972889617585/pref /tsl/scratch/gol22pin/02_long_read_assemblies/analysis_and_temp_files/13_starship_clean/geneFinder/15207020594013885805/tmp_predict/7019422330607486957/tmp_search/12160448972889617585/aln --sub-mat 'aa:blosum62.out,nucl:nucleotide.out' -a 0 --alignment-mode 2 --alignment-output-mode 1 --wrapped-scoring 0 -e 0.0918147 --min-seq-id 0 --min-aln-len 11 --seq-id-mode 0 --alt-ali 0 -c 0 --cov-mode 0 --max-seq-len 65535 --comp-bias-corr 1 --comp-bias-corr-scale 1 --max-rejected 2147483647 --max-accept 2147483647 --add-self-matches 0 --db-load-mode 0 --pca substitution:1.100,context:1.400 --pcb substitution:4.100,context:5.800 --score-bias 0 --realign 0 --realign-score-bias -0.2 --realign-max-seqs 2147483647 --corr-score-weight 0 --gap-open aa:11,nucl:5 --gap-extend aa:1,nucl:2 --zdrop 40 --threads 10 --compressed 1 -v 3 

Compute score and coverage
Query database size: 1222 type: Aminoacid
Target database size: 1121976 type: Aminoacid
Calculation of alignments
[=================================================================] 1.22K 15s 726ms
Time for merging to aln: 0h 0m 0s 45ms
12302120 alignments calculated
3029 sequence pairs passed the thresholds (0.000246 of overall calculated)
2.478724 hits per query sequence
Time for processing: 0h 0m 16s 0ms
rmdb /tsl/scratch/gol22pin/02_long_read_assemblies/analysis_and_temp_files/13_starship_clean/geneFinder/15207020594013885805/tmp_predict/7019422330607486957/tmp_search/12160448972889617585/pref -v 3 

Time for processing: 0h 0m 0s 71ms
mvdb /tsl/scratch/gol22pin/02_long_read_assemblies/analysis_and_temp_files/13_starship_clean/geneFinder/15207020594013885805/tmp_predict/7019422330607486957/tmp_search/12160448972889617585/aln /tsl/scratch/gol22pin/02_long_read_assemblies/analysis_and_temp_files/13_starship_clean/geneFinder/15207020594013885805/tmp_predict/7019422330607486957/tmp_search/12160448972889617585/aln_merged -v 3 

Time for processing: 0h 0m 0s 29ms
align /tsl/scratch/gol22pin/02_long_read_assemblies/analysis_and_temp_files/13_starship_clean/geneFinder/15207020594013885805/targets /tsl/scratch/gol22pin/02_long_read_assemblies/analysis_and_temp_files/13_starship_clean/geneFinder/15207020594013885805/tmp_predict/7019422330607486957/aa_6f /tsl/scratch/gol22pin/02_long_read_assemblies/analysis_and_temp_files/13_starship_clean/geneFinder/15207020594013885805/tmp_predict/7019422330607486957/tmp_search/12160448972889617585/aln_merged /tsl/scratch/gol22pin/02_long_read_assemblies/analysis_and_temp_files/13_starship_clean/geneFinder/15207020594013885805/tmp_predict/7019422330607486957/tmp_search/12160448972889617585/aln --sub-mat 'aa:blosum62.out,nucl:nucleotide.out' -a 0 --alignment-mode 2 --alignment-output-mode 0 --wrapped-scoring 0 -e 0.0918147 --min-seq-id 0 --min-aln-len 11 --seq-id-mode 0 --alt-ali 0 -c 0 --cov-mode 0 --max-seq-len 65535 --comp-bias-corr 1 --comp-bias-corr-scale 1 --max-rejected 2147483647 --max-accept 2147483647 --add-self-matches 0 --db-load-mode 0 --pca substitution:1.100,context:1.400 --pcb substitution:4.100,context:5.800 --score-bias 0 --realign 0 --realign-score-bias -0.2 --realign-max-seqs 2147483647 --corr-score-weight 0 --gap-open aa:11,nucl:5 --gap-extend aa:1,nucl:2 --zdrop 40 --threads 10 --compressed 1 -v 3 

Compute score and coverage
Query database size: 1222 type: Aminoacid
Target database size: 1121976 type: Aminoacid
Calculation of alignments
[=================================================================] 1.22K 0s 100ms
Time for merging to aln: 0h 0m 0s 43ms
3029 alignments calculated
3029 sequence pairs passed the thresholds (1.000000 of overall calculated)
2.478724 hits per query sequence
Time for processing: 0h 0m 0s 327ms
rmdb /tsl/scratch/gol22pin/02_long_read_assemblies/analysis_and_temp_files/13_starship_clean/geneFinder/15207020594013885805/tmp_predict/7019422330607486957/tmp_search/12160448972889617585/aln_merged -v 3 

Time for processing: 0h 0m 0s 19ms
swapresults /tsl/scratch/gol22pin/02_long_read_assemblies/analysis_and_temp_files/13_starship_clean/geneFinder/15207020594013885805/targets /tsl/scratch/gol22pin/02_long_read_assemblies/analysis_and_temp_files/13_starship_clean/geneFinder/15207020594013885805/tmp_predict/7019422330607486957/aa_6f /tsl/scratch/gol22pin/02_long_read_assemblies/analysis_and_temp_files/13_starship_clean/geneFinder/15207020594013885805/tmp_predict/7019422330607486957/tmp_search/12160448972889617585/aln /tsl/scratch/gol22pin/02_long_read_assemblies/analysis_and_temp_files/13_starship_clean/geneFinder/15207020594013885805/tmp_predict/7019422330607486957/search_res --sub-mat 'aa:blosum62.out,nucl:nucleotide.out' -e 1.79769e+308 --split-memory-limit 0 --gap-open aa:11,nucl:5 --gap-extend aa:1,nucl:2 --threads 10 --compressed 1 --db-load-mode 0 -v 3 

Computing offsets.
[=================================================================] 1.22K 0s 7ms

Reading results.
[=================================================================] 1.22K 0s 0ms

Output database: /tsl/scratch/gol22pin/02_long_read_assemblies/analysis_and_temp_files/13_starship_clean/geneFinder/15207020594013885805/tmp_predict/7019422330607486957/search_res
[=================================================================] 1.12M 0s 635ms

Time for merging to search_res: 0h 0m 0s 593ms
Time for processing: 0h 0m 1s 460ms
rmdb /tsl/scratch/gol22pin/02_long_read_assemblies/analysis_and_temp_files/13_starship_clean/geneFinder/15207020594013885805/tmp_predict/7019422330607486957/tmp_search/12160448972889617585/aln_merged -v 3 

Time for processing: 0h 0m 0s 0ms
rmdb /tsl/scratch/gol22pin/02_long_read_assemblies/analysis_and_temp_files/13_starship_clean/geneFinder/15207020594013885805/tmp_predict/7019422330607486957/tmp_search/12160448972889617585/profileDB -v 3 

Time for processing: 0h 0m 0s 8ms
resultspercontig /tsl/scratch/gol22pin/02_long_read_assemblies/analysis_and_temp_files/13_starship_clean/geneFinder/15207020594013885805/contigs /tsl/scratch/gol22pin/02_long_read_assemblies/analysis_and_temp_files/13_starship_clean/geneFinder/15207020594013885805/tmp_predict/7019422330607486957/nucl_6f /tsl/scratch/gol22pin/02_long_read_assemblies/analysis_and_temp_files/13_starship_clean/geneFinder/15207020594013885805/tmp_predict/7019422330607486957/search_res /tsl/scratch/gol22pin/02_long_read_assemblies/analysis_and_temp_files/13_starship_clean/geneFinder/15207020594013885805/tmp_predict/7019422330607486957/search_res_by_contig --threads 10 --compressed 1 -v 3 

Computing ORF lookup
Computing contig offsets
Computing contig lookup
Time for contig lookup: 0h 0m 0s 117ms
[=================================================================] 15 0s 173ms
Time for merging to search_res_by_contig: 0h 0m 0s 57ms
Time for processing: 0h 0m 0s 649ms
collectoptimalset /tsl/scratch/gol22pin/02_long_read_assemblies/analysis_and_temp_files/13_starship_clean/geneFinder/15207020594013885805/tmp_predict/7019422330607486957/search_res_by_contig /tsl/scratch/gol22pin/02_long_read_assemblies/analysis_and_temp_files/13_starship_clean/geneFinder/15207020594013885805/targets /tsl/scratch/gol22pin/02_long_read_assemblies/analysis_and_temp_files/13_starship_clean/geneFinder/15207020594013885805/tmp_predict/7019422330607486957/dp_predictions --metaeuk-eval 0.001 --metaeuk-tcov 0.25 --max-intron 2000 --min-intron 15 --min-exon-aa 11 --max-overlap 10 --max-exon-sets 1 --set-gap-open -1 --set-gap-extend -1 --score-bias 0 --threads 10 --compressed 1 -v 3 

[=================================================================] 15 0s 18ms
Time for merging to dp_predictions: 0h 0m 0s 42ms
Time for processing: 0h 0m 0s 118ms
mvdb /tsl/scratch/gol22pin/02_long_read_assemblies/analysis_and_temp_files/13_starship_clean/geneFinder/15207020594013885805/tmp_predict/7019422330607486957/dp_predictions analysis_and_temp_files/13_starship_clean/geneFinder/15207020594013885805/MetaEuk_calls 

Time for processing: 0h 0m 0s 29ms
Removing temporary files from /tsl/scratch/gol22pin/02_long_read_assemblies/analysis_and_temp_files/13_starship_clean/geneFinder/15207020594013885805/tmp_predict/7019422330607486957
rm: descend into write-protected directory '/tsl/scratch/gol22pin/02_long_read_assemblies/analysis_and_temp_files/13_starship_clean/geneFinder/15207020594013885805/tmp_predict/7019422330607486957/tmp_search'? reduceredundancy analysis_and_temp_files/13_starship_clean/geneFinder/15207020594013885805/MetaEuk_calls analysis_and_temp_files/13_starship_clean/geneFinder/15207020594013885805/MetaEuk_preds analysis_and_temp_files/13_starship_clean/geneFinder/15207020594013885805/MetaEuk_preds_clust --overlap 0 --threads 10 --compressed 1 -v 3 

[=================================================================] 15 0s 13ms
Time for merging to MetaEuk_preds_clust: 0h 0m 0s 42ms
Time for merging to MetaEuk_preds: 0h 0m 0s 40ms
Time for processing: 0h 0m 0s 221ms
unitesetstofasta analysis_and_temp_files/13_starship_clean/geneFinder/15207020594013885805/contigs analysis_and_temp_files/13_starship_clean/geneFinder/15207020594013885805/targets analysis_and_temp_files/13_starship_clean/geneFinder/15207020594013885805/MetaEuk_preds analysis_and_temp_files/13_starship_clean/geneFinder/metaeukData/SAMEA115359166 --protein 1 --translation-table 1 --target-key 0 --write-frag-coords 0 --max-seq-len 65535 --threads 10 -v 3 

[=================================================================] 15 0s 78ms
Time for merging to SAMEA115359166.fas: 0h 0m 0s 51ms
Time for merging to SAMEA115359166.codon.fas: 0h 0m 0s 53ms
Time for merging to SAMEA115359166.headersMap.tsv: 0h 0m 0s 56ms
Time for merging to SAMEA115359166.gff: 0h 0m 0s 55ms
Time for processing: 0h 0m 0s 490ms
